

================================================================
== Vivado HLS Report for 'exp_generic_double_s'
================================================================
* Date:           Fri Mar 28 13:00:07 2025

* Version:        2018.3 (Build 2405991 on Thu Dec 06 23:56:15 MST 2018)
* Project:        lstm_hls
* Solution:       solution1
* Product family: zynq
* Target device:  xc7z020clg400-1


================================================================
== Performance Estimates
================================================================
+ Timing (ns): 
    * Summary: 
    +--------+-------+----------+------------+
    |  Clock | Target| Estimated| Uncertainty|
    +--------+-------+----------+------------+
    |ap_clk  |  10.00|     9.514|        1.25|
    +--------+-------+----------+------------+

+ Latency (clock cycles): 
    * Summary: 
    +-----+-----+-----+-----+----------+
    |  Latency  |  Interval | Pipeline |
    | min | max | min | max |   Type   |
    +-----+-----+-----+-----+----------+
    |   19|   19|    1|    1| function |
    +-----+-----+-----+-----+----------+

    + Detail: 
        * Instance: 
        N/A

        * Loop: 
        N/A

============================================================
+ Verbose Summary: Synthesis Manager
============================================================
InlineROM: 1
ExposeGlobal: 0
============================================================
+ Verbose Summary: CDFG Model
============================================================
IsTopModel: 0
ResetActiveHigh: 1
IsCombinational: 0
IsDatapathOnly: 0
HasWiredReturn: 1
HasMFsm: 2
HasVarLatency: 0
IsPipeline: 1
IsRtlPipelined: 1
IsInstanceOverlapped: 0
IsDontTouch: 0
HasImplIP: 0
IsGatedGlobalClock: 0

+ Individual pipeline summary: 
  * Pipeline-0: initiation interval (II) = 1, depth = 20


============================================================
+ Verbose Summary: Schedule
============================================================
* Number of FSM states : 20
* Pipeline : 1
  Pipeline-0 : II = 1, D = 20, States = { 1 2 3 4 5 6 7 8 9 10 11 12 13 14 15 16 17 18 19 20 }
* Dataflow Pipeline: 0

* FSM state transitions: 
1 --> 
	2  / true
2 --> 
	3  / true
3 --> 
	4  / true
4 --> 
	5  / true
5 --> 
	6  / true
6 --> 
	7  / true
7 --> 
	8  / true
8 --> 
	9  / true
9 --> 
	10  / true
10 --> 
	11  / true
11 --> 
	12  / true
12 --> 
	13  / true
13 --> 
	14  / true
14 --> 
	15  / true
15 --> 
	16  / true
16 --> 
	17  / true
17 --> 
	18  / true
18 --> 
	19  / true
19 --> 
	20  / true
20 --> 

* FSM state operations: 

State 1 <SV = 0> <Delay = 4.21>
ST_1 : Operation 21 [1/1] (0.00ns)   --->   "%x_read = call double @_ssdm_op_Read.ap_auto.double(double %x) nounwind" [r:/builds/2018.3/continuous/2018_12_06_2405991/src/products/hls/hls_lib/hlsmath/include/FloatingPoint\hls_exp_.h:184]   --->   Operation 21 'read' 'x_read' <Predicate = true> <Delay = 0.00>
ST_1 : Operation 22 [1/1] (0.00ns)   --->   "%p_Val2_s = bitcast double %x_read to i64" [r:/builds/2018.3/continuous/2018_12_06_2405991/src/products/hls/hls_lib/src/hls\utils/x_hls_utils.h:475->r:/builds/2018.3/continuous/2018_12_06_2405991/src/products/hls/hls_lib/src/hls\utils/x_hls_utils.h:479->r:/builds/2018.3/continuous/2018_12_06_2405991/src/products/hls/hls_lib/hlsmath/include/FloatingPoint\hls_exp_.h:188]   --->   Operation 22 'bitcast' 'p_Val2_s' <Predicate = true> <Delay = 0.00>
ST_1 : Operation 23 [1/1] (0.00ns)   --->   "%p_Result_23 = call i1 @_ssdm_op_BitSelect.i1.i64.i32(i64 %p_Val2_s, i32 63)" [r:/builds/2018.3/continuous/2018_12_06_2405991/src/products/hls/hls_lib/src/hls\utils/x_hls_utils.h:475->r:/builds/2018.3/continuous/2018_12_06_2405991/src/products/hls/hls_lib/src/hls\utils/x_hls_utils.h:479->r:/builds/2018.3/continuous/2018_12_06_2405991/src/products/hls/hls_lib/hlsmath/include/FloatingPoint\hls_exp_.h:188]   --->   Operation 23 'bitselect' 'p_Result_23' <Predicate = true> <Delay = 0.00>
ST_1 : Operation 24 [1/1] (0.00ns)   --->   "%tmp_V = call i11 @_ssdm_op_PartSelect.i11.i64.i32.i32(i64 %p_Val2_s, i32 52, i32 62)" [r:/builds/2018.3/continuous/2018_12_06_2405991/src/products/hls/hls_lib/src/hls\utils/x_hls_utils.h:477->r:/builds/2018.3/continuous/2018_12_06_2405991/src/products/hls/hls_lib/src/hls\utils/x_hls_utils.h:479->r:/builds/2018.3/continuous/2018_12_06_2405991/src/products/hls/hls_lib/hlsmath/include/FloatingPoint\hls_exp_.h:188]   --->   Operation 24 'partselect' 'tmp_V' <Predicate = true> <Delay = 0.00>
ST_1 : Operation 25 [1/1] (0.00ns)   --->   "%tmp_V_3 = trunc i64 %p_Val2_s to i52" [r:/builds/2018.3/continuous/2018_12_06_2405991/src/products/hls/hls_lib/src/hls\utils/x_hls_utils.h:478->r:/builds/2018.3/continuous/2018_12_06_2405991/src/products/hls/hls_lib/src/hls\utils/x_hls_utils.h:479->r:/builds/2018.3/continuous/2018_12_06_2405991/src/products/hls/hls_lib/hlsmath/include/FloatingPoint/hls_isnan.h:16->r:/builds/2018.3/continuous/2018_12_06_2405991/src/products/hls/hls_lib/hlsmath/include/FloatingPoint\hls_exp_.h:208]   --->   Operation 25 'trunc' 'tmp_V_3' <Predicate = true> <Delay = 0.00>
ST_1 : Operation 26 [1/1] (2.89ns)   --->   "%tmp_i_86 = icmp ne i52 %tmp_V_3, 0" [r:/builds/2018.3/continuous/2018_12_06_2405991/src/products/hls/hls_lib/hlsmath/include/FloatingPoint/hls_isnan.h:17->r:/builds/2018.3/continuous/2018_12_06_2405991/src/products/hls/hls_lib/hlsmath/include/FloatingPoint\hls_exp_.h:208]   --->   Operation 26 'icmp' 'tmp_i_86' <Predicate = true> <Delay = 2.89> <Core = "Cmp">   --->   Core 25 'Cmp' <Latency = 0> <II = 1> <Delay = 2.09> <FuncUnit> <Opcode : 'icmp'> <InPorts = 2> <OutPorts = 1>
ST_1 : Operation 27 [1/1] (2.89ns)   --->   "%tmp_i1 = icmp eq i52 %tmp_V_3, 0" [r:/builds/2018.3/continuous/2018_12_06_2405991/src/products/hls/hls_lib/hlsmath/include/FloatingPoint/hls_isinf.h:17->r:/builds/2018.3/continuous/2018_12_06_2405991/src/products/hls/hls_lib/hlsmath/include/FloatingPoint\hls_exp_.h:209]   --->   Operation 27 'icmp' 'tmp_i1' <Predicate = true> <Delay = 2.89> <Core = "Cmp">   --->   Core 25 'Cmp' <Latency = 0> <II = 1> <Delay = 2.09> <FuncUnit> <Opcode : 'icmp'> <InPorts = 2> <OutPorts = 1>
ST_1 : Operation 28 [1/1] (0.00ns)   --->   "%p_Result_s = call i54 @_ssdm_op_BitConcatenate.i54.i2.i52(i2 1, i52 %tmp_V_3)" [r:/builds/2018.3/continuous/2018_12_06_2405991/src/products/hls/hls_lib/hlsmath/include/FloatingPoint\hls_exp_.h:251]   --->   Operation 28 'bitconcatenate' 'p_Result_s' <Predicate = true> <Delay = 0.00>
ST_1 : Operation 29 [1/1] (3.26ns)   --->   "%e_frac_V = sub i54 0, %p_Result_s" [r:/builds/2018.3/continuous/2018_12_06_2405991/src/products/hls/hls_lib/hlsmath/include/FloatingPoint\hls_exp_.h:252]   --->   Operation 29 'sub' 'e_frac_V' <Predicate = true> <Delay = 3.26> <Core = "AddSub">   --->   Core 14 'AddSub' <Latency = 0> <II = 1> <Delay = 1.63> <FuncUnit> <Opcode : 'add' 'sub'> <InPorts = 2> <OutPorts = 1>
ST_1 : Operation 30 [1/1] (0.94ns)   --->   "%tmp_21 = select i1 %p_Result_23, i54 %e_frac_V, i54 %p_Result_s" [r:/builds/2018.3/continuous/2018_12_06_2405991/src/products/hls/hls_lib/hlsmath/include/FloatingPoint\hls_exp_.h:252]   --->   Operation 30 'select' 'tmp_21' <Predicate = true> <Delay = 0.94> <Core = "Sel">   --->   Core 26 'Sel' <Latency = 0> <II = 1> <Delay = 1.48> <FuncUnit> <Opcode : 'select'> <InPorts = 3> <OutPorts = 1>
ST_1 : Operation 31 [1/1] (0.00ns)   --->   "%tmp_82 = call i1 @_ssdm_op_BitSelect.i1.i54.i32(i54 %tmp_21, i32 53)" [r:/builds/2018.3/continuous/2018_12_06_2405991/src/products/hls/hls_lib/hlsmath/include/FloatingPoint\hls_exp_.h:338]   --->   Operation 31 'bitselect' 'tmp_82' <Predicate = true> <Delay = 0.00>

State 2 <SV = 1> <Delay = 6.93>
ST_2 : Operation 32 [1/1] (1.88ns)   --->   "%tmp_i = icmp eq i11 %tmp_V, -1" [r:/builds/2018.3/continuous/2018_12_06_2405991/src/products/hls/hls_lib/hlsmath/include/FloatingPoint/hls_isnan.h:17->r:/builds/2018.3/continuous/2018_12_06_2405991/src/products/hls/hls_lib/hlsmath/include/FloatingPoint\hls_exp_.h:208]   --->   Operation 32 'icmp' 'tmp_i' <Predicate = true> <Delay = 1.88> <Core = "Cmp">   --->   Core 25 'Cmp' <Latency = 0> <II = 1> <Delay = 2.09> <FuncUnit> <Opcode : 'icmp'> <InPorts = 2> <OutPorts = 1>
ST_2 : Operation 33 [1/1] (0.97ns)   --->   "%not_demorgan = and i1 %tmp_i, %tmp_i_86" [r:/builds/2018.3/continuous/2018_12_06_2405991/src/products/hls/hls_lib/hlsmath/include/FloatingPoint\hls_exp_.h:208]   --->   Operation 33 'and' 'not_demorgan' <Predicate = true> <Delay = 0.97> <Core = "LogicGate">   --->   Core 27 'LogicGate' <Latency = 0> <II = 1> <Delay = 0.97> <FuncUnit> <Opcode : 'and' 'or' 'xor'> <InPorts = 2> <OutPorts = 1>
ST_2 : Operation 34 [1/1] (0.97ns)   --->   "%tmp_13_i = and i1 %tmp_i, %tmp_i1" [r:/builds/2018.3/continuous/2018_12_06_2405991/src/products/hls/hls_lib/hlsmath/include/FloatingPoint/hls_isinf.h:17->r:/builds/2018.3/continuous/2018_12_06_2405991/src/products/hls/hls_lib/hlsmath/include/FloatingPoint\hls_exp_.h:209]   --->   Operation 34 'and' 'tmp_13_i' <Predicate = true> <Delay = 0.97> <Core = "LogicGate">   --->   Core 27 'LogicGate' <Latency = 0> <II = 1> <Delay = 0.97> <FuncUnit> <Opcode : 'and' 'or' 'xor'> <InPorts = 2> <OutPorts = 1>
ST_2 : Operation 35 [1/1] (0.00ns)   --->   "%tmp_i53_cast = zext i11 %tmp_V to i12" [r:/builds/2018.3/continuous/2018_12_06_2405991/src/products/hls/hls_lib/src/hls\utils/x_hls_utils.h:502->r:/builds/2018.3/continuous/2018_12_06_2405991/src/products/hls/hls_lib/hlsmath/include/FloatingPoint\hls_exp_.h:236]   --->   Operation 35 'zext' 'tmp_i53_cast' <Predicate = true> <Delay = 0.00>
ST_2 : Operation 36 [1/1] (1.63ns)   --->   "%m_exp = add i12 -1023, %tmp_i53_cast" [r:/builds/2018.3/continuous/2018_12_06_2405991/src/products/hls/hls_lib/src/hls\utils/x_hls_utils.h:502->r:/builds/2018.3/continuous/2018_12_06_2405991/src/products/hls/hls_lib/hlsmath/include/FloatingPoint\hls_exp_.h:236]   --->   Operation 36 'add' 'm_exp' <Predicate = true> <Delay = 1.63> <Core = "AddSub">   --->   Core 14 'AddSub' <Latency = 0> <II = 1> <Delay = 1.63> <FuncUnit> <Opcode : 'add' 'sub'> <InPorts = 2> <OutPorts = 1>
ST_2 : Operation 37 [1/1] (0.00ns)   --->   "%m_frac_l_V = call i61 @_ssdm_op_BitConcatenate.i61.i54.i7(i54 %tmp_21, i7 0)" [r:/builds/2018.3/continuous/2018_12_06_2405991/src/products/hls/hls_lib/hlsmath/include/FloatingPoint\hls_exp_.h:255]   --->   Operation 37 'bitconcatenate' 'm_frac_l_V' <Predicate = true> <Delay = 0.00>
ST_2 : Operation 38 [1/1] (0.00ns)   --->   "%m_frac_l_V_2_cast = sext i61 %m_frac_l_V to i71" [r:/builds/2018.3/continuous/2018_12_06_2405991/src/products/hls/hls_lib/hlsmath/include/FloatingPoint\hls_exp_.h:255]   --->   Operation 38 'sext' 'm_frac_l_V_2_cast' <Predicate = true> <Delay = 0.00>
ST_2 : Operation 39 [1/1] (0.00ns)   --->   "%isNeg = call i1 @_ssdm_op_BitSelect.i1.i12.i32(i12 %m_exp, i32 11)" [r:/builds/2018.3/continuous/2018_12_06_2405991/src/products/hls/hls_lib/hlsmath/include/FloatingPoint\hls_exp_.h:257]   --->   Operation 39 'bitselect' 'isNeg' <Predicate = true> <Delay = 0.00>
ST_2 : Operation 40 [1/1] (1.63ns)   --->   "%tmp_s = sub i11 1023, %tmp_V" [r:/builds/2018.3/continuous/2018_12_06_2405991/src/products/hls/hls_lib/hlsmath/include/FloatingPoint\hls_exp_.h:257]   --->   Operation 40 'sub' 'tmp_s' <Predicate = true> <Delay = 1.63> <Core = "AddSub">   --->   Core 14 'AddSub' <Latency = 0> <II = 1> <Delay = 1.63> <FuncUnit> <Opcode : 'add' 'sub'> <InPorts = 2> <OutPorts = 1>
ST_2 : Operation 41 [1/1] (0.00ns)   --->   "%tmp_45_cast = sext i11 %tmp_s to i12" [r:/builds/2018.3/continuous/2018_12_06_2405991/src/products/hls/hls_lib/hlsmath/include/FloatingPoint\hls_exp_.h:257]   --->   Operation 41 'sext' 'tmp_45_cast' <Predicate = true> <Delay = 0.00>
ST_2 : Operation 42 [1/1] (0.69ns)   --->   "%m_exp_2 = select i1 %isNeg, i12 %tmp_45_cast, i12 %m_exp" [r:/builds/2018.3/continuous/2018_12_06_2405991/src/products/hls/hls_lib/hlsmath/include/FloatingPoint\hls_exp_.h:257]   --->   Operation 42 'select' 'm_exp_2' <Predicate = true> <Delay = 0.69> <Core = "Sel">   --->   Core 26 'Sel' <Latency = 0> <II = 1> <Delay = 1.48> <FuncUnit> <Opcode : 'select'> <InPorts = 3> <OutPorts = 1>
ST_2 : Operation 43 [1/1] (0.00ns)   --->   "%m_exp_1_cast = sext i12 %m_exp_2 to i32" [r:/builds/2018.3/continuous/2018_12_06_2405991/src/products/hls/hls_lib/hlsmath/include/FloatingPoint\hls_exp_.h:257]   --->   Operation 43 'sext' 'm_exp_1_cast' <Predicate = true> <Delay = 0.00>
ST_2 : Operation 44 [1/1] (0.00ns) (grouped into LUT with out node r_V_13)   --->   "%tmp_13 = zext i32 %m_exp_1_cast to i71" [r:/builds/2018.3/continuous/2018_12_06_2405991/src/products/hls/hls_lib/hlsmath/include/FloatingPoint\hls_exp_.h:257]   --->   Operation 44 'zext' 'tmp_13' <Predicate = true> <Delay = 0.00>
ST_2 : Operation 45 [1/1] (0.00ns) (grouped into LUT with out node r_V_13)   --->   "%tmp_46_cast = zext i32 %m_exp_1_cast to i61" [r:/builds/2018.3/continuous/2018_12_06_2405991/src/products/hls/hls_lib/hlsmath/include/FloatingPoint\hls_exp_.h:257]   --->   Operation 45 'zext' 'tmp_46_cast' <Predicate = true> <Delay = 0.00>
ST_2 : Operation 46 [1/1] (0.00ns) (grouped into LUT with out node r_V_13)   --->   "%r_V = ashr i61 %m_frac_l_V, %tmp_46_cast" [r:/builds/2018.3/continuous/2018_12_06_2405991/src/products/hls/hls_lib/hlsmath/include/FloatingPoint\hls_exp_.h:257]   --->   Operation 46 'ashr' 'r_V' <Predicate = true> <Delay = 0.00> <Core = "Shift">   --->   Core 28 'Shift' <Latency = 0> <II = 1> <Delay = 4.59> <FuncUnit> <Opcode : 'shl' 'lshr' 'ashr'> <InPorts = 2> <OutPorts = 1>
ST_2 : Operation 47 [1/1] (0.00ns) (grouped into LUT with out node r_V_13)   --->   "%r_V_cast = sext i61 %r_V to i71" [r:/builds/2018.3/continuous/2018_12_06_2405991/src/products/hls/hls_lib/hlsmath/include/FloatingPoint\hls_exp_.h:257]   --->   Operation 47 'sext' 'r_V_cast' <Predicate = true> <Delay = 0.00>
ST_2 : Operation 48 [1/1] (0.00ns) (grouped into LUT with out node r_V_13)   --->   "%r_V_1 = shl i71 %m_frac_l_V_2_cast, %tmp_13" [r:/builds/2018.3/continuous/2018_12_06_2405991/src/products/hls/hls_lib/hlsmath/include/FloatingPoint\hls_exp_.h:257]   --->   Operation 48 'shl' 'r_V_1' <Predicate = true> <Delay = 0.00> <Core = "Shift">   --->   Core 28 'Shift' <Latency = 0> <II = 1> <Delay = 4.59> <FuncUnit> <Opcode : 'shl' 'lshr' 'ashr'> <InPorts = 2> <OutPorts = 1>
ST_2 : Operation 49 [1/1] (4.60ns) (out node of the LUT)   --->   "%r_V_13 = select i1 %isNeg, i71 %r_V_cast, i71 %r_V_1" [r:/builds/2018.3/continuous/2018_12_06_2405991/src/products/hls/hls_lib/hlsmath/include/FloatingPoint\hls_exp_.h:257]   --->   Operation 49 'select' 'r_V_13' <Predicate = true> <Delay = 4.60> <Core = "Sel">   --->   Core 26 'Sel' <Latency = 0> <II = 1> <Delay = 1.48> <FuncUnit> <Opcode : 'select'> <InPorts = 3> <OutPorts = 1>
ST_2 : Operation 50 [1/1] (0.00ns)   --->   "%m_fix_l_V = call i64 @_ssdm_op_PartSelect.i64.i71.i32.i32(i71 %r_V_13, i32 7, i32 70)" [r:/builds/2018.3/continuous/2018_12_06_2405991/src/products/hls/hls_lib/hlsmath/include/FloatingPoint\hls_exp_.h:257]   --->   Operation 50 'partselect' 'm_fix_l_V' <Predicate = true> <Delay = 0.00>
ST_2 : Operation 51 [1/1] (0.00ns)   --->   "%m_fix_hi_V = call i16 @_ssdm_op_PartSelect.i16.i71.i32.i32(i71 %r_V_13, i32 55, i32 70)" [r:/builds/2018.3/continuous/2018_12_06_2405991/src/products/hls/hls_lib/hlsmath/include/FloatingPoint\hls_exp_.h:263]   --->   Operation 51 'partselect' 'm_fix_hi_V' <Predicate = true> <Delay = 0.00>
ST_2 : Operation 52 [1/1] (0.00ns)   --->   "%p_Result_24 = call i1 @_ssdm_op_BitSelect.i1.i71.i32(i71 %r_V_13, i32 70)" [r:/builds/2018.3/continuous/2018_12_06_2405991/src/products/hls/hls_lib/hlsmath/include/FloatingPoint\hls_exp_.h:268]   --->   Operation 52 'bitselect' 'p_Result_24' <Predicate = true> <Delay = 0.00>
ST_2 : Operation 53 [1/1] (1.99ns)   --->   "%tmp_22 = icmp sgt i12 %m_exp, 0" [r:/builds/2018.3/continuous/2018_12_06_2405991/src/products/hls/hls_lib/hlsmath/include/FloatingPoint\hls_exp_.h:337]   --->   Operation 53 'icmp' 'tmp_22' <Predicate = true> <Delay = 1.99> <Core = "Cmp">   --->   Core 25 'Cmp' <Latency = 0> <II = 1> <Delay = 2.09> <FuncUnit> <Opcode : 'icmp'> <InPorts = 2> <OutPorts = 1>

State 3 <SV = 2> <Delay = 9.51>
ST_3 : Operation 54 [1/1] (0.00ns)   --->   "%tmp_14 = zext i32 %m_exp_1_cast to i64" [r:/builds/2018.3/continuous/2018_12_06_2405991/src/products/hls/hls_lib/hlsmath/include/FloatingPoint\hls_exp_.h:258]   --->   Operation 54 'zext' 'tmp_14' <Predicate = true> <Delay = 0.00>
ST_3 : Operation 55 [1/1] (0.00ns) (grouped into LUT with out node tmp_24)   --->   "%r_V_3 = shl i64 %m_fix_l_V, %tmp_14" [r:/builds/2018.3/continuous/2018_12_06_2405991/src/products/hls/hls_lib/hlsmath/include/FloatingPoint\hls_exp_.h:258]   --->   Operation 55 'shl' 'r_V_3' <Predicate = (isNeg)> <Delay = 0.00> <Core = "Shift">   --->   Core 28 'Shift' <Latency = 0> <II = 1> <Delay = 4.59> <FuncUnit> <Opcode : 'shl' 'lshr' 'ashr'> <InPorts = 2> <OutPorts = 1>
ST_3 : Operation 56 [1/1] (0.00ns) (grouped into LUT with out node tmp_24)   --->   "%r_V_4 = ashr i64 %m_fix_l_V, %tmp_14" [r:/builds/2018.3/continuous/2018_12_06_2405991/src/products/hls/hls_lib/hlsmath/include/FloatingPoint\hls_exp_.h:258]   --->   Operation 56 'ashr' 'r_V_4' <Predicate = (!isNeg)> <Delay = 0.00> <Core = "Shift">   --->   Core 28 'Shift' <Latency = 0> <II = 1> <Delay = 4.59> <FuncUnit> <Opcode : 'shl' 'lshr' 'ashr'> <InPorts = 2> <OutPorts = 1>
ST_3 : Operation 57 [1/1] (0.00ns)   --->   "%r_V_5 = sext i16 %m_fix_hi_V to i31" [r:/builds/2018.3/continuous/2018_12_06_2405991/src/products/hls/hls_lib/hlsmath/include/FloatingPoint\hls_exp_.h:271]   --->   Operation 57 'sext' 'r_V_5' <Predicate = true> <Delay = 0.00>
ST_3 : Operation 58 [1/1] (3.36ns) (grouped into DSP with root node ret_V_4)   --->   "%r_V_14 = mul i31 23637, %r_V_5" [r:/builds/2018.3/continuous/2018_12_06_2405991/src/products/hls/hls_lib/hlsmath/include/FloatingPoint\hls_exp_.h:271]   --->   Operation 58 'mul' 'r_V_14' <Predicate = true> <Delay = 3.36> <Core = "DSP48">   --->   Core 65 'DSP48' <Latency = 0> <II = 1> <Delay = 6.38> <IPBlock> <Opcode : 'mul' 'add' 'sub' 'select'> <InPorts = 0> <OutPorts = 1> <Sync> <CReg>
ST_3 : Operation 59 [1/1] (0.00ns)   --->   "%rhs_V = call i19 @_ssdm_op_BitConcatenate.i19.i1.i18(i1 %p_Result_24, i18 -131072)" [r:/builds/2018.3/continuous/2018_12_06_2405991/src/products/hls/hls_lib/hlsmath/include/FloatingPoint\hls_exp_.h:271]   --->   Operation 59 'bitconcatenate' 'rhs_V' <Predicate = true> <Delay = 0.00>
ST_3 : Operation 60 [1/1] (0.00ns)   --->   "%rhs_V_2_cast = sext i19 %rhs_V to i31" [r:/builds/2018.3/continuous/2018_12_06_2405991/src/products/hls/hls_lib/hlsmath/include/FloatingPoint\hls_exp_.h:271]   --->   Operation 60 'sext' 'rhs_V_2_cast' <Predicate = true> <Delay = 0.00>
ST_3 : Operation 61 [1/1] (3.02ns) (root node of the DSP)   --->   "%ret_V_4 = add i31 %rhs_V_2_cast, %r_V_14" [r:/builds/2018.3/continuous/2018_12_06_2405991/src/products/hls/hls_lib/hlsmath/include/FloatingPoint\hls_exp_.h:271]   --->   Operation 61 'add' 'ret_V_4' <Predicate = true> <Delay = 3.02> <Core = "DSP48">   --->   Core 65 'DSP48' <Latency = 0> <II = 1> <Delay = 6.38> <IPBlock> <Opcode : 'mul' 'add' 'sub' 'select'> <InPorts = 0> <OutPorts = 1> <Sync> <CReg>
ST_3 : Operation 62 [1/1] (0.00ns)   --->   "%tmp_15 = call i13 @_ssdm_op_PartSelect.i13.i31.i32.i32(i31 %ret_V_4, i32 18, i32 30)" [r:/builds/2018.3/continuous/2018_12_06_2405991/src/products/hls/hls_lib/hlsmath/include/FloatingPoint\hls_exp_.h:271]   --->   Operation 62 'partselect' 'tmp_15' <Predicate = true> <Delay = 0.00>
ST_3 : Operation 63 [1/1] (0.00ns) (grouped into LUT with out node r_exp_V_3)   --->   "%p_Result_16 = call i1 @_ssdm_op_BitSelect.i1.i31.i32(i31 %ret_V_4, i32 30)" [r:/builds/2018.3/continuous/2018_12_06_2405991/src/products/hls/hls_lib/hlsmath/include/FloatingPoint\hls_exp_.h:271]   --->   Operation 63 'bitselect' 'p_Result_16' <Predicate = true> <Delay = 0.00>
ST_3 : Operation 64 [1/1] (0.00ns)   --->   "%tmp_77 = trunc i31 %ret_V_4 to i18" [r:/builds/2018.3/continuous/2018_12_06_2405991/src/products/hls/hls_lib/hlsmath/include/FloatingPoint\hls_exp_.h:271]   --->   Operation 64 'trunc' 'tmp_77' <Predicate = true> <Delay = 0.00>
ST_3 : Operation 65 [1/1] (2.43ns)   --->   "%tmp_16 = icmp eq i18 %tmp_77, 0" [r:/builds/2018.3/continuous/2018_12_06_2405991/src/products/hls/hls_lib/hlsmath/include/FloatingPoint\hls_exp_.h:271]   --->   Operation 65 'icmp' 'tmp_16' <Predicate = true> <Delay = 2.43> <Core = "Cmp">   --->   Core 25 'Cmp' <Latency = 0> <II = 1> <Delay = 2.09> <FuncUnit> <Opcode : 'icmp'> <InPorts = 2> <OutPorts = 1>
ST_3 : Operation 66 [1/1] (1.67ns)   --->   "%ret_V_3 = add i13 1, %tmp_15" [r:/builds/2018.3/continuous/2018_12_06_2405991/src/products/hls/hls_lib/hlsmath/include/FloatingPoint\hls_exp_.h:271]   --->   Operation 66 'add' 'ret_V_3' <Predicate = true> <Delay = 1.67> <Core = "AddSub">   --->   Core 14 'AddSub' <Latency = 0> <II = 1> <Delay = 1.63> <FuncUnit> <Opcode : 'add' 'sub'> <InPorts = 2> <OutPorts = 1>
ST_3 : Operation 67 [1/1] (0.00ns) (grouped into LUT with out node r_exp_V_3)   --->   "%p_s = select i1 %tmp_16, i13 %tmp_15, i13 %ret_V_3" [r:/builds/2018.3/continuous/2018_12_06_2405991/src/products/hls/hls_lib/hlsmath/include/FloatingPoint\hls_exp_.h:271]   --->   Operation 67 'select' 'p_s' <Predicate = true> <Delay = 0.00> <Core = "Sel">   --->   Core 26 'Sel' <Latency = 0> <II = 1> <Delay = 1.48> <FuncUnit> <Opcode : 'select'> <InPorts = 3> <OutPorts = 1>
ST_3 : Operation 68 [1/1] (0.69ns) (out node of the LUT)   --->   "%r_exp_V_3 = select i1 %p_Result_16, i13 %p_s, i13 %tmp_15" [r:/builds/2018.3/continuous/2018_12_06_2405991/src/products/hls/hls_lib/hlsmath/include/FloatingPoint\hls_exp_.h:271]   --->   Operation 68 'select' 'r_exp_V_3' <Predicate = true> <Delay = 0.69> <Core = "Sel">   --->   Core 26 'Sel' <Latency = 0> <II = 1> <Delay = 1.48> <FuncUnit> <Opcode : 'select'> <InPorts = 3> <OutPorts = 1>
ST_3 : Operation 69 [1/1] (0.00ns) (grouped into LUT with out node tmp_24)   --->   "%tmp_40 = select i1 %isNeg, i64 %r_V_3, i64 %r_V_4" [r:/builds/2018.3/continuous/2018_12_06_2405991/src/products/hls/hls_lib/hlsmath/include/FloatingPoint\hls_exp_.h:258]   --->   Operation 69 'select' 'tmp_40' <Predicate = true> <Delay = 0.00> <Core = "Sel">   --->   Core 26 'Sel' <Latency = 0> <II = 1> <Delay = 1.48> <FuncUnit> <Opcode : 'select'> <InPorts = 3> <OutPorts = 1>
ST_3 : Operation 70 [1/1] (0.00ns) (grouped into LUT with out node tmp_24)   --->   "%tmp_23 = call i71 @_ssdm_op_BitConcatenate.i71.i64.i7(i64 %tmp_40, i7 0)" [r:/builds/2018.3/continuous/2018_12_06_2405991/src/products/hls/hls_lib/hlsmath/include/FloatingPoint\hls_exp_.h:337]   --->   Operation 70 'bitconcatenate' 'tmp_23' <Predicate = true> <Delay = 0.00>
ST_3 : Operation 71 [1/1] (4.59ns) (out node of the LUT)   --->   "%tmp_24 = icmp ne i71 %tmp_23, %m_frac_l_V_2_cast" [r:/builds/2018.3/continuous/2018_12_06_2405991/src/products/hls/hls_lib/hlsmath/include/FloatingPoint\hls_exp_.h:337]   --->   Operation 71 'icmp' 'tmp_24' <Predicate = true> <Delay = 4.59> <Core = "Cmp">   --->   Core 25 'Cmp' <Latency = 0> <II = 1> <Delay = 2.09> <FuncUnit> <Opcode : 'icmp'> <InPorts = 2> <OutPorts = 1>

State 4 <SV = 3> <Delay = 6.97>
ST_4 : Operation 72 [1/1] (0.00ns)   --->   "%r_V_7 = sext i13 %r_exp_V_3 to i84" [r:/builds/2018.3/continuous/2018_12_06_2405991/src/products/hls/hls_lib/hlsmath/include/FloatingPoint\hls_exp_.h:277]   --->   Operation 72 'sext' 'r_V_7' <Predicate = true> <Delay = 0.00>
ST_4 : Operation 73 [5/5] (6.97ns)   --->   "%r_V_15 = mul nsw i84 1636647506585939924452, %r_V_7" [r:/builds/2018.3/continuous/2018_12_06_2405991/src/products/hls/hls_lib/hlsmath/include/FloatingPoint\hls_exp_.h:277]   --->   Operation 73 'mul' 'r_V_15' <Predicate = true> <Delay = 6.97> <Core = "MulnS">   --->   Core 17 'MulnS' <Latency = 1> <II = 1> <Delay = 8.62> <FuncUnit> <Opcode : 'mul'> <InPorts = 2> <OutPorts = 1>

State 5 <SV = 4> <Delay = 6.97>
ST_5 : Operation 74 [4/5] (6.97ns)   --->   "%r_V_15 = mul nsw i84 1636647506585939924452, %r_V_7" [r:/builds/2018.3/continuous/2018_12_06_2405991/src/products/hls/hls_lib/hlsmath/include/FloatingPoint\hls_exp_.h:277]   --->   Operation 74 'mul' 'r_V_15' <Predicate = true> <Delay = 6.97> <Core = "MulnS">   --->   Core 17 'MulnS' <Latency = 1> <II = 1> <Delay = 8.62> <FuncUnit> <Opcode : 'mul'> <InPorts = 2> <OutPorts = 1>

State 6 <SV = 5> <Delay = 6.97>
ST_6 : Operation 75 [3/5] (6.97ns)   --->   "%r_V_15 = mul nsw i84 1636647506585939924452, %r_V_7" [r:/builds/2018.3/continuous/2018_12_06_2405991/src/products/hls/hls_lib/hlsmath/include/FloatingPoint\hls_exp_.h:277]   --->   Operation 75 'mul' 'r_V_15' <Predicate = true> <Delay = 6.97> <Core = "MulnS">   --->   Core 17 'MulnS' <Latency = 1> <II = 1> <Delay = 8.62> <FuncUnit> <Opcode : 'mul'> <InPorts = 2> <OutPorts = 1>

State 7 <SV = 6> <Delay = 6.97>
ST_7 : Operation 76 [2/5] (6.97ns)   --->   "%r_V_15 = mul nsw i84 1636647506585939924452, %r_V_7" [r:/builds/2018.3/continuous/2018_12_06_2405991/src/products/hls/hls_lib/hlsmath/include/FloatingPoint\hls_exp_.h:277]   --->   Operation 76 'mul' 'r_V_15' <Predicate = true> <Delay = 6.97> <Core = "MulnS">   --->   Core 17 'MulnS' <Latency = 1> <II = 1> <Delay = 8.62> <FuncUnit> <Opcode : 'mul'> <InPorts = 2> <OutPorts = 1>

State 8 <SV = 7> <Delay = 6.97>
ST_8 : Operation 77 [1/5] (6.97ns)   --->   "%r_V_15 = mul nsw i84 1636647506585939924452, %r_V_7" [r:/builds/2018.3/continuous/2018_12_06_2405991/src/products/hls/hls_lib/hlsmath/include/FloatingPoint\hls_exp_.h:277]   --->   Operation 77 'mul' 'r_V_15' <Predicate = true> <Delay = 6.97> <Core = "MulnS">   --->   Core 17 'MulnS' <Latency = 1> <II = 1> <Delay = 8.62> <FuncUnit> <Opcode : 'mul'> <InPorts = 2> <OutPorts = 1>
ST_8 : Operation 78 [1/1] (0.00ns)   --->   "%tmp_25 = call i71 @_ssdm_op_PartSelect.i71.i84.i32.i32(i84 %r_V_15, i32 13, i32 83)" [r:/builds/2018.3/continuous/2018_12_06_2405991/src/products/hls/hls_lib/hlsmath/include/FloatingPoint\hls_exp_.h:277]   --->   Operation 78 'partselect' 'tmp_25' <Predicate = true> <Delay = 0.00>

State 9 <SV = 8> <Delay = 7.00>
ST_9 : Operation 79 [1/1] (0.00ns)   --->   "%lhs_V = sext i71 %r_V_13 to i73" [r:/builds/2018.3/continuous/2018_12_06_2405991/src/products/hls/hls_lib/hlsmath/include/FloatingPoint\hls_exp_.h:283]   --->   Operation 79 'sext' 'lhs_V' <Predicate = true> <Delay = 0.00>
ST_9 : Operation 80 [1/1] (0.00ns)   --->   "%rhs_V_1 = call i72 @_ssdm_op_BitConcatenate.i72.i71.i1(i71 %tmp_25, i1 false)" [r:/builds/2018.3/continuous/2018_12_06_2405991/src/products/hls/hls_lib/hlsmath/include/FloatingPoint\hls_exp_.h:283]   --->   Operation 80 'bitconcatenate' 'rhs_V_1' <Predicate = true> <Delay = 0.00>
ST_9 : Operation 81 [1/1] (0.00ns)   --->   "%rhs_V_4_cast = sext i72 %rhs_V_1 to i73" [r:/builds/2018.3/continuous/2018_12_06_2405991/src/products/hls/hls_lib/hlsmath/include/FloatingPoint\hls_exp_.h:283]   --->   Operation 81 'sext' 'rhs_V_4_cast' <Predicate = true> <Delay = 0.00>
ST_9 : Operation 82 [1/1] (3.74ns)   --->   "%ret_V_5 = sub nsw i73 %lhs_V, %rhs_V_4_cast" [r:/builds/2018.3/continuous/2018_12_06_2405991/src/products/hls/hls_lib/hlsmath/include/FloatingPoint\hls_exp_.h:283]   --->   Operation 82 'sub' 'ret_V_5' <Predicate = true> <Delay = 3.74> <Core = "AddSub">   --->   Core 14 'AddSub' <Latency = 0> <II = 1> <Delay = 1.63> <FuncUnit> <Opcode : 'add' 'sub'> <InPorts = 2> <OutPorts = 1>
ST_9 : Operation 83 [1/1] (0.00ns)   --->   "%m_diff_hi_V = call i8 @_ssdm_op_PartSelect.i8.i73.i32.i32(i73 %ret_V_5, i32 51, i32 58)" [r:/builds/2018.3/continuous/2018_12_06_2405991/src/products/hls/hls_lib/hlsmath/include/FloatingPoint\hls_exp_.h:314]   --->   Operation 83 'partselect' 'm_diff_hi_V' <Predicate = true> <Delay = 0.00>
ST_9 : Operation 84 [1/1] (0.00ns)   --->   "%Z2_V = call i8 @_ssdm_op_PartSelect.i8.i73.i32.i32(i73 %ret_V_5, i32 43, i32 50)" [r:/builds/2018.3/continuous/2018_12_06_2405991/src/products/hls/hls_lib/hlsmath/include/FloatingPoint\hls_exp_.h:124->r:/builds/2018.3/continuous/2018_12_06_2405991/src/products/hls/hls_lib/hlsmath/include/FloatingPoint\hls_exp_.h:321]   --->   Operation 84 'partselect' 'Z2_V' <Predicate = true> <Delay = 0.00>
ST_9 : Operation 85 [1/1] (0.00ns)   --->   "%Z3_V = call i8 @_ssdm_op_PartSelect.i8.i73.i32.i32(i73 %ret_V_5, i32 35, i32 42)" [r:/builds/2018.3/continuous/2018_12_06_2405991/src/products/hls/hls_lib/hlsmath/include/FloatingPoint\hls_exp_.h:126->r:/builds/2018.3/continuous/2018_12_06_2405991/src/products/hls/hls_lib/hlsmath/include/FloatingPoint\hls_exp_.h:321]   --->   Operation 85 'partselect' 'Z3_V' <Predicate = true> <Delay = 0.00>
ST_9 : Operation 86 [1/1] (0.00ns)   --->   "%Z4_V = trunc i73 %ret_V_5 to i35" [r:/builds/2018.3/continuous/2018_12_06_2405991/src/products/hls/hls_lib/hlsmath/include/FloatingPoint\hls_exp_.h:127->r:/builds/2018.3/continuous/2018_12_06_2405991/src/products/hls/hls_lib/hlsmath/include/FloatingPoint\hls_exp_.h:321]   --->   Operation 86 'trunc' 'Z4_V' <Predicate = true> <Delay = 0.00>
ST_9 : Operation 87 [1/1] (0.00ns)   --->   "%Z4_ind_V = call i8 @_ssdm_op_PartSelect.i8.i73.i32.i32(i73 %ret_V_5, i32 27, i32 34)" [r:/builds/2018.3/continuous/2018_12_06_2405991/src/products/hls/hls_lib/hlsmath/include/FloatingPoint\hls_exp_.h:141->r:/builds/2018.3/continuous/2018_12_06_2405991/src/products/hls/hls_lib/hlsmath/include/FloatingPoint\hls_exp_.h:321]   --->   Operation 87 'partselect' 'Z4_ind_V' <Predicate = true> <Delay = 0.00>
ST_9 : Operation 88 [1/1] (0.00ns)   --->   "%tmp_29_i = zext i8 %Z4_ind_V to i64" [r:/builds/2018.3/continuous/2018_12_06_2405991/src/products/hls/hls_lib/hlsmath/include/FloatingPoint\hls_exp_.h:142->r:/builds/2018.3/continuous/2018_12_06_2405991/src/products/hls/hls_lib/hlsmath/include/FloatingPoint\hls_exp_.h:321]   --->   Operation 88 'zext' 'tmp_29_i' <Predicate = true> <Delay = 0.00>
ST_9 : Operation 89 [1/1] (0.00ns)   --->   "%table_f_Z3_array_V_s = getelementptr [256 x i26]* @table_f_Z3_array_V, i64 0, i64 %tmp_29_i" [r:/builds/2018.3/continuous/2018_12_06_2405991/src/products/hls/hls_lib/hlsmath/include/FloatingPoint\hls_exp_.h:142->r:/builds/2018.3/continuous/2018_12_06_2405991/src/products/hls/hls_lib/hlsmath/include/FloatingPoint\hls_exp_.h:321]   --->   Operation 89 'getelementptr' 'table_f_Z3_array_V_s' <Predicate = true> <Delay = 0.00>
ST_9 : Operation 90 [2/2] (3.25ns)   --->   "%table_f_Z3_array_V_1 = load i26* %table_f_Z3_array_V_s, align 4" [r:/builds/2018.3/continuous/2018_12_06_2405991/src/products/hls/hls_lib/hlsmath/include/FloatingPoint\hls_exp_.h:142->r:/builds/2018.3/continuous/2018_12_06_2405991/src/products/hls/hls_lib/hlsmath/include/FloatingPoint\hls_exp_.h:321]   --->   Operation 90 'load' 'table_f_Z3_array_V_1' <Predicate = true> <Delay = 3.25> <Core = "ROM_nP">   --->   Core 52 'ROM_nP' <Latency = 1> <II = 1> <Delay = 3.25> <Storage> <Opcode : 'load'> <Ports = 0> <Width = 42> <Depth = 256> <ROM>
ST_9 : Operation 91 [1/1] (0.00ns)   --->   "%tmp_30_i = zext i8 %Z3_V to i64" [r:/builds/2018.3/continuous/2018_12_06_2405991/src/products/hls/hls_lib/hlsmath/include/FloatingPoint\hls_exp_.h:147->r:/builds/2018.3/continuous/2018_12_06_2405991/src/products/hls/hls_lib/hlsmath/include/FloatingPoint\hls_exp_.h:321]   --->   Operation 91 'zext' 'tmp_30_i' <Predicate = true> <Delay = 0.00>
ST_9 : Operation 92 [1/1] (0.00ns)   --->   "%table_f_Z3_array_V_2 = getelementptr [256 x i26]* @table_f_Z3_array_V, i64 0, i64 %tmp_30_i" [r:/builds/2018.3/continuous/2018_12_06_2405991/src/products/hls/hls_lib/hlsmath/include/FloatingPoint\hls_exp_.h:147->r:/builds/2018.3/continuous/2018_12_06_2405991/src/products/hls/hls_lib/hlsmath/include/FloatingPoint\hls_exp_.h:321]   --->   Operation 92 'getelementptr' 'table_f_Z3_array_V_2' <Predicate = true> <Delay = 0.00>
ST_9 : Operation 93 [2/2] (3.25ns)   --->   "%p_Val2_19 = load i26* %table_f_Z3_array_V_2, align 4" [r:/builds/2018.3/continuous/2018_12_06_2405991/src/products/hls/hls_lib/hlsmath/include/FloatingPoint\hls_exp_.h:147->r:/builds/2018.3/continuous/2018_12_06_2405991/src/products/hls/hls_lib/hlsmath/include/FloatingPoint\hls_exp_.h:321]   --->   Operation 93 'load' 'p_Val2_19' <Predicate = true> <Delay = 3.25> <Core = "ROM_nP">   --->   Core 52 'ROM_nP' <Latency = 1> <II = 1> <Delay = 3.25> <Storage> <Opcode : 'load'> <Ports = 0> <Width = 42> <Depth = 256> <ROM>

State 10 <SV = 9> <Delay = 5.92>
ST_10 : Operation 94 [1/2] (3.25ns)   --->   "%table_f_Z3_array_V_1 = load i26* %table_f_Z3_array_V_s, align 4" [r:/builds/2018.3/continuous/2018_12_06_2405991/src/products/hls/hls_lib/hlsmath/include/FloatingPoint\hls_exp_.h:142->r:/builds/2018.3/continuous/2018_12_06_2405991/src/products/hls/hls_lib/hlsmath/include/FloatingPoint\hls_exp_.h:321]   --->   Operation 94 'load' 'table_f_Z3_array_V_1' <Predicate = true> <Delay = 3.25> <Core = "ROM_nP">   --->   Core 52 'ROM_nP' <Latency = 1> <II = 1> <Delay = 3.25> <Storage> <Opcode : 'load'> <Ports = 0> <Width = 42> <Depth = 256> <ROM>
ST_10 : Operation 95 [1/1] (0.00ns)   --->   "%f_Z4_V = call i10 @_ssdm_op_PartSelect.i10.i26.i32.i32(i26 %table_f_Z3_array_V_1, i32 16, i32 25)" [r:/builds/2018.3/continuous/2018_12_06_2405991/src/products/hls/hls_lib/hlsmath/include/FloatingPoint\hls_exp_.h:142->r:/builds/2018.3/continuous/2018_12_06_2405991/src/products/hls/hls_lib/hlsmath/include/FloatingPoint\hls_exp_.h:321]   --->   Operation 95 'partselect' 'f_Z4_V' <Predicate = true> <Delay = 0.00>
ST_10 : Operation 96 [1/1] (0.00ns)   --->   "%lhs_V_1 = zext i35 %Z4_V to i36" [r:/builds/2018.3/continuous/2018_12_06_2405991/src/products/hls/hls_lib/hlsmath/include/FloatingPoint\hls_exp_.h:143->r:/builds/2018.3/continuous/2018_12_06_2405991/src/products/hls/hls_lib/hlsmath/include/FloatingPoint\hls_exp_.h:321]   --->   Operation 96 'zext' 'lhs_V_1' <Predicate = true> <Delay = 0.00>
ST_10 : Operation 97 [1/1] (0.00ns)   --->   "%rhs_V_2 = zext i10 %f_Z4_V to i36" [r:/builds/2018.3/continuous/2018_12_06_2405991/src/products/hls/hls_lib/hlsmath/include/FloatingPoint\hls_exp_.h:143->r:/builds/2018.3/continuous/2018_12_06_2405991/src/products/hls/hls_lib/hlsmath/include/FloatingPoint\hls_exp_.h:321]   --->   Operation 97 'zext' 'rhs_V_2' <Predicate = true> <Delay = 0.00>
ST_10 : Operation 98 [1/1] (2.67ns)   --->   "%ret_V_6 = add i36 %rhs_V_2, %lhs_V_1" [r:/builds/2018.3/continuous/2018_12_06_2405991/src/products/hls/hls_lib/hlsmath/include/FloatingPoint\hls_exp_.h:143->r:/builds/2018.3/continuous/2018_12_06_2405991/src/products/hls/hls_lib/hlsmath/include/FloatingPoint\hls_exp_.h:321]   --->   Operation 98 'add' 'ret_V_6' <Predicate = true> <Delay = 2.67> <Core = "AddSub">   --->   Core 14 'AddSub' <Latency = 0> <II = 1> <Delay = 1.63> <FuncUnit> <Opcode : 'add' 'sub'> <InPorts = 2> <OutPorts = 1>
ST_10 : Operation 99 [1/2] (3.25ns)   --->   "%p_Val2_19 = load i26* %table_f_Z3_array_V_2, align 4" [r:/builds/2018.3/continuous/2018_12_06_2405991/src/products/hls/hls_lib/hlsmath/include/FloatingPoint\hls_exp_.h:147->r:/builds/2018.3/continuous/2018_12_06_2405991/src/products/hls/hls_lib/hlsmath/include/FloatingPoint\hls_exp_.h:321]   --->   Operation 99 'load' 'p_Val2_19' <Predicate = true> <Delay = 3.25> <Core = "ROM_nP">   --->   Core 52 'ROM_nP' <Latency = 1> <II = 1> <Delay = 3.25> <Storage> <Opcode : 'load'> <Ports = 0> <Width = 42> <Depth = 256> <ROM>

State 11 <SV = 10> <Delay = 8.05>
ST_11 : Operation 100 [1/1] (0.00ns)   --->   "%tmp_46_i = call i43 @_ssdm_op_BitConcatenate.i43.i8.i9.i26(i8 %Z3_V, i9 0, i26 %p_Val2_19) nounwind" [r:/builds/2018.3/continuous/2018_12_06_2405991/src/products/hls/hls_lib/hlsmath/include/FloatingPoint\hls_exp_.h:126->r:/builds/2018.3/continuous/2018_12_06_2405991/src/products/hls/hls_lib/hlsmath/include/FloatingPoint\hls_exp_.h:321]   --->   Operation 100 'bitconcatenate' 'tmp_46_i' <Predicate = true> <Delay = 0.00>
ST_11 : Operation 101 [1/1] (0.00ns)   --->   "%r_V_i_cast = zext i43 %tmp_46_i to i79" [r:/builds/2018.3/continuous/2018_12_06_2405991/src/products/hls/hls_lib/hlsmath/include/FloatingPoint\hls_exp_.h:151->r:/builds/2018.3/continuous/2018_12_06_2405991/src/products/hls/hls_lib/hlsmath/include/FloatingPoint\hls_exp_.h:321]   --->   Operation 101 'zext' 'r_V_i_cast' <Predicate = true> <Delay = 0.00>
ST_11 : Operation 102 [1/1] (0.00ns)   --->   "%tmp_31_i_cast = zext i36 %ret_V_6 to i79" [r:/builds/2018.3/continuous/2018_12_06_2405991/src/products/hls/hls_lib/hlsmath/include/FloatingPoint\hls_exp_.h:151->r:/builds/2018.3/continuous/2018_12_06_2405991/src/products/hls/hls_lib/hlsmath/include/FloatingPoint\hls_exp_.h:321]   --->   Operation 102 'zext' 'tmp_31_i_cast' <Predicate = true> <Delay = 0.00>
ST_11 : Operation 103 [2/2] (8.05ns)   --->   "%r_V_16 = mul i79 %tmp_31_i_cast, %r_V_i_cast" [r:/builds/2018.3/continuous/2018_12_06_2405991/src/products/hls/hls_lib/hlsmath/include/FloatingPoint\hls_exp_.h:151->r:/builds/2018.3/continuous/2018_12_06_2405991/src/products/hls/hls_lib/hlsmath/include/FloatingPoint\hls_exp_.h:321]   --->   Operation 103 'mul' 'r_V_16' <Predicate = true> <Delay = 8.05> <Core = "MulnS">   --->   Core 17 'MulnS' <Latency = 1> <II = 1> <Delay = 8.62> <FuncUnit> <Opcode : 'mul'> <InPorts = 2> <OutPorts = 1>

State 12 <SV = 11> <Delay = 8.05>
ST_12 : Operation 104 [1/2] (8.05ns)   --->   "%r_V_16 = mul i79 %tmp_31_i_cast, %r_V_i_cast" [r:/builds/2018.3/continuous/2018_12_06_2405991/src/products/hls/hls_lib/hlsmath/include/FloatingPoint\hls_exp_.h:151->r:/builds/2018.3/continuous/2018_12_06_2405991/src/products/hls/hls_lib/hlsmath/include/FloatingPoint\hls_exp_.h:321]   --->   Operation 104 'mul' 'r_V_16' <Predicate = true> <Delay = 8.05> <Core = "MulnS">   --->   Core 17 'MulnS' <Latency = 1> <II = 1> <Delay = 8.62> <FuncUnit> <Opcode : 'mul'> <InPorts = 2> <OutPorts = 1>
ST_12 : Operation 105 [1/1] (0.00ns)   --->   "%tmp_29 = call i20 @_ssdm_op_PartSelect.i20.i79.i32.i32(i79 %r_V_16, i32 59, i32 78)" [r:/builds/2018.3/continuous/2018_12_06_2405991/src/products/hls/hls_lib/hlsmath/include/FloatingPoint\hls_exp_.h:151->r:/builds/2018.3/continuous/2018_12_06_2405991/src/products/hls/hls_lib/hlsmath/include/FloatingPoint\hls_exp_.h:321]   --->   Operation 105 'partselect' 'tmp_29' <Predicate = true> <Delay = 0.00>
ST_12 : Operation 106 [1/1] (0.00ns)   --->   "%tmp_36_i = zext i8 %Z2_V to i64" [r:/builds/2018.3/continuous/2018_12_06_2405991/src/products/hls/hls_lib/hlsmath/include/FloatingPoint\hls_exp_.h:166->r:/builds/2018.3/continuous/2018_12_06_2405991/src/products/hls/hls_lib/hlsmath/include/FloatingPoint\hls_exp_.h:321]   --->   Operation 106 'zext' 'tmp_36_i' <Predicate = true> <Delay = 0.00>
ST_12 : Operation 107 [1/1] (0.00ns)   --->   "%table_f_Z2_array_V_s = getelementptr [256 x i42]* @table_f_Z2_array_V, i64 0, i64 %tmp_36_i" [r:/builds/2018.3/continuous/2018_12_06_2405991/src/products/hls/hls_lib/hlsmath/include/FloatingPoint\hls_exp_.h:166->r:/builds/2018.3/continuous/2018_12_06_2405991/src/products/hls/hls_lib/hlsmath/include/FloatingPoint\hls_exp_.h:321]   --->   Operation 107 'getelementptr' 'table_f_Z2_array_V_s' <Predicate = true> <Delay = 0.00>
ST_12 : Operation 108 [2/2] (3.25ns)   --->   "%p_Val2_26 = load i42* %table_f_Z2_array_V_s, align 8" [r:/builds/2018.3/continuous/2018_12_06_2405991/src/products/hls/hls_lib/hlsmath/include/FloatingPoint\hls_exp_.h:166->r:/builds/2018.3/continuous/2018_12_06_2405991/src/products/hls/hls_lib/hlsmath/include/FloatingPoint\hls_exp_.h:321]   --->   Operation 108 'load' 'p_Val2_26' <Predicate = true> <Delay = 3.25> <Core = "ROM_nP">   --->   Core 52 'ROM_nP' <Latency = 1> <II = 1> <Delay = 3.25> <Storage> <Opcode : 'load'> <Ports = 0> <Width = 42> <Depth = 256> <ROM>

State 13 <SV = 12> <Delay = 5.67>
ST_13 : Operation 109 [1/1] (0.00ns)   --->   "%ret_V_7 = zext i43 %tmp_46_i to i44" [r:/builds/2018.3/continuous/2018_12_06_2405991/src/products/hls/hls_lib/hlsmath/include/FloatingPoint\hls_exp_.h:148->r:/builds/2018.3/continuous/2018_12_06_2405991/src/products/hls/hls_lib/hlsmath/include/FloatingPoint\hls_exp_.h:321]   --->   Operation 109 'zext' 'ret_V_7' <Predicate = true> <Delay = 0.00>
ST_13 : Operation 110 [1/1] (0.00ns)   --->   "%tmp_34_i_cast = zext i20 %tmp_29 to i36" [r:/builds/2018.3/continuous/2018_12_06_2405991/src/products/hls/hls_lib/hlsmath/include/FloatingPoint\hls_exp_.h:158->r:/builds/2018.3/continuous/2018_12_06_2405991/src/products/hls/hls_lib/hlsmath/include/FloatingPoint\hls_exp_.h:321]   --->   Operation 110 'zext' 'tmp_34_i_cast' <Predicate = true> <Delay = 0.00>
ST_13 : Operation 111 [1/1] (2.71ns)   --->   "%tmp = add i36 %tmp_34_i_cast, %ret_V_6" [r:/builds/2018.3/continuous/2018_12_06_2405991/src/products/hls/hls_lib/hlsmath/include/FloatingPoint\hls_exp_.h:158->r:/builds/2018.3/continuous/2018_12_06_2405991/src/products/hls/hls_lib/hlsmath/include/FloatingPoint\hls_exp_.h:321]   --->   Operation 111 'add' 'tmp' <Predicate = true> <Delay = 2.71> <Core = "AddSub">   --->   Core 14 'AddSub' <Latency = 0> <II = 1> <Delay = 1.63> <FuncUnit> <Opcode : 'add' 'sub'> <InPorts = 2> <OutPorts = 1>
ST_13 : Operation 112 [1/1] (0.00ns)   --->   "%tmp_cast = zext i36 %tmp to i44" [r:/builds/2018.3/continuous/2018_12_06_2405991/src/products/hls/hls_lib/hlsmath/include/FloatingPoint\hls_exp_.h:158->r:/builds/2018.3/continuous/2018_12_06_2405991/src/products/hls/hls_lib/hlsmath/include/FloatingPoint\hls_exp_.h:321]   --->   Operation 112 'zext' 'tmp_cast' <Predicate = true> <Delay = 0.00>
ST_13 : Operation 113 [1/1] (2.96ns)   --->   "%exp_Z2P_m_1_V = add i44 %ret_V_7, %tmp_cast" [r:/builds/2018.3/continuous/2018_12_06_2405991/src/products/hls/hls_lib/hlsmath/include/FloatingPoint\hls_exp_.h:158->r:/builds/2018.3/continuous/2018_12_06_2405991/src/products/hls/hls_lib/hlsmath/include/FloatingPoint\hls_exp_.h:321]   --->   Operation 113 'add' 'exp_Z2P_m_1_V' <Predicate = true> <Delay = 2.96> <Core = "AddSub">   --->   Core 14 'AddSub' <Latency = 0> <II = 1> <Delay = 1.63> <FuncUnit> <Opcode : 'add' 'sub'> <InPorts = 2> <OutPorts = 1>
ST_13 : Operation 114 [1/2] (3.25ns)   --->   "%p_Val2_26 = load i42* %table_f_Z2_array_V_s, align 8" [r:/builds/2018.3/continuous/2018_12_06_2405991/src/products/hls/hls_lib/hlsmath/include/FloatingPoint\hls_exp_.h:166->r:/builds/2018.3/continuous/2018_12_06_2405991/src/products/hls/hls_lib/hlsmath/include/FloatingPoint\hls_exp_.h:321]   --->   Operation 114 'load' 'p_Val2_26' <Predicate = true> <Delay = 3.25> <Core = "ROM_nP">   --->   Core 52 'ROM_nP' <Latency = 1> <II = 1> <Delay = 3.25> <Storage> <Opcode : 'load'> <Ports = 0> <Width = 42> <Depth = 256> <ROM>
ST_13 : Operation 115 [1/1] (0.00ns)   --->   "%tmp_38 = call i40 @_ssdm_op_PartSelect.i40.i42.i32.i32(i42 %p_Val2_26, i32 2, i32 41)" [r:/builds/2018.3/continuous/2018_12_06_2405991/src/products/hls/hls_lib/hlsmath/include/FloatingPoint\hls_exp_.h:166->r:/builds/2018.3/continuous/2018_12_06_2405991/src/products/hls/hls_lib/hlsmath/include/FloatingPoint\hls_exp_.h:321]   --->   Operation 115 'partselect' 'tmp_38' <Predicate = true> <Delay = 0.00>

State 14 <SV = 13> <Delay = 8.62>
ST_14 : Operation 116 [1/1] (0.00ns)   --->   "%tmp_37_i = call i49 @_ssdm_op_BitConcatenate.i49.i8.i1.i40(i8 %Z2_V, i1 false, i40 %tmp_38)" [r:/builds/2018.3/continuous/2018_12_06_2405991/src/products/hls/hls_lib/hlsmath/include/FloatingPoint\hls_exp_.h:167->r:/builds/2018.3/continuous/2018_12_06_2405991/src/products/hls/hls_lib/hlsmath/include/FloatingPoint\hls_exp_.h:321]   --->   Operation 116 'bitconcatenate' 'tmp_37_i' <Predicate = true> <Delay = 0.00>
ST_14 : Operation 117 [1/1] (0.00ns)   --->   "%r_V_2_i_cast = zext i49 %tmp_37_i to i93" [r:/builds/2018.3/continuous/2018_12_06_2405991/src/products/hls/hls_lib/hlsmath/include/FloatingPoint\hls_exp_.h:170->r:/builds/2018.3/continuous/2018_12_06_2405991/src/products/hls/hls_lib/hlsmath/include/FloatingPoint\hls_exp_.h:321]   --->   Operation 117 'zext' 'r_V_2_i_cast' <Predicate = true> <Delay = 0.00>
ST_14 : Operation 118 [1/1] (0.00ns)   --->   "%tmp_38_i_cast = zext i44 %exp_Z2P_m_1_V to i93" [r:/builds/2018.3/continuous/2018_12_06_2405991/src/products/hls/hls_lib/hlsmath/include/FloatingPoint\hls_exp_.h:170->r:/builds/2018.3/continuous/2018_12_06_2405991/src/products/hls/hls_lib/hlsmath/include/FloatingPoint\hls_exp_.h:321]   --->   Operation 118 'zext' 'tmp_38_i_cast' <Predicate = true> <Delay = 0.00>
ST_14 : Operation 119 [2/2] (8.62ns)   --->   "%r_V_17 = mul i93 %tmp_38_i_cast, %r_V_2_i_cast" [r:/builds/2018.3/continuous/2018_12_06_2405991/src/products/hls/hls_lib/hlsmath/include/FloatingPoint\hls_exp_.h:170->r:/builds/2018.3/continuous/2018_12_06_2405991/src/products/hls/hls_lib/hlsmath/include/FloatingPoint\hls_exp_.h:321]   --->   Operation 119 'mul' 'r_V_17' <Predicate = true> <Delay = 8.62> <Core = "MulnS">   --->   Core 17 'MulnS' <Latency = 1> <II = 1> <Delay = 8.62> <FuncUnit> <Opcode : 'mul'> <InPorts = 2> <OutPorts = 1>

State 15 <SV = 14> <Delay = 8.62>
ST_15 : Operation 120 [1/1] (0.00ns)   --->   "%tmp_17 = zext i8 %m_diff_hi_V to i64" [r:/builds/2018.3/continuous/2018_12_06_2405991/src/products/hls/hls_lib/hlsmath/include/FloatingPoint\hls_exp_.h:320]   --->   Operation 120 'zext' 'tmp_17' <Predicate = true> <Delay = 0.00>
ST_15 : Operation 121 [1/1] (0.00ns)   --->   "%table_exp_Z1_array_1 = getelementptr [256 x i58]* @table_exp_Z1_array_s, i64 0, i64 %tmp_17" [r:/builds/2018.3/continuous/2018_12_06_2405991/src/products/hls/hls_lib/hlsmath/include/FloatingPoint\hls_exp_.h:320]   --->   Operation 121 'getelementptr' 'table_exp_Z1_array_1' <Predicate = true> <Delay = 0.00>
ST_15 : Operation 122 [2/2] (3.25ns)   --->   "%exp_Z1_V = load i58* %table_exp_Z1_array_1, align 8" [r:/builds/2018.3/continuous/2018_12_06_2405991/src/products/hls/hls_lib/hlsmath/include/FloatingPoint\hls_exp_.h:320]   --->   Operation 122 'load' 'exp_Z1_V' <Predicate = true> <Delay = 3.25> <Core = "ROM_nP">   --->   Core 52 'ROM_nP' <Latency = 1> <II = 1> <Delay = 3.25> <Storage> <Opcode : 'load'> <Ports = 0> <Width = 42> <Depth = 256> <ROM>
ST_15 : Operation 123 [1/2] (8.62ns)   --->   "%r_V_17 = mul i93 %tmp_38_i_cast, %r_V_2_i_cast" [r:/builds/2018.3/continuous/2018_12_06_2405991/src/products/hls/hls_lib/hlsmath/include/FloatingPoint\hls_exp_.h:170->r:/builds/2018.3/continuous/2018_12_06_2405991/src/products/hls/hls_lib/hlsmath/include/FloatingPoint\hls_exp_.h:321]   --->   Operation 123 'mul' 'r_V_17' <Predicate = true> <Delay = 8.62> <Core = "MulnS">   --->   Core 17 'MulnS' <Latency = 1> <II = 1> <Delay = 8.62> <FuncUnit> <Opcode : 'mul'> <InPorts = 2> <OutPorts = 1>
ST_15 : Operation 124 [1/1] (0.00ns)   --->   "%tmp_39 = call i36 @_ssdm_op_PartSelect.i36.i93.i32.i32(i93 %r_V_17, i32 57, i32 92)" [r:/builds/2018.3/continuous/2018_12_06_2405991/src/products/hls/hls_lib/hlsmath/include/FloatingPoint\hls_exp_.h:170->r:/builds/2018.3/continuous/2018_12_06_2405991/src/products/hls/hls_lib/hlsmath/include/FloatingPoint\hls_exp_.h:321]   --->   Operation 124 'partselect' 'tmp_39' <Predicate = true> <Delay = 0.00>

State 16 <SV = 15> <Delay = 6.17>
ST_16 : Operation 125 [1/2] (3.25ns)   --->   "%exp_Z1_V = load i58* %table_exp_Z1_array_1, align 8" [r:/builds/2018.3/continuous/2018_12_06_2405991/src/products/hls/hls_lib/hlsmath/include/FloatingPoint\hls_exp_.h:320]   --->   Operation 125 'load' 'exp_Z1_V' <Predicate = true> <Delay = 3.25> <Core = "ROM_nP">   --->   Core 52 'ROM_nP' <Latency = 1> <II = 1> <Delay = 3.25> <Storage> <Opcode : 'load'> <Ports = 0> <Width = 42> <Depth = 256> <ROM>
ST_16 : Operation 126 [1/1] (0.00ns)   --->   "%lhs_V_2 = call i51 @_ssdm_op_BitConcatenate.i51.i8.i1.i40.i2(i8 %Z2_V, i1 false, i40 %tmp_38, i2 0)" [r:/builds/2018.3/continuous/2018_12_06_2405991/src/products/hls/hls_lib/hlsmath/include/FloatingPoint\hls_exp_.h:173->r:/builds/2018.3/continuous/2018_12_06_2405991/src/products/hls/hls_lib/hlsmath/include/FloatingPoint\hls_exp_.h:321]   --->   Operation 126 'bitconcatenate' 'lhs_V_2' <Predicate = true> <Delay = 0.00>
ST_16 : Operation 127 [1/1] (0.00ns)   --->   "%lhs_V_2_i_cast = zext i51 %lhs_V_2 to i52" [r:/builds/2018.3/continuous/2018_12_06_2405991/src/products/hls/hls_lib/hlsmath/include/FloatingPoint\hls_exp_.h:173->r:/builds/2018.3/continuous/2018_12_06_2405991/src/products/hls/hls_lib/hlsmath/include/FloatingPoint\hls_exp_.h:321]   --->   Operation 127 'zext' 'lhs_V_2_i_cast' <Predicate = true> <Delay = 0.00>
ST_16 : Operation 128 [1/1] (0.00ns)   --->   "%tmp_40_i_cast_cast = zext i36 %tmp_39 to i44" [r:/builds/2018.3/continuous/2018_12_06_2405991/src/products/hls/hls_lib/hlsmath/include/FloatingPoint\hls_exp_.h:173->r:/builds/2018.3/continuous/2018_12_06_2405991/src/products/hls/hls_lib/hlsmath/include/FloatingPoint\hls_exp_.h:321]   --->   Operation 128 'zext' 'tmp_40_i_cast_cast' <Predicate = true> <Delay = 0.00>
ST_16 : Operation 129 [1/1] (2.98ns)   --->   "%tmp51 = add i44 %tmp_40_i_cast_cast, %exp_Z2P_m_1_V" [r:/builds/2018.3/continuous/2018_12_06_2405991/src/products/hls/hls_lib/hlsmath/include/FloatingPoint\hls_exp_.h:173->r:/builds/2018.3/continuous/2018_12_06_2405991/src/products/hls/hls_lib/hlsmath/include/FloatingPoint\hls_exp_.h:321]   --->   Operation 129 'add' 'tmp51' <Predicate = true> <Delay = 2.98> <Core = "AddSub">   --->   Core 14 'AddSub' <Latency = 0> <II = 1> <Delay = 1.63> <FuncUnit> <Opcode : 'add' 'sub'> <InPorts = 2> <OutPorts = 1>
ST_16 : Operation 130 [1/1] (0.00ns)   --->   "%tmp51_cast = zext i44 %tmp51 to i52" [r:/builds/2018.3/continuous/2018_12_06_2405991/src/products/hls/hls_lib/hlsmath/include/FloatingPoint\hls_exp_.h:173->r:/builds/2018.3/continuous/2018_12_06_2405991/src/products/hls/hls_lib/hlsmath/include/FloatingPoint\hls_exp_.h:321]   --->   Operation 130 'zext' 'tmp51_cast' <Predicate = true> <Delay = 0.00>
ST_16 : Operation 131 [1/1] (3.18ns)   --->   "%exp_Z1P_m_1_l_V = add i52 %lhs_V_2_i_cast, %tmp51_cast" [r:/builds/2018.3/continuous/2018_12_06_2405991/src/products/hls/hls_lib/hlsmath/include/FloatingPoint\hls_exp_.h:173->r:/builds/2018.3/continuous/2018_12_06_2405991/src/products/hls/hls_lib/hlsmath/include/FloatingPoint\hls_exp_.h:321]   --->   Operation 131 'add' 'exp_Z1P_m_1_l_V' <Predicate = true> <Delay = 3.18> <Core = "AddSub">   --->   Core 14 'AddSub' <Latency = 0> <II = 1> <Delay = 1.63> <FuncUnit> <Opcode : 'add' 'sub'> <InPorts = 2> <OutPorts = 1>
ST_16 : Operation 132 [1/1] (0.00ns)   --->   "%exp_Z1P_m_1_V = call i50 @_ssdm_op_PartSelect.i50.i52.i32.i32(i52 %exp_Z1P_m_1_l_V, i32 2, i32 51)" [r:/builds/2018.3/continuous/2018_12_06_2405991/src/products/hls/hls_lib/hlsmath/include/FloatingPoint\hls_exp_.h:177->r:/builds/2018.3/continuous/2018_12_06_2405991/src/products/hls/hls_lib/hlsmath/include/FloatingPoint\hls_exp_.h:321]   --->   Operation 132 'partselect' 'exp_Z1P_m_1_V' <Predicate = true> <Delay = 0.00>
ST_16 : Operation 133 [1/1] (0.00ns)   --->   "%exp_Z1_hi_V = call i50 @_ssdm_op_PartSelect.i50.i58.i32.i32(i58 %exp_Z1_V, i32 8, i32 57)" [r:/builds/2018.3/continuous/2018_12_06_2405991/src/products/hls/hls_lib/hlsmath/include/FloatingPoint\hls_exp_.h:322]   --->   Operation 133 'partselect' 'exp_Z1_hi_V' <Predicate = true> <Delay = 0.00>

State 17 <SV = 16> <Delay = 8.62>
ST_17 : Operation 134 [1/1] (0.00ns)   --->   "%r_V_11 = zext i50 %exp_Z1_hi_V to i100" [r:/builds/2018.3/continuous/2018_12_06_2405991/src/products/hls/hls_lib/hlsmath/include/FloatingPoint\hls_exp_.h:325]   --->   Operation 134 'zext' 'r_V_11' <Predicate = true> <Delay = 0.00>
ST_17 : Operation 135 [1/1] (0.00ns)   --->   "%tmp_18 = zext i50 %exp_Z1P_m_1_V to i100" [r:/builds/2018.3/continuous/2018_12_06_2405991/src/products/hls/hls_lib/hlsmath/include/FloatingPoint\hls_exp_.h:325]   --->   Operation 135 'zext' 'tmp_18' <Predicate = true> <Delay = 0.00>
ST_17 : Operation 136 [2/2] (8.62ns)   --->   "%r_V_18 = mul i100 %tmp_18, %r_V_11" [r:/builds/2018.3/continuous/2018_12_06_2405991/src/products/hls/hls_lib/hlsmath/include/FloatingPoint\hls_exp_.h:325]   --->   Operation 136 'mul' 'r_V_18' <Predicate = true> <Delay = 8.62> <Core = "MulnS">   --->   Core 17 'MulnS' <Latency = 1> <II = 1> <Delay = 8.62> <FuncUnit> <Opcode : 'mul'> <InPorts = 2> <OutPorts = 1>

State 18 <SV = 17> <Delay = 8.62>
ST_18 : Operation 137 [1/1] (0.00ns)   --->   "%lhs_V_3 = zext i58 %exp_Z1_V to i59" [r:/builds/2018.3/continuous/2018_12_06_2405991/src/products/hls/hls_lib/hlsmath/include/FloatingPoint\hls_exp_.h:325]   --->   Operation 137 'zext' 'lhs_V_3' <Predicate = true> <Delay = 0.00>
ST_18 : Operation 138 [1/1] (3.36ns)   --->   "%ret_V_8 = add i59 16, %lhs_V_3" [r:/builds/2018.3/continuous/2018_12_06_2405991/src/products/hls/hls_lib/hlsmath/include/FloatingPoint\hls_exp_.h:325]   --->   Operation 138 'add' 'ret_V_8' <Predicate = true> <Delay = 3.36> <Core = "AddSub">   --->   Core 14 'AddSub' <Latency = 0> <II = 1> <Delay = 1.63> <FuncUnit> <Opcode : 'add' 'sub'> <InPorts = 2> <OutPorts = 1>
ST_18 : Operation 139 [1/2] (8.62ns)   --->   "%r_V_18 = mul i100 %tmp_18, %r_V_11" [r:/builds/2018.3/continuous/2018_12_06_2405991/src/products/hls/hls_lib/hlsmath/include/FloatingPoint\hls_exp_.h:325]   --->   Operation 139 'mul' 'r_V_18' <Predicate = true> <Delay = 8.62> <Core = "MulnS">   --->   Core 17 'MulnS' <Latency = 1> <II = 1> <Delay = 8.62> <FuncUnit> <Opcode : 'mul'> <InPorts = 2> <OutPorts = 1>
ST_18 : Operation 140 [1/1] (0.00ns)   --->   "%tmp_79 = trunc i59 %ret_V_8 to i58" [r:/builds/2018.3/continuous/2018_12_06_2405991/src/products/hls/hls_lib/hlsmath/include/FloatingPoint\hls_exp_.h:325]   --->   Operation 140 'trunc' 'tmp_79' <Predicate = true> <Delay = 0.00>

State 19 <SV = 18> <Delay = 8.57>
ST_19 : Operation 141 [1/1] (0.00ns) (grouped into LUT with out node sel_tmp2)   --->   "%not_Val2_i = xor i1 %p_Result_23, true" [r:/builds/2018.3/continuous/2018_12_06_2405991/src/products/hls/hls_lib/hlsmath/include/FloatingPoint\hls_exp_.h:210]   --->   Operation 141 'xor' 'not_Val2_i' <Predicate = true> <Delay = 0.00> <Core = "LogicGate">   --->   Core 27 'LogicGate' <Latency = 0> <II = 1> <Delay = 0.97> <FuncUnit> <Opcode : 'and' 'or' 'xor'> <InPorts = 2> <OutPorts = 1>
ST_19 : Operation 142 [1/1] (0.00ns)   --->   "%lhs_V_4 = call i108 @_ssdm_op_BitConcatenate.i108.i59.i49(i59 %ret_V_8, i49 0)" [r:/builds/2018.3/continuous/2018_12_06_2405991/src/products/hls/hls_lib/hlsmath/include/FloatingPoint\hls_exp_.h:325]   --->   Operation 142 'bitconcatenate' 'lhs_V_4' <Predicate = true> <Delay = 0.00>
ST_19 : Operation 143 [1/1] (0.00ns)   --->   "%rhs_V_5_cast = zext i100 %r_V_18 to i108" [r:/builds/2018.3/continuous/2018_12_06_2405991/src/products/hls/hls_lib/hlsmath/include/FloatingPoint\hls_exp_.h:325]   --->   Operation 143 'zext' 'rhs_V_5_cast' <Predicate = true> <Delay = 0.00>
ST_19 : Operation 144 [1/1] (0.00ns)   --->   "%tmp_19 = call i107 @_ssdm_op_BitConcatenate.i107.i58.i49(i58 %tmp_79, i49 0)" [r:/builds/2018.3/continuous/2018_12_06_2405991/src/products/hls/hls_lib/hlsmath/include/FloatingPoint\hls_exp_.h:325]   --->   Operation 144 'bitconcatenate' 'tmp_19' <Predicate = true> <Delay = 0.00>
ST_19 : Operation 145 [1/1] (0.00ns)   --->   "%tmp_20 = zext i100 %r_V_18 to i107" [r:/builds/2018.3/continuous/2018_12_06_2405991/src/products/hls/hls_lib/hlsmath/include/FloatingPoint\hls_exp_.h:325]   --->   Operation 145 'zext' 'tmp_20' <Predicate = true> <Delay = 0.00>
ST_19 : Operation 146 [1/1] (4.77ns)   --->   "%ret_V_9 = add i108 %rhs_V_5_cast, %lhs_V_4" [r:/builds/2018.3/continuous/2018_12_06_2405991/src/products/hls/hls_lib/hlsmath/include/FloatingPoint\hls_exp_.h:325]   --->   Operation 146 'add' 'ret_V_9' <Predicate = true> <Delay = 4.77> <Core = "AddSub">   --->   Core 14 'AddSub' <Latency = 0> <II = 1> <Delay = 1.63> <FuncUnit> <Opcode : 'add' 'sub'> <InPorts = 2> <OutPorts = 1>
ST_19 : Operation 147 [1/1] (4.75ns)   --->   "%ret_V_10_cast = add i107 %tmp_20, %tmp_19" [r:/builds/2018.3/continuous/2018_12_06_2405991/src/products/hls/hls_lib/hlsmath/include/FloatingPoint\hls_exp_.h:325]   --->   Operation 147 'add' 'ret_V_10_cast' <Predicate = true> <Delay = 4.75> <Core = "AddSub">   --->   Core 14 'AddSub' <Latency = 0> <II = 1> <Delay = 1.63> <FuncUnit> <Opcode : 'add' 'sub'> <InPorts = 2> <OutPorts = 1>
ST_19 : Operation 148 [1/1] (0.00ns)   --->   "%tmp_80 = call i1 @_ssdm_op_BitSelect.i1.i107.i32(i107 %ret_V_10_cast, i32 106)" [r:/builds/2018.3/continuous/2018_12_06_2405991/src/products/hls/hls_lib/hlsmath/include/FloatingPoint\hls_exp_.h:331]   --->   Operation 148 'bitselect' 'tmp_80' <Predicate = true> <Delay = 0.00>
ST_19 : Operation 149 [1/1] (1.67ns)   --->   "%r_exp_V = add i13 -1, %r_exp_V_3" [r:/builds/2018.3/continuous/2018_12_06_2405991/src/products/hls/hls_lib/hlsmath/include/FloatingPoint\hls_exp_.h:333]   --->   Operation 149 'add' 'r_exp_V' <Predicate = true> <Delay = 1.67> <Core = "AddSub">   --->   Core 14 'AddSub' <Latency = 0> <II = 1> <Delay = 1.63> <FuncUnit> <Opcode : 'add' 'sub'> <InPorts = 2> <OutPorts = 1>
ST_19 : Operation 150 [1/1] (0.69ns)   --->   "%r_exp_V_2 = select i1 %tmp_80, i13 %r_exp_V_3, i13 %r_exp_V" [r:/builds/2018.3/continuous/2018_12_06_2405991/src/products/hls/hls_lib/hlsmath/include/FloatingPoint\hls_exp_.h:333]   --->   Operation 150 'select' 'r_exp_V_2' <Predicate = true> <Delay = 0.69> <Core = "Sel">   --->   Core 26 'Sel' <Latency = 0> <II = 1> <Delay = 1.48> <FuncUnit> <Opcode : 'select'> <InPorts = 3> <OutPorts = 1>
ST_19 : Operation 151 [1/1] (0.00ns)   --->   "%tmp_81 = call i3 @_ssdm_op_PartSelect.i3.i13.i32.i32(i13 %r_exp_V_2, i32 10, i32 12)" [r:/builds/2018.3/continuous/2018_12_06_2405991/src/products/hls/hls_lib/hlsmath/include/FloatingPoint\hls_exp_.h:337]   --->   Operation 151 'partselect' 'tmp_81' <Predicate = true> <Delay = 0.00>
ST_19 : Operation 152 [1/1] (1.13ns)   --->   "%icmp = icmp sgt i3 %tmp_81, 0" [r:/builds/2018.3/continuous/2018_12_06_2405991/src/products/hls/hls_lib/hlsmath/include/FloatingPoint\hls_exp_.h:337]   --->   Operation 152 'icmp' 'icmp' <Predicate = true> <Delay = 1.13> <Core = "Cmp">   --->   Core 25 'Cmp' <Latency = 0> <II = 1> <Delay = 2.09> <FuncUnit> <Opcode : 'icmp'> <InPorts = 2> <OutPorts = 1>
ST_19 : Operation 153 [1/1] (0.97ns)   --->   "%or_cond = or i1 %tmp_24, %icmp" [r:/builds/2018.3/continuous/2018_12_06_2405991/src/products/hls/hls_lib/hlsmath/include/FloatingPoint\hls_exp_.h:337]   --->   Operation 153 'or' 'or_cond' <Predicate = true> <Delay = 0.97> <Core = "LogicGate">   --->   Core 27 'LogicGate' <Latency = 0> <II = 1> <Delay = 0.97> <FuncUnit> <Opcode : 'and' 'or' 'xor'> <InPorts = 2> <OutPorts = 1>
ST_19 : Operation 154 [1/1] (2.09ns)   --->   "%tmp_26 = icmp slt i13 %r_exp_V_2, -1022" [r:/builds/2018.3/continuous/2018_12_06_2405991/src/products/hls/hls_lib/hlsmath/include/FloatingPoint\hls_exp_.h:354]   --->   Operation 154 'icmp' 'tmp_26' <Predicate = true> <Delay = 2.09> <Core = "Cmp">   --->   Core 25 'Cmp' <Latency = 0> <II = 1> <Delay = 2.09> <FuncUnit> <Opcode : 'icmp'> <InPorts = 2> <OutPorts = 1>
ST_19 : Operation 155 [1/1] (0.00ns) (grouped into LUT with out node tmp_33)   --->   "%tmp_27 = call i52 @_ssdm_op_PartSelect.i52.i108.i32.i32(i108 %ret_V_9, i32 54, i32 105)" [r:/builds/2018.3/continuous/2018_12_06_2405991/src/products/hls/hls_lib/hlsmath/include/FloatingPoint\hls_exp_.h:363]   --->   Operation 155 'partselect' 'tmp_27' <Predicate = true> <Delay = 0.00>
ST_19 : Operation 156 [1/1] (0.00ns) (grouped into LUT with out node tmp_33)   --->   "%tmp_28 = call i52 @_ssdm_op_PartSelect.i52.i107.i32.i32(i107 %ret_V_10_cast, i32 53, i32 104)" [r:/builds/2018.3/continuous/2018_12_06_2405991/src/products/hls/hls_lib/hlsmath/include/FloatingPoint\hls_exp_.h:363]   --->   Operation 156 'partselect' 'tmp_28' <Predicate = true> <Delay = 0.00>
ST_19 : Operation 157 [1/1] (0.00ns) (grouped into LUT with out node tmp_33)   --->   "%tmp_V_4 = select i1 %tmp_80, i52 %tmp_27, i52 %tmp_28" [r:/builds/2018.3/continuous/2018_12_06_2405991/src/products/hls/hls_lib/hlsmath/include/FloatingPoint\hls_exp_.h:332]   --->   Operation 157 'select' 'tmp_V_4' <Predicate = true> <Delay = 0.00> <Core = "Sel">   --->   Core 26 'Sel' <Latency = 0> <II = 1> <Delay = 1.48> <FuncUnit> <Opcode : 'select'> <InPorts = 3> <OutPorts = 1>
ST_19 : Operation 158 [1/1] (0.00ns)   --->   "%tmp_83 = trunc i13 %r_exp_V_2 to i11" [r:/builds/2018.3/continuous/2018_12_06_2405991/src/products/hls/hls_lib/hlsmath/include/FloatingPoint\hls_exp_.h:364]   --->   Operation 158 'trunc' 'tmp_83' <Predicate = true> <Delay = 0.00>
ST_19 : Operation 159 [1/1] (1.63ns)   --->   "%out_exp_V = add i11 1023, %tmp_83" [r:/builds/2018.3/continuous/2018_12_06_2405991/src/products/hls/hls_lib/hlsmath/include/FloatingPoint\hls_exp_.h:364]   --->   Operation 159 'add' 'out_exp_V' <Predicate = true> <Delay = 1.63> <Core = "AddSub">   --->   Core 14 'AddSub' <Latency = 0> <II = 1> <Delay = 1.63> <FuncUnit> <Opcode : 'add' 'sub'> <InPorts = 2> <OutPorts = 1>
ST_19 : Operation 160 [1/1] (0.00ns) (grouped into LUT with out node tmp_33)   --->   "%p_Result_25 = call i64 @_ssdm_op_BitConcatenate.i64.i1.i11.i52(i1 false, i11 %out_exp_V, i52 %tmp_V_4) nounwind" [r:/builds/2018.3/continuous/2018_12_06_2405991/src/products/hls/hls_lib/src/hls\utils/x_hls_utils.h:495->r:/builds/2018.3/continuous/2018_12_06_2405991/src/products/hls/hls_lib/src/hls\utils/x_hls_utils.h:512->r:/builds/2018.3/continuous/2018_12_06_2405991/src/products/hls/hls_lib/src/hls\utils/x_hls_utils.h:526->r:/builds/2018.3/continuous/2018_12_06_2405991/src/products/hls/hls_lib/hlsmath/include/FloatingPoint\hls_exp_.h:365]   --->   Operation 160 'bitconcatenate' 'p_Result_25' <Predicate = true> <Delay = 0.00>
ST_19 : Operation 161 [1/1] (0.97ns)   --->   "%sel_tmp1 = xor i1 %not_demorgan, true" [r:/builds/2018.3/continuous/2018_12_06_2405991/src/products/hls/hls_lib/hlsmath/include/FloatingPoint\hls_exp_.h:208]   --->   Operation 161 'xor' 'sel_tmp1' <Predicate = true> <Delay = 0.97> <Core = "LogicGate">   --->   Core 27 'LogicGate' <Latency = 0> <II = 1> <Delay = 0.97> <FuncUnit> <Opcode : 'and' 'or' 'xor'> <InPorts = 2> <OutPorts = 1>
ST_19 : Operation 162 [1/1] (0.00ns) (grouped into LUT with out node sel_tmp2)   --->   "%tmp52 = and i1 %not_Val2_i, %sel_tmp1" [r:/builds/2018.3/continuous/2018_12_06_2405991/src/products/hls/hls_lib/hlsmath/include/FloatingPoint\hls_exp_.h:210]   --->   Operation 162 'and' 'tmp52' <Predicate = true> <Delay = 0.00> <Core = "LogicGate">   --->   Core 27 'LogicGate' <Latency = 0> <II = 1> <Delay = 0.97> <FuncUnit> <Opcode : 'and' 'or' 'xor'> <InPorts = 2> <OutPorts = 1>
ST_19 : Operation 163 [1/1] (0.97ns) (out node of the LUT)   --->   "%sel_tmp2 = and i1 %tmp52, %tmp_13_i" [r:/builds/2018.3/continuous/2018_12_06_2405991/src/products/hls/hls_lib/hlsmath/include/FloatingPoint\hls_exp_.h:210]   --->   Operation 163 'and' 'sel_tmp2' <Predicate = true> <Delay = 0.97> <Core = "LogicGate">   --->   Core 27 'LogicGate' <Latency = 0> <II = 1> <Delay = 0.97> <FuncUnit> <Opcode : 'and' 'or' 'xor'> <InPorts = 2> <OutPorts = 1>
ST_19 : Operation 164 [1/1] (0.00ns) (grouped into LUT with out node sel_tmp9)   --->   "%sel_tmp5 = and i1 %tmp_22, %or_cond" [r:/builds/2018.3/continuous/2018_12_06_2405991/src/products/hls/hls_lib/hlsmath/include/FloatingPoint\hls_exp_.h:337]   --->   Operation 164 'and' 'sel_tmp5' <Predicate = true> <Delay = 0.00> <Core = "LogicGate">   --->   Core 27 'LogicGate' <Latency = 0> <II = 1> <Delay = 0.97> <FuncUnit> <Opcode : 'and' 'or' 'xor'> <InPorts = 2> <OutPorts = 1>
ST_19 : Operation 165 [1/1] (0.00ns) (grouped into LUT with out node sel_tmp9)   --->   "%sel_tmp6 = xor i1 %tmp_22, true" [r:/builds/2018.3/continuous/2018_12_06_2405991/src/products/hls/hls_lib/hlsmath/include/FloatingPoint\hls_exp_.h:337]   --->   Operation 165 'xor' 'sel_tmp6' <Predicate = true> <Delay = 0.00> <Core = "LogicGate">   --->   Core 27 'LogicGate' <Latency = 0> <II = 1> <Delay = 0.97> <FuncUnit> <Opcode : 'and' 'or' 'xor'> <InPorts = 2> <OutPorts = 1>
ST_19 : Operation 166 [1/1] (0.00ns) (grouped into LUT with out node sel_tmp9)   --->   "%sel_tmp8 = and i1 %icmp, %sel_tmp6" [r:/builds/2018.3/continuous/2018_12_06_2405991/src/products/hls/hls_lib/hlsmath/include/FloatingPoint\hls_exp_.h:337]   --->   Operation 166 'and' 'sel_tmp8' <Predicate = true> <Delay = 0.00> <Core = "LogicGate">   --->   Core 27 'LogicGate' <Latency = 0> <II = 1> <Delay = 0.97> <FuncUnit> <Opcode : 'and' 'or' 'xor'> <InPorts = 2> <OutPorts = 1>
ST_19 : Operation 167 [1/1] (0.97ns) (out node of the LUT)   --->   "%sel_tmp9 = or i1 %sel_tmp5, %sel_tmp8" [r:/builds/2018.3/continuous/2018_12_06_2405991/src/products/hls/hls_lib/hlsmath/include/FloatingPoint\hls_exp_.h:337]   --->   Operation 167 'or' 'sel_tmp9' <Predicate = true> <Delay = 0.97> <Core = "LogicGate">   --->   Core 27 'LogicGate' <Latency = 0> <II = 1> <Delay = 0.97> <FuncUnit> <Opcode : 'and' 'or' 'xor'> <InPorts = 2> <OutPorts = 1>
ST_19 : Operation 168 [1/1] (0.00ns) (grouped into LUT with out node tmp56)   --->   "%sel_tmp11 = xor i1 %or_cond, true" [r:/builds/2018.3/continuous/2018_12_06_2405991/src/products/hls/hls_lib/hlsmath/include/FloatingPoint\hls_exp_.h:337]   --->   Operation 168 'xor' 'sel_tmp11' <Predicate = true> <Delay = 0.00> <Core = "LogicGate">   --->   Core 27 'LogicGate' <Latency = 0> <II = 1> <Delay = 0.97> <FuncUnit> <Opcode : 'and' 'or' 'xor'> <InPorts = 2> <OutPorts = 1>
ST_19 : Operation 169 [1/1] (0.00ns) (grouped into LUT with out node tmp56)   --->   "%sel_tmp12 = and i1 %tmp_22, %sel_tmp11" [r:/builds/2018.3/continuous/2018_12_06_2405991/src/products/hls/hls_lib/hlsmath/include/FloatingPoint\hls_exp_.h:337]   --->   Operation 169 'and' 'sel_tmp12' <Predicate = true> <Delay = 0.00> <Core = "LogicGate">   --->   Core 27 'LogicGate' <Latency = 0> <II = 1> <Delay = 0.97> <FuncUnit> <Opcode : 'and' 'or' 'xor'> <InPorts = 2> <OutPorts = 1>
ST_19 : Operation 170 [1/1] (0.00ns) (grouped into LUT with out node tmp56)   --->   "%sel_tmp44_demorgan = or i1 %tmp_22, %icmp" [r:/builds/2018.3/continuous/2018_12_06_2405991/src/products/hls/hls_lib/hlsmath/include/FloatingPoint\hls_exp_.h:337]   --->   Operation 170 'or' 'sel_tmp44_demorgan' <Predicate = true> <Delay = 0.00> <Core = "LogicGate">   --->   Core 27 'LogicGate' <Latency = 0> <II = 1> <Delay = 0.97> <FuncUnit> <Opcode : 'and' 'or' 'xor'> <InPorts = 2> <OutPorts = 1>
ST_19 : Operation 171 [1/1] (0.00ns) (grouped into LUT with out node tmp56)   --->   "%sel_tmp13 = xor i1 %sel_tmp44_demorgan, true" [r:/builds/2018.3/continuous/2018_12_06_2405991/src/products/hls/hls_lib/hlsmath/include/FloatingPoint\hls_exp_.h:337]   --->   Operation 171 'xor' 'sel_tmp13' <Predicate = true> <Delay = 0.00> <Core = "LogicGate">   --->   Core 27 'LogicGate' <Latency = 0> <II = 1> <Delay = 0.97> <FuncUnit> <Opcode : 'and' 'or' 'xor'> <InPorts = 2> <OutPorts = 1>
ST_19 : Operation 172 [1/1] (0.00ns) (grouped into LUT with out node tmp56)   --->   "%sel_tmp14 = or i1 %sel_tmp12, %sel_tmp13" [r:/builds/2018.3/continuous/2018_12_06_2405991/src/products/hls/hls_lib/hlsmath/include/FloatingPoint\hls_exp_.h:337]   --->   Operation 172 'or' 'sel_tmp14' <Predicate = true> <Delay = 0.00> <Core = "LogicGate">   --->   Core 27 'LogicGate' <Latency = 0> <II = 1> <Delay = 0.97> <FuncUnit> <Opcode : 'and' 'or' 'xor'> <InPorts = 2> <OutPorts = 1>
ST_19 : Operation 173 [1/1] (0.97ns) (out node of the LUT)   --->   "%tmp56 = and i1 %tmp_26, %sel_tmp14" [r:/builds/2018.3/continuous/2018_12_06_2405991/src/products/hls/hls_lib/hlsmath/include/FloatingPoint\hls_exp_.h:354]   --->   Operation 173 'and' 'tmp56' <Predicate = true> <Delay = 0.97> <Core = "LogicGate">   --->   Core 27 'LogicGate' <Latency = 0> <II = 1> <Delay = 0.97> <FuncUnit> <Opcode : 'and' 'or' 'xor'> <InPorts = 2> <OutPorts = 1>
ST_19 : Operation 174 [1/1] (0.00ns) (grouped into LUT with out node tmp_33)   --->   "%tmp_30 = bitcast i64 %p_Result_25 to double" [r:/builds/2018.3/continuous/2018_12_06_2405991/src/products/hls/hls_lib/src/hls\utils/x_hls_utils.h:512->r:/builds/2018.3/continuous/2018_12_06_2405991/src/products/hls/hls_lib/src/hls\utils/x_hls_utils.h:526->r:/builds/2018.3/continuous/2018_12_06_2405991/src/products/hls/hls_lib/hlsmath/include/FloatingPoint\hls_exp_.h:365]   --->   Operation 174 'bitcast' 'tmp_30' <Predicate = true> <Delay = 0.00>
ST_19 : Operation 175 [1/1] (0.00ns) (grouped into LUT with out node tmp_33)   --->   "%tmp_31 = select i1 %sel_tmp2, double 0x7FF0000000000000, double 0x7FFFFFFFFFFFFFFF" [r:/builds/2018.3/continuous/2018_12_06_2405991/src/products/hls/hls_lib/src/hls\utils/x_hls_utils.h:512->r:/builds/2018.3/continuous/2018_12_06_2405991/src/products/hls/hls_lib/src/hls\utils/x_hls_utils.h:526->r:/builds/2018.3/continuous/2018_12_06_2405991/src/products/hls/hls_lib/hlsmath/include/FloatingPoint\hls_exp_.h:365]   --->   Operation 175 'select' 'tmp_31' <Predicate = true> <Delay = 0.00> <Core = "Sel">   --->   Core 26 'Sel' <Latency = 0> <II = 1> <Delay = 1.48> <FuncUnit> <Opcode : 'select'> <InPorts = 3> <OutPorts = 1>
ST_19 : Operation 176 [1/1] (0.00ns) (grouped into LUT with out node tmp_33)   --->   "%tmp_32 = or i1 %sel_tmp2, %not_demorgan" [r:/builds/2018.3/continuous/2018_12_06_2405991/src/products/hls/hls_lib/src/hls\utils/x_hls_utils.h:512->r:/builds/2018.3/continuous/2018_12_06_2405991/src/products/hls/hls_lib/src/hls\utils/x_hls_utils.h:526->r:/builds/2018.3/continuous/2018_12_06_2405991/src/products/hls/hls_lib/hlsmath/include/FloatingPoint\hls_exp_.h:365]   --->   Operation 176 'or' 'tmp_32' <Predicate = true> <Delay = 0.00> <Core = "LogicGate">   --->   Core 27 'LogicGate' <Latency = 0> <II = 1> <Delay = 0.97> <FuncUnit> <Opcode : 'and' 'or' 'xor'> <InPorts = 2> <OutPorts = 1>
ST_19 : Operation 177 [1/1] (1.48ns) (out node of the LUT)   --->   "%tmp_33 = select i1 %tmp_32, double %tmp_31, double %tmp_30" [r:/builds/2018.3/continuous/2018_12_06_2405991/src/products/hls/hls_lib/src/hls\utils/x_hls_utils.h:512->r:/builds/2018.3/continuous/2018_12_06_2405991/src/products/hls/hls_lib/src/hls\utils/x_hls_utils.h:526->r:/builds/2018.3/continuous/2018_12_06_2405991/src/products/hls/hls_lib/hlsmath/include/FloatingPoint\hls_exp_.h:365]   --->   Operation 177 'select' 'tmp_33' <Predicate = true> <Delay = 1.48> <Core = "Sel">   --->   Core 26 'Sel' <Latency = 0> <II = 1> <Delay = 1.48> <FuncUnit> <Opcode : 'select'> <InPorts = 3> <OutPorts = 1>

State 20 <SV = 19> <Delay = 5.89>
ST_20 : Operation 178 [1/1] (0.00ns)   --->   "call void (...)* @_ssdm_op_SpecPipeline(i32 -1, i32 1, i32 1, i32 0, [1 x i8]* @p_str26) nounwind" [r:/builds/2018.3/continuous/2018_12_06_2405991/src/products/hls/hls_lib/hlsmath/include/FloatingPoint\hls_exp_.h:186]   --->   Operation 178 'specpipeline' <Predicate = true> <Delay = 0.00>
ST_20 : Operation 179 [1/1] (0.97ns)   --->   "%x_is_ninf = and i1 %tmp_13_i, %p_Result_23" [r:/builds/2018.3/continuous/2018_12_06_2405991/src/products/hls/hls_lib/hlsmath/include/FloatingPoint\hls_exp_.h:211]   --->   Operation 179 'and' 'x_is_ninf' <Predicate = true> <Delay = 0.97> <Core = "LogicGate">   --->   Core 27 'LogicGate' <Latency = 0> <II = 1> <Delay = 0.97> <FuncUnit> <Opcode : 'and' 'or' 'xor'> <InPorts = 2> <OutPorts = 1>
ST_20 : Operation 180 [1/1] (0.00ns) (grouped into LUT with out node sel_tmp10)   --->   "%rev = xor i1 %tmp_82, true" [r:/builds/2018.3/continuous/2018_12_06_2405991/src/products/hls/hls_lib/hlsmath/include/FloatingPoint\hls_exp_.h:338]   --->   Operation 180 'xor' 'rev' <Predicate = true> <Delay = 0.00> <Core = "LogicGate">   --->   Core 27 'LogicGate' <Latency = 0> <II = 1> <Delay = 0.97> <FuncUnit> <Opcode : 'and' 'or' 'xor'> <InPorts = 2> <OutPorts = 1>
ST_20 : Operation 181 [1/1] (0.00ns) (grouped into LUT with out node tmp_36)   --->   "%sel_tmp7 = and i1 %x_is_ninf, %sel_tmp1" [r:/builds/2018.3/continuous/2018_12_06_2405991/src/products/hls/hls_lib/hlsmath/include/FloatingPoint\hls_exp_.h:211]   --->   Operation 181 'and' 'sel_tmp7' <Predicate = true> <Delay = 0.00> <Core = "LogicGate">   --->   Core 27 'LogicGate' <Latency = 0> <II = 1> <Delay = 0.97> <FuncUnit> <Opcode : 'and' 'or' 'xor'> <InPorts = 2> <OutPorts = 1>
ST_20 : Operation 182 [1/1] (0.00ns) (grouped into LUT with out node sel_tmp4)   --->   "%tmp_13_i_not = xor i1 %tmp_13_i, true" [r:/builds/2018.3/continuous/2018_12_06_2405991/src/products/hls/hls_lib/hlsmath/include/FloatingPoint\hls_exp_.h:210]   --->   Operation 182 'xor' 'tmp_13_i_not' <Predicate = true> <Delay = 0.00> <Core = "LogicGate">   --->   Core 27 'LogicGate' <Latency = 0> <II = 1> <Delay = 0.97> <FuncUnit> <Opcode : 'and' 'or' 'xor'> <InPorts = 2> <OutPorts = 1>
ST_20 : Operation 183 [1/1] (0.00ns) (grouped into LUT with out node sel_tmp4)   --->   "%sel_tmp = or i1 %p_Result_23, %tmp_13_i_not" [r:/builds/2018.3/continuous/2018_12_06_2405991/src/products/hls/hls_lib/hlsmath/include/FloatingPoint\hls_exp_.h:210]   --->   Operation 183 'or' 'sel_tmp' <Predicate = true> <Delay = 0.00> <Core = "LogicGate">   --->   Core 27 'LogicGate' <Latency = 0> <II = 1> <Delay = 0.97> <FuncUnit> <Opcode : 'and' 'or' 'xor'> <InPorts = 2> <OutPorts = 1>
ST_20 : Operation 184 [1/1] (0.00ns) (grouped into LUT with out node sel_tmp4)   --->   "%sel_tmp3 = xor i1 %x_is_ninf, true" [r:/builds/2018.3/continuous/2018_12_06_2405991/src/products/hls/hls_lib/hlsmath/include/FloatingPoint\hls_exp_.h:211]   --->   Operation 184 'xor' 'sel_tmp3' <Predicate = true> <Delay = 0.00> <Core = "LogicGate">   --->   Core 27 'LogicGate' <Latency = 0> <II = 1> <Delay = 0.97> <FuncUnit> <Opcode : 'and' 'or' 'xor'> <InPorts = 2> <OutPorts = 1>
ST_20 : Operation 185 [1/1] (0.00ns) (grouped into LUT with out node sel_tmp4)   --->   "%tmp53 = and i1 %sel_tmp1, %sel_tmp3" [r:/builds/2018.3/continuous/2018_12_06_2405991/src/products/hls/hls_lib/hlsmath/include/FloatingPoint\hls_exp_.h:211]   --->   Operation 185 'and' 'tmp53' <Predicate = true> <Delay = 0.00> <Core = "LogicGate">   --->   Core 27 'LogicGate' <Latency = 0> <II = 1> <Delay = 0.97> <FuncUnit> <Opcode : 'and' 'or' 'xor'> <InPorts = 2> <OutPorts = 1>
ST_20 : Operation 186 [1/1] (0.97ns) (out node of the LUT)   --->   "%sel_tmp4 = and i1 %tmp53, %sel_tmp" [r:/builds/2018.3/continuous/2018_12_06_2405991/src/products/hls/hls_lib/hlsmath/include/FloatingPoint\hls_exp_.h:211]   --->   Operation 186 'and' 'sel_tmp4' <Predicate = true> <Delay = 0.97> <Core = "LogicGate">   --->   Core 27 'LogicGate' <Latency = 0> <II = 1> <Delay = 0.97> <FuncUnit> <Opcode : 'and' 'or' 'xor'> <InPorts = 2> <OutPorts = 1>
ST_20 : Operation 187 [1/1] (0.00ns) (grouped into LUT with out node sel_tmp10)   --->   "%tmp54 = and i1 %sel_tmp9, %rev" [r:/builds/2018.3/continuous/2018_12_06_2405991/src/products/hls/hls_lib/hlsmath/include/FloatingPoint\hls_exp_.h:338]   --->   Operation 187 'and' 'tmp54' <Predicate = true> <Delay = 0.00> <Core = "LogicGate">   --->   Core 27 'LogicGate' <Latency = 0> <II = 1> <Delay = 0.97> <FuncUnit> <Opcode : 'and' 'or' 'xor'> <InPorts = 2> <OutPorts = 1>
ST_20 : Operation 188 [1/1] (0.97ns) (out node of the LUT)   --->   "%sel_tmp10 = and i1 %tmp54, %sel_tmp4" [r:/builds/2018.3/continuous/2018_12_06_2405991/src/products/hls/hls_lib/hlsmath/include/FloatingPoint\hls_exp_.h:338]   --->   Operation 188 'and' 'sel_tmp10' <Predicate = true> <Delay = 0.97> <Core = "LogicGate">   --->   Core 27 'LogicGate' <Latency = 0> <II = 1> <Delay = 0.97> <FuncUnit> <Opcode : 'and' 'or' 'xor'> <InPorts = 2> <OutPorts = 1>
ST_20 : Operation 189 [1/1] (0.00ns) (grouped into LUT with out node p_1)   --->   "%tmp55 = and i1 %sel_tmp9, %tmp_82" [r:/builds/2018.3/continuous/2018_12_06_2405991/src/products/hls/hls_lib/hlsmath/include/FloatingPoint\hls_exp_.h:338]   --->   Operation 189 'and' 'tmp55' <Predicate = true> <Delay = 0.00> <Core = "LogicGate">   --->   Core 27 'LogicGate' <Latency = 0> <II = 1> <Delay = 0.97> <FuncUnit> <Opcode : 'and' 'or' 'xor'> <InPorts = 2> <OutPorts = 1>
ST_20 : Operation 190 [1/1] (0.00ns) (grouped into LUT with out node tmp_36)   --->   "%tmp_34 = select i1 %sel_tmp10, double 0x7FF0000000000000, double 0.000000e+00" [r:/builds/2018.3/continuous/2018_12_06_2405991/src/products/hls/hls_lib/src/hls\utils/x_hls_utils.h:512->r:/builds/2018.3/continuous/2018_12_06_2405991/src/products/hls/hls_lib/src/hls\utils/x_hls_utils.h:526->r:/builds/2018.3/continuous/2018_12_06_2405991/src/products/hls/hls_lib/hlsmath/include/FloatingPoint\hls_exp_.h:365]   --->   Operation 190 'select' 'tmp_34' <Predicate = true> <Delay = 0.00> <Core = "Sel">   --->   Core 26 'Sel' <Latency = 0> <II = 1> <Delay = 1.48> <FuncUnit> <Opcode : 'select'> <InPorts = 3> <OutPorts = 1>
ST_20 : Operation 191 [1/1] (0.00ns) (grouped into LUT with out node tmp_36)   --->   "%tmp_35 = or i1 %sel_tmp10, %sel_tmp7" [r:/builds/2018.3/continuous/2018_12_06_2405991/src/products/hls/hls_lib/src/hls\utils/x_hls_utils.h:512->r:/builds/2018.3/continuous/2018_12_06_2405991/src/products/hls/hls_lib/src/hls\utils/x_hls_utils.h:526->r:/builds/2018.3/continuous/2018_12_06_2405991/src/products/hls/hls_lib/hlsmath/include/FloatingPoint\hls_exp_.h:365]   --->   Operation 191 'or' 'tmp_35' <Predicate = true> <Delay = 0.00> <Core = "LogicGate">   --->   Core 27 'LogicGate' <Latency = 0> <II = 1> <Delay = 0.97> <FuncUnit> <Opcode : 'and' 'or' 'xor'> <InPorts = 2> <OutPorts = 1>
ST_20 : Operation 192 [1/1] (1.48ns) (out node of the LUT)   --->   "%tmp_36 = select i1 %tmp_35, double %tmp_34, double %tmp_33" [r:/builds/2018.3/continuous/2018_12_06_2405991/src/products/hls/hls_lib/src/hls\utils/x_hls_utils.h:512->r:/builds/2018.3/continuous/2018_12_06_2405991/src/products/hls/hls_lib/src/hls\utils/x_hls_utils.h:526->r:/builds/2018.3/continuous/2018_12_06_2405991/src/products/hls/hls_lib/hlsmath/include/FloatingPoint\hls_exp_.h:365]   --->   Operation 192 'select' 'tmp_36' <Predicate = true> <Delay = 1.48> <Core = "Sel">   --->   Core 26 'Sel' <Latency = 0> <II = 1> <Delay = 1.48> <FuncUnit> <Opcode : 'select'> <InPorts = 3> <OutPorts = 1>
ST_20 : Operation 193 [1/1] (0.00ns) (grouped into LUT with out node p_1)   --->   "%sel_tmp15 = or i1 %tmp56, %tmp55" [r:/builds/2018.3/continuous/2018_12_06_2405991/src/products/hls/hls_lib/src/hls\utils/x_hls_utils.h:512->r:/builds/2018.3/continuous/2018_12_06_2405991/src/products/hls/hls_lib/src/hls\utils/x_hls_utils.h:526->r:/builds/2018.3/continuous/2018_12_06_2405991/src/products/hls/hls_lib/hlsmath/include/FloatingPoint\hls_exp_.h:365]   --->   Operation 193 'or' 'sel_tmp15' <Predicate = true> <Delay = 0.00> <Core = "LogicGate">   --->   Core 27 'LogicGate' <Latency = 0> <II = 1> <Delay = 0.97> <FuncUnit> <Opcode : 'and' 'or' 'xor'> <InPorts = 2> <OutPorts = 1>
ST_20 : Operation 194 [1/1] (0.00ns) (grouped into LUT with out node p_1)   --->   "%tmp_37 = and i1 %sel_tmp15, %sel_tmp4" [r:/builds/2018.3/continuous/2018_12_06_2405991/src/products/hls/hls_lib/src/hls\utils/x_hls_utils.h:512->r:/builds/2018.3/continuous/2018_12_06_2405991/src/products/hls/hls_lib/src/hls\utils/x_hls_utils.h:526->r:/builds/2018.3/continuous/2018_12_06_2405991/src/products/hls/hls_lib/hlsmath/include/FloatingPoint\hls_exp_.h:365]   --->   Operation 194 'and' 'tmp_37' <Predicate = true> <Delay = 0.00> <Core = "LogicGate">   --->   Core 27 'LogicGate' <Latency = 0> <II = 1> <Delay = 0.97> <FuncUnit> <Opcode : 'and' 'or' 'xor'> <InPorts = 2> <OutPorts = 1>
ST_20 : Operation 195 [1/1] (1.48ns) (out node of the LUT)   --->   "%p_1 = select i1 %tmp_37, double 0.000000e+00, double %tmp_36" [r:/builds/2018.3/continuous/2018_12_06_2405991/src/products/hls/hls_lib/src/hls\utils/x_hls_utils.h:512->r:/builds/2018.3/continuous/2018_12_06_2405991/src/products/hls/hls_lib/src/hls\utils/x_hls_utils.h:526->r:/builds/2018.3/continuous/2018_12_06_2405991/src/products/hls/hls_lib/hlsmath/include/FloatingPoint\hls_exp_.h:365]   --->   Operation 195 'select' 'p_1' <Predicate = true> <Delay = 1.48> <Core = "Sel">   --->   Core 26 'Sel' <Latency = 0> <II = 1> <Delay = 1.48> <FuncUnit> <Opcode : 'select'> <InPorts = 3> <OutPorts = 1>
ST_20 : Operation 196 [1/1] (0.00ns)   --->   "ret double %p_1" [r:/builds/2018.3/continuous/2018_12_06_2405991/src/products/hls/hls_lib/hlsmath/include/FloatingPoint\hls_exp_.h:367]   --->   Operation 196 'ret' <Predicate = true> <Delay = 0.00>


============================================================
+ Verbose Summary: Timing violations
============================================================
Target clock period: 10ns, clock uncertainty: 1.25ns.

 <State 1>: 4.21ns
The critical path consists of the following:
	wire read on port 'x' (r:/builds/2018.3/continuous/2018_12_06_2405991/src/products/hls/hls_lib/hlsmath/include/FloatingPoint\hls_exp_.h:184) [5]  (0 ns)
	'sub' operation ('e_frac.V', r:/builds/2018.3/continuous/2018_12_06_2405991/src/products/hls/hls_lib/hlsmath/include/FloatingPoint\hls_exp_.h:252) [21]  (3.26 ns)
	'select' operation ('tmp_21', r:/builds/2018.3/continuous/2018_12_06_2405991/src/products/hls/hls_lib/hlsmath/include/FloatingPoint\hls_exp_.h:252) [22]  (0.948 ns)

 <State 2>: 6.94ns
The critical path consists of the following:
	'add' operation ('m_exp', r:/builds/2018.3/continuous/2018_12_06_2405991/src/products/hls/hls_lib/src/hls\utils/x_hls_utils.h:502->r:/builds/2018.3/continuous/2018_12_06_2405991/src/products/hls/hls_lib/hlsmath/include/FloatingPoint\hls_exp_.h:236) [19]  (1.64 ns)
	'select' operation ('m_exp', r:/builds/2018.3/continuous/2018_12_06_2405991/src/products/hls/hls_lib/hlsmath/include/FloatingPoint\hls_exp_.h:257) [28]  (0.697 ns)
	'shl' operation ('r.V', r:/builds/2018.3/continuous/2018_12_06_2405991/src/products/hls/hls_lib/hlsmath/include/FloatingPoint\hls_exp_.h:257) [34]  (0 ns)
	'select' operation ('r.V', r:/builds/2018.3/continuous/2018_12_06_2405991/src/products/hls/hls_lib/hlsmath/include/FloatingPoint\hls_exp_.h:257) [35]  (4.6 ns)

 <State 3>: 9.51ns
The critical path consists of the following:
	'mul' operation of DSP[46] ('r.V', r:/builds/2018.3/continuous/2018_12_06_2405991/src/products/hls/hls_lib/hlsmath/include/FloatingPoint\hls_exp_.h:271) [43]  (3.36 ns)
	'add' operation of DSP[46] ('ret.V', r:/builds/2018.3/continuous/2018_12_06_2405991/src/products/hls/hls_lib/hlsmath/include/FloatingPoint\hls_exp_.h:271) [46]  (3.02 ns)
	'icmp' operation ('tmp_16', r:/builds/2018.3/continuous/2018_12_06_2405991/src/products/hls/hls_lib/hlsmath/include/FloatingPoint\hls_exp_.h:271) [50]  (2.43 ns)
	'select' operation ('p_s', r:/builds/2018.3/continuous/2018_12_06_2405991/src/products/hls/hls_lib/hlsmath/include/FloatingPoint\hls_exp_.h:271) [52]  (0 ns)
	'select' operation ('r_exp.V', r:/builds/2018.3/continuous/2018_12_06_2405991/src/products/hls/hls_lib/hlsmath/include/FloatingPoint\hls_exp_.h:271) [53]  (0.7 ns)

 <State 4>: 6.98ns
The critical path consists of the following:
	'mul' operation ('r.V', r:/builds/2018.3/continuous/2018_12_06_2405991/src/products/hls/hls_lib/hlsmath/include/FloatingPoint\hls_exp_.h:277) [55]  (6.98 ns)

 <State 5>: 6.98ns
The critical path consists of the following:
	'mul' operation ('r.V', r:/builds/2018.3/continuous/2018_12_06_2405991/src/products/hls/hls_lib/hlsmath/include/FloatingPoint\hls_exp_.h:277) [55]  (6.98 ns)

 <State 6>: 6.98ns
The critical path consists of the following:
	'mul' operation ('r.V', r:/builds/2018.3/continuous/2018_12_06_2405991/src/products/hls/hls_lib/hlsmath/include/FloatingPoint\hls_exp_.h:277) [55]  (6.98 ns)

 <State 7>: 6.98ns
The critical path consists of the following:
	'mul' operation ('r.V', r:/builds/2018.3/continuous/2018_12_06_2405991/src/products/hls/hls_lib/hlsmath/include/FloatingPoint\hls_exp_.h:277) [55]  (6.98 ns)

 <State 8>: 6.98ns
The critical path consists of the following:
	'mul' operation ('r.V', r:/builds/2018.3/continuous/2018_12_06_2405991/src/products/hls/hls_lib/hlsmath/include/FloatingPoint\hls_exp_.h:277) [55]  (6.98 ns)

 <State 9>: 7ns
The critical path consists of the following:
	'sub' operation ('ret.V', r:/builds/2018.3/continuous/2018_12_06_2405991/src/products/hls/hls_lib/hlsmath/include/FloatingPoint\hls_exp_.h:283) [60]  (3.75 ns)
	'getelementptr' operation ('table_f_Z3_array_V_s', r:/builds/2018.3/continuous/2018_12_06_2405991/src/products/hls/hls_lib/hlsmath/include/FloatingPoint\hls_exp_.h:142->r:/builds/2018.3/continuous/2018_12_06_2405991/src/products/hls/hls_lib/hlsmath/include/FloatingPoint\hls_exp_.h:321) [70]  (0 ns)
	'load' operation ('table_f_Z3_array_V_1', r:/builds/2018.3/continuous/2018_12_06_2405991/src/products/hls/hls_lib/hlsmath/include/FloatingPoint\hls_exp_.h:142->r:/builds/2018.3/continuous/2018_12_06_2405991/src/products/hls/hls_lib/hlsmath/include/FloatingPoint\hls_exp_.h:321) on array 'table_f_Z3_array_V' [71]  (3.25 ns)

 <State 10>: 5.93ns
The critical path consists of the following:
	'load' operation ('table_f_Z3_array_V_1', r:/builds/2018.3/continuous/2018_12_06_2405991/src/products/hls/hls_lib/hlsmath/include/FloatingPoint\hls_exp_.h:142->r:/builds/2018.3/continuous/2018_12_06_2405991/src/products/hls/hls_lib/hlsmath/include/FloatingPoint\hls_exp_.h:321) on array 'table_f_Z3_array_V' [71]  (3.25 ns)
	'add' operation ('ret.V', r:/builds/2018.3/continuous/2018_12_06_2405991/src/products/hls/hls_lib/hlsmath/include/FloatingPoint\hls_exp_.h:143->r:/builds/2018.3/continuous/2018_12_06_2405991/src/products/hls/hls_lib/hlsmath/include/FloatingPoint\hls_exp_.h:321) [75]  (2.67 ns)

 <State 11>: 8.06ns
The critical path consists of the following:
	'mul' operation ('r.V', r:/builds/2018.3/continuous/2018_12_06_2405991/src/products/hls/hls_lib/hlsmath/include/FloatingPoint\hls_exp_.h:151->r:/builds/2018.3/continuous/2018_12_06_2405991/src/products/hls/hls_lib/hlsmath/include/FloatingPoint\hls_exp_.h:321) [83]  (8.06 ns)

 <State 12>: 8.06ns
The critical path consists of the following:
	'mul' operation ('r.V', r:/builds/2018.3/continuous/2018_12_06_2405991/src/products/hls/hls_lib/hlsmath/include/FloatingPoint\hls_exp_.h:151->r:/builds/2018.3/continuous/2018_12_06_2405991/src/products/hls/hls_lib/hlsmath/include/FloatingPoint\hls_exp_.h:321) [83]  (8.06 ns)

 <State 13>: 5.68ns
The critical path consists of the following:
	'add' operation ('tmp', r:/builds/2018.3/continuous/2018_12_06_2405991/src/products/hls/hls_lib/hlsmath/include/FloatingPoint\hls_exp_.h:158->r:/builds/2018.3/continuous/2018_12_06_2405991/src/products/hls/hls_lib/hlsmath/include/FloatingPoint\hls_exp_.h:321) [86]  (2.71 ns)
	'add' operation ('exp_Z2P_m_1.V', r:/builds/2018.3/continuous/2018_12_06_2405991/src/products/hls/hls_lib/hlsmath/include/FloatingPoint\hls_exp_.h:158->r:/builds/2018.3/continuous/2018_12_06_2405991/src/products/hls/hls_lib/hlsmath/include/FloatingPoint\hls_exp_.h:321) [88]  (2.96 ns)

 <State 14>: 8.62ns
The critical path consists of the following:
	'mul' operation ('r.V', r:/builds/2018.3/continuous/2018_12_06_2405991/src/products/hls/hls_lib/hlsmath/include/FloatingPoint\hls_exp_.h:170->r:/builds/2018.3/continuous/2018_12_06_2405991/src/products/hls/hls_lib/hlsmath/include/FloatingPoint\hls_exp_.h:321) [96]  (8.62 ns)

 <State 15>: 8.62ns
The critical path consists of the following:
	'mul' operation ('r.V', r:/builds/2018.3/continuous/2018_12_06_2405991/src/products/hls/hls_lib/hlsmath/include/FloatingPoint\hls_exp_.h:170->r:/builds/2018.3/continuous/2018_12_06_2405991/src/products/hls/hls_lib/hlsmath/include/FloatingPoint\hls_exp_.h:321) [96]  (8.62 ns)

 <State 16>: 6.17ns
The critical path consists of the following:
	'add' operation ('tmp51', r:/builds/2018.3/continuous/2018_12_06_2405991/src/products/hls/hls_lib/hlsmath/include/FloatingPoint\hls_exp_.h:173->r:/builds/2018.3/continuous/2018_12_06_2405991/src/products/hls/hls_lib/hlsmath/include/FloatingPoint\hls_exp_.h:321) [101]  (2.99 ns)
	'add' operation ('exp_Z1P_m_1_l.V', r:/builds/2018.3/continuous/2018_12_06_2405991/src/products/hls/hls_lib/hlsmath/include/FloatingPoint\hls_exp_.h:173->r:/builds/2018.3/continuous/2018_12_06_2405991/src/products/hls/hls_lib/hlsmath/include/FloatingPoint\hls_exp_.h:321) [103]  (3.18 ns)

 <State 17>: 8.62ns
The critical path consists of the following:
	'mul' operation ('r.V', r:/builds/2018.3/continuous/2018_12_06_2405991/src/products/hls/hls_lib/hlsmath/include/FloatingPoint\hls_exp_.h:325) [110]  (8.62 ns)

 <State 18>: 8.62ns
The critical path consists of the following:
	'mul' operation ('r.V', r:/builds/2018.3/continuous/2018_12_06_2405991/src/products/hls/hls_lib/hlsmath/include/FloatingPoint\hls_exp_.h:325) [110]  (8.62 ns)

 <State 19>: 8.57ns
The critical path consists of the following:
	'add' operation ('ret_V_10_cast', r:/builds/2018.3/continuous/2018_12_06_2405991/src/products/hls/hls_lib/hlsmath/include/FloatingPoint\hls_exp_.h:325) [117]  (4.75 ns)
	'select' operation ('r_exp.V', r:/builds/2018.3/continuous/2018_12_06_2405991/src/products/hls/hls_lib/hlsmath/include/FloatingPoint\hls_exp_.h:333) [120]  (0.7 ns)
	'add' operation ('out.exp.V', r:/builds/2018.3/continuous/2018_12_06_2405991/src/products/hls/hls_lib/hlsmath/include/FloatingPoint\hls_exp_.h:364) [135]  (1.64 ns)
	'select' operation ('tmp_33', r:/builds/2018.3/continuous/2018_12_06_2405991/src/products/hls/hls_lib/src/hls\utils/x_hls_utils.h:512->r:/builds/2018.3/continuous/2018_12_06_2405991/src/products/hls/hls_lib/src/hls\utils/x_hls_utils.h:526->r:/builds/2018.3/continuous/2018_12_06_2405991/src/products/hls/hls_lib/hlsmath/include/FloatingPoint\hls_exp_.h:365) [162]  (1.48 ns)

 <State 20>: 5.9ns
The critical path consists of the following:
	'and' operation ('x_is_ninf', r:/builds/2018.3/continuous/2018_12_06_2405991/src/products/hls/hls_lib/hlsmath/include/FloatingPoint\hls_exp_.h:211) [17]  (0.978 ns)
	'xor' operation ('sel_tmp3', r:/builds/2018.3/continuous/2018_12_06_2405991/src/products/hls/hls_lib/hlsmath/include/FloatingPoint\hls_exp_.h:211) [143]  (0 ns)
	'and' operation ('tmp53', r:/builds/2018.3/continuous/2018_12_06_2405991/src/products/hls/hls_lib/hlsmath/include/FloatingPoint\hls_exp_.h:211) [144]  (0 ns)
	'and' operation ('sel_tmp4', r:/builds/2018.3/continuous/2018_12_06_2405991/src/products/hls/hls_lib/hlsmath/include/FloatingPoint\hls_exp_.h:211) [145]  (0.978 ns)
	'and' operation ('sel_tmp10', r:/builds/2018.3/continuous/2018_12_06_2405991/src/products/hls/hls_lib/hlsmath/include/FloatingPoint\hls_exp_.h:338) [151]  (0.978 ns)
	'or' operation ('tmp_35', r:/builds/2018.3/continuous/2018_12_06_2405991/src/products/hls/hls_lib/src/hls\utils/x_hls_utils.h:512->r:/builds/2018.3/continuous/2018_12_06_2405991/src/products/hls/hls_lib/src/hls\utils/x_hls_utils.h:526->r:/builds/2018.3/continuous/2018_12_06_2405991/src/products/hls/hls_lib/hlsmath/include/FloatingPoint\hls_exp_.h:365) [164]  (0 ns)
	'select' operation ('tmp_36', r:/builds/2018.3/continuous/2018_12_06_2405991/src/products/hls/hls_lib/src/hls\utils/x_hls_utils.h:512->r:/builds/2018.3/continuous/2018_12_06_2405991/src/products/hls/hls_lib/src/hls\utils/x_hls_utils.h:526->r:/builds/2018.3/continuous/2018_12_06_2405991/src/products/hls/hls_lib/hlsmath/include/FloatingPoint\hls_exp_.h:365) [165]  (1.48 ns)
	'select' operation ('p_1', r:/builds/2018.3/continuous/2018_12_06_2405991/src/products/hls/hls_lib/src/hls\utils/x_hls_utils.h:512->r:/builds/2018.3/continuous/2018_12_06_2405991/src/products/hls/hls_lib/src/hls\utils/x_hls_utils.h:526->r:/builds/2018.3/continuous/2018_12_06_2405991/src/products/hls/hls_lib/hlsmath/include/FloatingPoint\hls_exp_.h:365) [168]  (1.48 ns)


============================================================
+ Verbose Summary: Binding
============================================================
N/A
* FSMD analyzer results:
  - Output states:
 - Input state : 
  - Chain level:
	State 1
	State 2
	State 3
	State 4
	State 5
	State 6
	State 7
	State 8
	State 9
	State 10
	State 11
	State 12
	State 13
	State 14
	State 15
	State 16
	State 17
	State 18
	State 19
	State 20


============================================================
+ Verbose Summary: Datapath Resource usage 
============================================================
N/A
