

================================================================
== Vivado HLS Report for 'generic_tanh_float_s'
================================================================
* Date:           Fri Mar 28 13:00:07 2025

* Version:        2018.3 (Build 2405991 on Thu Dec 06 23:56:15 MST 2018)
* Project:        lstm_hls
* Solution:       solution1
* Product family: zynq
* Target device:  xc7z020clg400-1


================================================================
== Performance Estimates
================================================================
+ Timing (ns): 
    * Summary: 
    +--------+-------+----------+------------+
    |  Clock | Target| Estimated| Uncertainty|
    +--------+-------+----------+------------+
    |ap_clk  |  10.00|     9.514|        1.25|
    +--------+-------+----------+------------+

+ Latency (clock cycles): 
    * Summary: 
    +-----+-----+-----+-----+----------+
    |  Latency  |  Interval | Pipeline |
    | min | max | min | max |   Type   |
    +-----+-----+-----+-----+----------+
    |   58|   58|    1|    1| function |
    +-----+-----+-----+-----+----------+

    + Detail: 
        * Instance: 
        N/A

        * Loop: 
        N/A

============================================================
+ Verbose Summary: Synthesis Manager
============================================================
InlineROM: 1
ExposeGlobal: 0
============================================================
+ Verbose Summary: CDFG Model
============================================================
IsTopModel: 0
ResetActiveHigh: 1
IsCombinational: 0
IsDatapathOnly: 0
HasWiredReturn: 1
HasMFsm: 2
HasVarLatency: 0
IsPipeline: 1
IsRtlPipelined: 1
IsInstanceOverlapped: 0
IsDontTouch: 0
HasImplIP: 0
IsGatedGlobalClock: 0

+ Individual pipeline summary: 
  * Pipeline-0: initiation interval (II) = 1, depth = 59


============================================================
+ Verbose Summary: Schedule
============================================================
* Number of FSM states : 59
* Pipeline : 1
  Pipeline-0 : II = 1, D = 59, States = { 1 2 3 4 5 6 7 8 9 10 11 12 13 14 15 16 17 18 19 20 21 22 23 24 25 26 27 28 29 30 31 32 33 34 35 36 37 38 39 40 41 42 43 44 45 46 47 48 49 50 51 52 53 54 55 56 57 58 59 }
* Dataflow Pipeline: 0

* FSM state transitions: 
1 --> 
	2  / true
2 --> 
	3  / true
3 --> 
	4  / true
4 --> 
	5  / true
5 --> 
	6  / true
6 --> 
	7  / true
7 --> 
	8  / true
8 --> 
	9  / true
9 --> 
	10  / true
10 --> 
	11  / true
11 --> 
	12  / true
12 --> 
	13  / true
13 --> 
	14  / true
14 --> 
	15  / true
15 --> 
	16  / true
16 --> 
	17  / true
17 --> 
	18  / true
18 --> 
	19  / true
19 --> 
	20  / true
20 --> 
	21  / true
21 --> 
	22  / true
22 --> 
	23  / true
23 --> 
	24  / true
24 --> 
	25  / true
25 --> 
	26  / true
26 --> 
	27  / true
27 --> 
	28  / true
28 --> 
	29  / true
29 --> 
	30  / true
30 --> 
	31  / true
31 --> 
	32  / true
32 --> 
	33  / true
33 --> 
	34  / true
34 --> 
	35  / true
35 --> 
	36  / true
36 --> 
	37  / true
37 --> 
	38  / true
38 --> 
	39  / true
39 --> 
	40  / true
40 --> 
	41  / true
41 --> 
	42  / true
42 --> 
	43  / true
43 --> 
	44  / true
44 --> 
	45  / true
45 --> 
	46  / true
46 --> 
	47  / true
47 --> 
	48  / true
48 --> 
	49  / true
49 --> 
	50  / true
50 --> 
	51  / true
51 --> 
	52  / true
52 --> 
	53  / true
53 --> 
	54  / true
54 --> 
	55  / true
55 --> 
	56  / true
56 --> 
	57  / true
57 --> 
	58  / true
58 --> 
	59  / true
59 --> 

* FSM state operations: 

State 1 <SV = 0> <Delay = 8.69>
ST_1 : Operation 60 [1/1] (0.00ns)   --->   "%t_in_read = call float @_ssdm_op_Read.ap_auto.float(float %t_in) nounwind" [r:/builds/2018.3/continuous/2018_12_06_2405991/src/products/hls/hls_lib/hlsmath/include/FloatingPoint\hls_tanh.h:56]   --->   Operation 60 'read' 't_in_read' <Predicate = true> <Delay = 0.00>
ST_1 : Operation 61 [1/1] (0.00ns)   --->   "%p_Val2_s = bitcast float %t_in_read to i32" [r:/builds/2018.3/continuous/2018_12_06_2405991/src/products/hls/hls_lib/src/hls\utils/x_hls_utils.h:310->r:/builds/2018.3/continuous/2018_12_06_2405991/src/products/hls/hls_lib/src/hls\utils/x_hls_utils.h:319->r:/builds/2018.3/continuous/2018_12_06_2405991/src/products/hls/hls_lib/hlsmath/include/FloatingPoint\hls_tanh.h:60]   --->   Operation 61 'bitcast' 'p_Val2_s' <Predicate = true> <Delay = 0.00>
ST_1 : Operation 62 [1/1] (0.00ns)   --->   "%p_Result_s = call i1 @_ssdm_op_BitSelect.i1.i32.i32(i32 %p_Val2_s, i32 31)" [r:/builds/2018.3/continuous/2018_12_06_2405991/src/products/hls/hls_lib/src/hls\utils/x_hls_utils.h:310->r:/builds/2018.3/continuous/2018_12_06_2405991/src/products/hls/hls_lib/src/hls\utils/x_hls_utils.h:319->r:/builds/2018.3/continuous/2018_12_06_2405991/src/products/hls/hls_lib/hlsmath/include/FloatingPoint\hls_tanh.h:60]   --->   Operation 62 'bitselect' 'p_Result_s' <Predicate = true> <Delay = 0.00>
ST_1 : Operation 63 [1/1] (0.00ns)   --->   "%tmp_V = call i8 @_ssdm_op_PartSelect.i8.i32.i32.i32(i32 %p_Val2_s, i32 23, i32 30)" [r:/builds/2018.3/continuous/2018_12_06_2405991/src/products/hls/hls_lib/src/hls\utils/x_hls_utils.h:317->r:/builds/2018.3/continuous/2018_12_06_2405991/src/products/hls/hls_lib/src/hls\utils/x_hls_utils.h:319->r:/builds/2018.3/continuous/2018_12_06_2405991/src/products/hls/hls_lib/hlsmath/include/FloatingPoint\hls_tanh.h:60]   --->   Operation 63 'partselect' 'tmp_V' <Predicate = true> <Delay = 0.00>
ST_1 : Operation 64 [1/1] (0.00ns)   --->   "%tmp_V_1 = trunc i32 %p_Val2_s to i23" [r:/builds/2018.3/continuous/2018_12_06_2405991/src/products/hls/hls_lib/src/hls\utils/x_hls_utils.h:318->r:/builds/2018.3/continuous/2018_12_06_2405991/src/products/hls/hls_lib/src/hls\utils/x_hls_utils.h:319->r:/builds/2018.3/continuous/2018_12_06_2405991/src/products/hls/hls_lib/hlsmath/include/FloatingPoint\hls_tanh.h:60]   --->   Operation 64 'trunc' 'tmp_V_1' <Predicate = true> <Delay = 0.00>
ST_1 : Operation 65 [1/1] (0.00ns)   --->   "%tmp_15 = trunc i32 %p_Val2_s to i31" [r:/builds/2018.3/continuous/2018_12_06_2405991/src/products/hls/hls_lib/src/hls\utils/x_hls_utils.h:335->r:/builds/2018.3/continuous/2018_12_06_2405991/src/products/hls/hls_lib/src/hls\utils/x_hls_utils.h:348->r:/builds/2018.3/continuous/2018_12_06_2405991/src/products/hls/hls_lib/src/hls\utils/x_hls_utils.h:369->r:/builds/2018.3/continuous/2018_12_06_2405991/src/products/hls/hls_lib/hlsmath/include/FloatingPoint/hls_copysign.h:13->r:/builds/2018.3/continuous/2018_12_06_2405991/src/products/hls/hls_lib/hlsmath/include/FloatingPoint/hls_fabs.h:12->r:/builds/2018.3/continuous/2018_12_06_2405991/src/products/hls/hls_lib/hlsmath/include/FloatingPoint\hls_tanh.h:61]   --->   Operation 65 'trunc' 'tmp_15' <Predicate = true> <Delay = 0.00>
ST_1 : Operation 66 [1/1] (0.00ns)   --->   "%p_Result_9 = call i32 @_ssdm_op_BitConcatenate.i32.i1.i31(i1 false, i31 %tmp_15)" [r:/builds/2018.3/continuous/2018_12_06_2405991/src/products/hls/hls_lib/src/hls\utils/x_hls_utils.h:335->r:/builds/2018.3/continuous/2018_12_06_2405991/src/products/hls/hls_lib/src/hls\utils/x_hls_utils.h:348->r:/builds/2018.3/continuous/2018_12_06_2405991/src/products/hls/hls_lib/src/hls\utils/x_hls_utils.h:369->r:/builds/2018.3/continuous/2018_12_06_2405991/src/products/hls/hls_lib/hlsmath/include/FloatingPoint/hls_copysign.h:13->r:/builds/2018.3/continuous/2018_12_06_2405991/src/products/hls/hls_lib/hlsmath/include/FloatingPoint/hls_fabs.h:12->r:/builds/2018.3/continuous/2018_12_06_2405991/src/products/hls/hls_lib/hlsmath/include/FloatingPoint\hls_tanh.h:61]   --->   Operation 66 'bitconcatenate' 'p_Result_9' <Predicate = true> <Delay = 0.00>
ST_1 : Operation 67 [1/1] (0.00ns)   --->   "%abst_in = bitcast i32 %p_Result_9 to float" [r:/builds/2018.3/continuous/2018_12_06_2405991/src/products/hls/hls_lib/src/hls\utils/x_hls_utils.h:348->r:/builds/2018.3/continuous/2018_12_06_2405991/src/products/hls/hls_lib/src/hls\utils/x_hls_utils.h:369->r:/builds/2018.3/continuous/2018_12_06_2405991/src/products/hls/hls_lib/hlsmath/include/FloatingPoint/hls_copysign.h:13->r:/builds/2018.3/continuous/2018_12_06_2405991/src/products/hls/hls_lib/hlsmath/include/FloatingPoint/hls_fabs.h:12->r:/builds/2018.3/continuous/2018_12_06_2405991/src/products/hls/hls_lib/hlsmath/include/FloatingPoint\hls_tanh.h:61]   --->   Operation 67 'bitcast' 'abst_in' <Predicate = true> <Delay = 0.00>
ST_1 : Operation 68 [1/1] (1.55ns)   --->   "%tmp = icmp eq i8 %tmp_V, -1" [r:/builds/2018.3/continuous/2018_12_06_2405991/src/products/hls/hls_lib/hlsmath/include/FloatingPoint\hls_tanh.h:64]   --->   Operation 68 'icmp' 'tmp' <Predicate = true> <Delay = 1.55> <Core = "Cmp">   --->   Core 25 'Cmp' <Latency = 0> <II = 1> <Delay = 2.44> <FuncUnit> <Opcode : 'icmp'> <InPorts = 2> <OutPorts = 1>
ST_1 : Operation 69 [1/1] (0.00ns)   --->   "br i1 %tmp, label %1, label %2" [r:/builds/2018.3/continuous/2018_12_06_2405991/src/products/hls/hls_lib/hlsmath/include/FloatingPoint\hls_tanh.h:64]   --->   Operation 69 'br' <Predicate = true> <Delay = 0.00>
ST_1 : Operation 70 [1/1] (1.55ns)   --->   "%tmp_3 = icmp ult i8 %tmp_V, 72" [r:/builds/2018.3/continuous/2018_12_06_2405991/src/products/hls/hls_lib/hlsmath/include/FloatingPoint\hls_tanh.h:73]   --->   Operation 70 'icmp' 'tmp_3' <Predicate = (!tmp)> <Delay = 1.55> <Core = "Cmp">   --->   Core 25 'Cmp' <Latency = 0> <II = 1> <Delay = 2.44> <FuncUnit> <Opcode : 'icmp'> <InPorts = 2> <OutPorts = 1>
ST_1 : Operation 71 [1/1] (0.00ns)   --->   "br i1 %tmp_3, label %._crit_edge56, label %3" [r:/builds/2018.3/continuous/2018_12_06_2405991/src/products/hls/hls_lib/hlsmath/include/FloatingPoint\hls_tanh.h:73]   --->   Operation 71 'br' <Predicate = (!tmp)> <Delay = 0.00>
ST_1 : Operation 72 [1/1] (1.55ns)   --->   "%tmp_4 = icmp eq i8 %tmp_V, 72" [r:/builds/2018.3/continuous/2018_12_06_2405991/src/products/hls/hls_lib/hlsmath/include/FloatingPoint\hls_tanh.h:74]   --->   Operation 72 'icmp' 'tmp_4' <Predicate = (!tmp & !tmp_3)> <Delay = 1.55> <Core = "Cmp">   --->   Core 25 'Cmp' <Latency = 0> <II = 1> <Delay = 2.44> <FuncUnit> <Opcode : 'icmp'> <InPorts = 2> <OutPorts = 1>
ST_1 : Operation 73 [1/1] (2.44ns)   --->   "%tmp_5 = icmp eq i23 %tmp_V_1, 0" [r:/builds/2018.3/continuous/2018_12_06_2405991/src/products/hls/hls_lib/hlsmath/include/FloatingPoint\hls_tanh.h:74]   --->   Operation 73 'icmp' 'tmp_5' <Predicate = (!tmp & !tmp_3)> <Delay = 2.44> <Core = "Cmp">   --->   Core 25 'Cmp' <Latency = 0> <II = 1> <Delay = 2.44> <FuncUnit> <Opcode : 'icmp'> <InPorts = 2> <OutPorts = 1>
ST_1 : Operation 74 [1/1] (0.97ns)   --->   "%or_cond = and i1 %tmp_4, %tmp_5" [r:/builds/2018.3/continuous/2018_12_06_2405991/src/products/hls/hls_lib/hlsmath/include/FloatingPoint\hls_tanh.h:74]   --->   Operation 74 'and' 'or_cond' <Predicate = (!tmp & !tmp_3)> <Delay = 0.97> <Core = "LogicGate">   --->   Core 27 'LogicGate' <Latency = 0> <II = 1> <Delay = 0.99> <FuncUnit> <Opcode : 'and' 'or' 'xor'> <InPorts = 2> <OutPorts = 1>
ST_1 : Operation 75 [1/1] (0.00ns)   --->   "br i1 %or_cond, label %._crit_edge56, label %._crit_edge57" [r:/builds/2018.3/continuous/2018_12_06_2405991/src/products/hls/hls_lib/hlsmath/include/FloatingPoint\hls_tanh.h:74]   --->   Operation 75 'br' <Predicate = (!tmp & !tmp_3)> <Delay = 0.00>
ST_1 : Operation 76 [1/1] (6.78ns)   --->   "%tmp_7 = fcmp olt float %abst_in, 2.200000e+01" [r:/builds/2018.3/continuous/2018_12_06_2405991/src/products/hls/hls_lib/hlsmath/include/FloatingPoint\hls_tanh.h:79]   --->   Operation 76 'fcmp' 'tmp_7' <Predicate = (!tmp & !tmp_3 & !or_cond)> <Delay = 6.78> <Core = "FCmp">   --->   Core 110 'FCmp' <Latency = 0> <II = 1> <Delay = 6.78> <FuncUnit> <Opcode : 'fcmp'> <InPorts = 2> <OutPorts = 1>
ST_1 : Operation 77 [1/1] (1.90ns)   --->   "br i1 %tmp_7, label %_ifconv, label %._crit_edge_ifconv" [r:/builds/2018.3/continuous/2018_12_06_2405991/src/products/hls/hls_lib/hlsmath/include/FloatingPoint\hls_tanh.h:79]   --->   Operation 77 'br' <Predicate = (!tmp & !tmp_3 & !or_cond)> <Delay = 1.90>
ST_1 : Operation 78 [1/1] (1.55ns)   --->   "%tmp_8 = icmp ult i8 %tmp_V, 127" [r:/builds/2018.3/continuous/2018_12_06_2405991/src/products/hls/hls_lib/hlsmath/include/FloatingPoint\hls_tanh.h:82]   --->   Operation 78 'icmp' 'tmp_8' <Predicate = (!tmp & !tmp_3 & !or_cond & tmp_7)> <Delay = 1.55> <Core = "Cmp">   --->   Core 25 'Cmp' <Latency = 0> <II = 1> <Delay = 2.44> <FuncUnit> <Opcode : 'icmp'> <InPorts = 2> <OutPorts = 1>
ST_1 : Operation 79 [1/1] (0.99ns)   --->   "%tmp_78_neg = xor i32 %p_Result_9, -2147483648" [r:/builds/2018.3/continuous/2018_12_06_2405991/src/products/hls/hls_lib/hlsmath/include/FloatingPoint\hls_tanh.h:83]   --->   Operation 79 'xor' 'tmp_78_neg' <Predicate = (!tmp & !tmp_3 & !or_cond & tmp_7)> <Delay = 0.99> <Core = "LogicGate">   --->   Core 27 'LogicGate' <Latency = 0> <II = 1> <Delay = 0.99> <FuncUnit> <Opcode : 'and' 'or' 'xor'> <InPorts = 2> <OutPorts = 1>
ST_1 : Operation 80 [1/1] (0.00ns)   --->   "%tmp_9 = bitcast i32 %tmp_78_neg to float" [r:/builds/2018.3/continuous/2018_12_06_2405991/src/products/hls/hls_lib/hlsmath/include/FloatingPoint\hls_tanh.h:83]   --->   Operation 80 'bitcast' 'tmp_9' <Predicate = (!tmp & !tmp_3 & !or_cond & tmp_7)> <Delay = 0.00>
ST_1 : Operation 81 [5/5] (7.25ns)   --->   "%x = fsub float %tmp_9, %abst_in" [r:/builds/2018.3/continuous/2018_12_06_2405991/src/products/hls/hls_lib/hlsmath/include/FloatingPoint\hls_tanh.h:83]   --->   Operation 81 'fsub' 'x' <Predicate = (!tmp & !tmp_3 & !or_cond & tmp_7)> <Delay = 7.25> <Core = "FAddSub">   --->   Core 104 'FAddSub' <Latency = 4> <II = 1> <Delay = 7.25> <FuncUnit> <Opcode : 'fadd' 'fsub'> <InPorts = 2> <OutPorts = 1>
ST_1 : Operation 82 [5/5] (7.25ns)   --->   "%x_1 = fadd float %abst_in, %abst_in" [r:/builds/2018.3/continuous/2018_12_06_2405991/src/products/hls/hls_lib/hlsmath/include/FloatingPoint\hls_tanh.h:86]   --->   Operation 82 'fadd' 'x_1' <Predicate = (!tmp & !tmp_3 & !or_cond & tmp_7)> <Delay = 7.25> <Core = "FAddSub">   --->   Core 104 'FAddSub' <Latency = 4> <II = 1> <Delay = 7.25> <FuncUnit> <Opcode : 'fadd' 'fsub'> <InPorts = 2> <OutPorts = 1>
ST_1 : Operation 83 [5/5] (7.25ns)   --->   "%tmp_6 = fadd float %abst_in, 1.000000e+00" [r:/builds/2018.3/continuous/2018_12_06_2405991/src/products/hls/hls_lib/hlsmath/include/FloatingPoint\hls_tanh.h:77]   --->   Operation 83 'fadd' 'tmp_6' <Predicate = (!tmp & or_cond) | (!tmp & tmp_3)> <Delay = 7.25> <Core = "FAddSub">   --->   Core 104 'FAddSub' <Latency = 4> <II = 1> <Delay = 7.25> <FuncUnit> <Opcode : 'fadd' 'fsub'> <InPorts = 2> <OutPorts = 1>
ST_1 : Operation 84 [1/1] (2.44ns)   --->   "%tmp_s = icmp eq i23 %tmp_V_1, 0" [r:/builds/2018.3/continuous/2018_12_06_2405991/src/products/hls/hls_lib/hlsmath/include/FloatingPoint\hls_tanh.h:66]   --->   Operation 84 'icmp' 'tmp_s' <Predicate = (tmp)> <Delay = 2.44> <Core = "Cmp">   --->   Core 25 'Cmp' <Latency = 0> <II = 1> <Delay = 2.44> <FuncUnit> <Opcode : 'icmp'> <InPorts = 2> <OutPorts = 1>

State 2 <SV = 1> <Delay = 7.25>
ST_2 : Operation 85 [4/5] (7.25ns)   --->   "%x = fsub float %tmp_9, %abst_in" [r:/builds/2018.3/continuous/2018_12_06_2405991/src/products/hls/hls_lib/hlsmath/include/FloatingPoint\hls_tanh.h:83]   --->   Operation 85 'fsub' 'x' <Predicate = (!tmp & !tmp_3 & !or_cond & tmp_7)> <Delay = 7.25> <Core = "FAddSub">   --->   Core 104 'FAddSub' <Latency = 4> <II = 1> <Delay = 7.25> <FuncUnit> <Opcode : 'fadd' 'fsub'> <InPorts = 2> <OutPorts = 1>
ST_2 : Operation 86 [4/5] (7.25ns)   --->   "%x_1 = fadd float %abst_in, %abst_in" [r:/builds/2018.3/continuous/2018_12_06_2405991/src/products/hls/hls_lib/hlsmath/include/FloatingPoint\hls_tanh.h:86]   --->   Operation 86 'fadd' 'x_1' <Predicate = (!tmp & !tmp_3 & !or_cond & tmp_7)> <Delay = 7.25> <Core = "FAddSub">   --->   Core 104 'FAddSub' <Latency = 4> <II = 1> <Delay = 7.25> <FuncUnit> <Opcode : 'fadd' 'fsub'> <InPorts = 2> <OutPorts = 1>
ST_2 : Operation 87 [4/5] (7.25ns)   --->   "%tmp_6 = fadd float %abst_in, 1.000000e+00" [r:/builds/2018.3/continuous/2018_12_06_2405991/src/products/hls/hls_lib/hlsmath/include/FloatingPoint\hls_tanh.h:77]   --->   Operation 87 'fadd' 'tmp_6' <Predicate = (!tmp & or_cond) | (!tmp & tmp_3)> <Delay = 7.25> <Core = "FAddSub">   --->   Core 104 'FAddSub' <Latency = 4> <II = 1> <Delay = 7.25> <FuncUnit> <Opcode : 'fadd' 'fsub'> <InPorts = 2> <OutPorts = 1>

State 3 <SV = 2> <Delay = 7.25>
ST_3 : Operation 88 [3/5] (7.25ns)   --->   "%x = fsub float %tmp_9, %abst_in" [r:/builds/2018.3/continuous/2018_12_06_2405991/src/products/hls/hls_lib/hlsmath/include/FloatingPoint\hls_tanh.h:83]   --->   Operation 88 'fsub' 'x' <Predicate = (!tmp & !tmp_3 & !or_cond & tmp_7)> <Delay = 7.25> <Core = "FAddSub">   --->   Core 104 'FAddSub' <Latency = 4> <II = 1> <Delay = 7.25> <FuncUnit> <Opcode : 'fadd' 'fsub'> <InPorts = 2> <OutPorts = 1>
ST_3 : Operation 89 [3/5] (7.25ns)   --->   "%x_1 = fadd float %abst_in, %abst_in" [r:/builds/2018.3/continuous/2018_12_06_2405991/src/products/hls/hls_lib/hlsmath/include/FloatingPoint\hls_tanh.h:86]   --->   Operation 89 'fadd' 'x_1' <Predicate = (!tmp & !tmp_3 & !or_cond & tmp_7)> <Delay = 7.25> <Core = "FAddSub">   --->   Core 104 'FAddSub' <Latency = 4> <II = 1> <Delay = 7.25> <FuncUnit> <Opcode : 'fadd' 'fsub'> <InPorts = 2> <OutPorts = 1>
ST_3 : Operation 90 [3/5] (7.25ns)   --->   "%tmp_6 = fadd float %abst_in, 1.000000e+00" [r:/builds/2018.3/continuous/2018_12_06_2405991/src/products/hls/hls_lib/hlsmath/include/FloatingPoint\hls_tanh.h:77]   --->   Operation 90 'fadd' 'tmp_6' <Predicate = (!tmp & or_cond) | (!tmp & tmp_3)> <Delay = 7.25> <Core = "FAddSub">   --->   Core 104 'FAddSub' <Latency = 4> <II = 1> <Delay = 7.25> <FuncUnit> <Opcode : 'fadd' 'fsub'> <InPorts = 2> <OutPorts = 1>

State 4 <SV = 3> <Delay = 7.25>
ST_4 : Operation 91 [2/5] (7.25ns)   --->   "%x = fsub float %tmp_9, %abst_in" [r:/builds/2018.3/continuous/2018_12_06_2405991/src/products/hls/hls_lib/hlsmath/include/FloatingPoint\hls_tanh.h:83]   --->   Operation 91 'fsub' 'x' <Predicate = (!tmp & !tmp_3 & !or_cond & tmp_7)> <Delay = 7.25> <Core = "FAddSub">   --->   Core 104 'FAddSub' <Latency = 4> <II = 1> <Delay = 7.25> <FuncUnit> <Opcode : 'fadd' 'fsub'> <InPorts = 2> <OutPorts = 1>
ST_4 : Operation 92 [2/5] (7.25ns)   --->   "%x_1 = fadd float %abst_in, %abst_in" [r:/builds/2018.3/continuous/2018_12_06_2405991/src/products/hls/hls_lib/hlsmath/include/FloatingPoint\hls_tanh.h:86]   --->   Operation 92 'fadd' 'x_1' <Predicate = (!tmp & !tmp_3 & !or_cond & tmp_7)> <Delay = 7.25> <Core = "FAddSub">   --->   Core 104 'FAddSub' <Latency = 4> <II = 1> <Delay = 7.25> <FuncUnit> <Opcode : 'fadd' 'fsub'> <InPorts = 2> <OutPorts = 1>
ST_4 : Operation 93 [2/5] (7.25ns)   --->   "%tmp_6 = fadd float %abst_in, 1.000000e+00" [r:/builds/2018.3/continuous/2018_12_06_2405991/src/products/hls/hls_lib/hlsmath/include/FloatingPoint\hls_tanh.h:77]   --->   Operation 93 'fadd' 'tmp_6' <Predicate = (!tmp & or_cond) | (!tmp & tmp_3)> <Delay = 7.25> <Core = "FAddSub">   --->   Core 104 'FAddSub' <Latency = 4> <II = 1> <Delay = 7.25> <FuncUnit> <Opcode : 'fadd' 'fsub'> <InPorts = 2> <OutPorts = 1>

State 5 <SV = 4> <Delay = 7.95>
ST_5 : Operation 94 [1/5] (7.25ns)   --->   "%x = fsub float %tmp_9, %abst_in" [r:/builds/2018.3/continuous/2018_12_06_2405991/src/products/hls/hls_lib/hlsmath/include/FloatingPoint\hls_tanh.h:83]   --->   Operation 94 'fsub' 'x' <Predicate = (!tmp & !tmp_3 & !or_cond & tmp_7)> <Delay = 7.25> <Core = "FAddSub">   --->   Core 104 'FAddSub' <Latency = 4> <II = 1> <Delay = 7.25> <FuncUnit> <Opcode : 'fadd' 'fsub'> <InPorts = 2> <OutPorts = 1>
ST_5 : Operation 95 [1/5] (7.25ns)   --->   "%x_1 = fadd float %abst_in, %abst_in" [r:/builds/2018.3/continuous/2018_12_06_2405991/src/products/hls/hls_lib/hlsmath/include/FloatingPoint\hls_tanh.h:86]   --->   Operation 95 'fadd' 'x_1' <Predicate = (!tmp & !tmp_3 & !or_cond & tmp_7)> <Delay = 7.25> <Core = "FAddSub">   --->   Core 104 'FAddSub' <Latency = 4> <II = 1> <Delay = 7.25> <FuncUnit> <Opcode : 'fadd' 'fsub'> <InPorts = 2> <OutPorts = 1>
ST_5 : Operation 96 [1/1] (0.69ns)   --->   "%x_2 = select i1 %tmp_8, float %x, float %x_1" [r:/builds/2018.3/continuous/2018_12_06_2405991/src/products/hls/hls_lib/hlsmath/include/FloatingPoint\hls_tanh.h:86]   --->   Operation 96 'select' 'x_2' <Predicate = (!tmp & !tmp_3 & !or_cond & tmp_7)> <Delay = 0.69> <Core = "Sel">   --->   Core 26 'Sel' <Latency = 0> <II = 1> <Delay = 0.69> <FuncUnit> <Opcode : 'select'> <InPorts = 3> <OutPorts = 1>
ST_5 : Operation 97 [1/1] (0.00ns)   --->   "br i1 %tmp_8, label %6, label %7" [r:/builds/2018.3/continuous/2018_12_06_2405991/src/products/hls/hls_lib/hlsmath/include/FloatingPoint\hls_tanh.h:91]   --->   Operation 97 'br' <Predicate = (!tmp & !tmp_3 & !or_cond & tmp_7)> <Delay = 0.00>
ST_5 : Operation 98 [1/5] (7.25ns)   --->   "%tmp_6 = fadd float %abst_in, 1.000000e+00" [r:/builds/2018.3/continuous/2018_12_06_2405991/src/products/hls/hls_lib/hlsmath/include/FloatingPoint\hls_tanh.h:77]   --->   Operation 98 'fadd' 'tmp_6' <Predicate = (!tmp & or_cond) | (!tmp & tmp_3)> <Delay = 7.25> <Core = "FAddSub">   --->   Core 104 'FAddSub' <Latency = 4> <II = 1> <Delay = 7.25> <FuncUnit> <Opcode : 'fadd' 'fsub'> <InPorts = 2> <OutPorts = 1>

State 6 <SV = 5> <Delay = 5.70>
ST_6 : Operation 99 [1/1] (0.00ns)   --->   "%p_Val2_3 = bitcast float %x_2 to i32" [r:/builds/2018.3/continuous/2018_12_06_2405991/src/products/hls/hls_lib/src/hls\utils/x_hls_utils.h:310->r:/builds/2018.3/continuous/2018_12_06_2405991/src/products/hls/hls_lib/src/hls\utils/x_hls_utils.h:319->r:/builds/2018.3/continuous/2018_12_06_2405991/src/products/hls/hls_lib/hlsmath/src/common/hls_exp_float.cpp:7->r:/builds/2018.3/continuous/2018_12_06_2405991/src/products/hls/hls_lib/hlsmath/include/FloatingPoint\hls_tanh.h:89]   --->   Operation 99 'bitcast' 'p_Val2_3' <Predicate = (!tmp & !tmp_3 & !or_cond & tmp_7)> <Delay = 0.00>
ST_6 : Operation 100 [1/1] (0.00ns)   --->   "%tmp_V_2 = call i8 @_ssdm_op_PartSelect.i8.i32.i32.i32(i32 %p_Val2_3, i32 23, i32 30) nounwind" [r:/builds/2018.3/continuous/2018_12_06_2405991/src/products/hls/hls_lib/src/hls\utils/x_hls_utils.h:317->r:/builds/2018.3/continuous/2018_12_06_2405991/src/products/hls/hls_lib/src/hls\utils/x_hls_utils.h:319->r:/builds/2018.3/continuous/2018_12_06_2405991/src/products/hls/hls_lib/hlsmath/src/common/hls_exp_float.cpp:7->r:/builds/2018.3/continuous/2018_12_06_2405991/src/products/hls/hls_lib/hlsmath/include/FloatingPoint\hls_tanh.h:89]   --->   Operation 100 'partselect' 'tmp_V_2' <Predicate = (!tmp & !tmp_3 & !or_cond & tmp_7)> <Delay = 0.00>
ST_6 : Operation 101 [1/1] (1.55ns)   --->   "%tmp_i = icmp eq i8 %tmp_V_2, 0" [r:/builds/2018.3/continuous/2018_12_06_2405991/src/products/hls/hls_lib/hlsmath/src/common/hls_exp_float.cpp:8->r:/builds/2018.3/continuous/2018_12_06_2405991/src/products/hls/hls_lib/hlsmath/include/FloatingPoint\hls_tanh.h:89]   --->   Operation 101 'icmp' 'tmp_i' <Predicate = (!tmp & !tmp_3 & !or_cond & tmp_7)> <Delay = 1.55> <Core = "Cmp">   --->   Core 25 'Cmp' <Latency = 0> <II = 1> <Delay = 2.44> <FuncUnit> <Opcode : 'icmp'> <InPorts = 2> <OutPorts = 1>
ST_6 : Operation 102 [1/1] (1.81ns)   --->   "br i1 %tmp_i, label %expm1.exit, label %4" [r:/builds/2018.3/continuous/2018_12_06_2405991/src/products/hls/hls_lib/hlsmath/src/common/hls_exp_float.cpp:8->r:/builds/2018.3/continuous/2018_12_06_2405991/src/products/hls/hls_lib/hlsmath/include/FloatingPoint\hls_tanh.h:89]   --->   Operation 102 'br' <Predicate = (!tmp & !tmp_3 & !or_cond & tmp_7)> <Delay = 1.81>
ST_6 : Operation 103 [1/1] (1.55ns)   --->   "%tmp_i_83 = icmp ult i8 %tmp_V_2, 96" [r:/builds/2018.3/continuous/2018_12_06_2405991/src/products/hls/hls_lib/hlsmath/src/common/hls_exp_float.cpp:9->r:/builds/2018.3/continuous/2018_12_06_2405991/src/products/hls/hls_lib/hlsmath/include/FloatingPoint\hls_tanh.h:89]   --->   Operation 103 'icmp' 'tmp_i_83' <Predicate = (!tmp & !tmp_3 & !or_cond & tmp_7 & !tmp_i)> <Delay = 1.55> <Core = "Cmp">   --->   Core 25 'Cmp' <Latency = 0> <II = 1> <Delay = 2.44> <FuncUnit> <Opcode : 'icmp'> <InPorts = 2> <OutPorts = 1>
ST_6 : Operation 104 [1/1] (1.81ns)   --->   "br i1 %tmp_i_83, label %expm1.exit, label %5" [r:/builds/2018.3/continuous/2018_12_06_2405991/src/products/hls/hls_lib/hlsmath/src/common/hls_exp_float.cpp:9->r:/builds/2018.3/continuous/2018_12_06_2405991/src/products/hls/hls_lib/hlsmath/include/FloatingPoint\hls_tanh.h:89]   --->   Operation 104 'br' <Predicate = (!tmp & !tmp_3 & !or_cond & tmp_7 & !tmp_i)> <Delay = 1.81>
ST_6 : Operation 105 [1/1] (5.54ns)   --->   "%xd = fpext float %x_2 to double" [r:/builds/2018.3/continuous/2018_12_06_2405991/src/products/hls/hls_lib/hlsmath/src/common/hls_exp_float.cpp:10->r:/builds/2018.3/continuous/2018_12_06_2405991/src/products/hls/hls_lib/hlsmath/include/FloatingPoint\hls_tanh.h:89]   --->   Operation 105 'fpext' 'xd' <Predicate = (!tmp & !tmp_3 & !or_cond & tmp_7 & !tmp_i & !tmp_i_83)> <Delay = 5.54> <Core = "Float2Double">   --->   Core 113 'Float2Double' <Latency = 0> <II = 1> <Delay = 5.54> <FuncUnit> <Opcode : 'fpext'> <InPorts = 1> <OutPorts = 1>
ST_6 : Operation 106 [4/4] (5.70ns)   --->   "%resultf = fmul float %abst_in, %tmp_6" [r:/builds/2018.3/continuous/2018_12_06_2405991/src/products/hls/hls_lib/hlsmath/include/FloatingPoint\hls_tanh.h:77]   --->   Operation 106 'fmul' 'resultf' <Predicate = (!tmp & or_cond) | (!tmp & tmp_3)> <Delay = 5.70> <Core = "FMul">   --->   Core 105 'FMul' <Latency = 3> <II = 1> <Delay = 5.70> <FuncUnit> <Opcode : 'fmul'> <InPorts = 2> <OutPorts = 1>

State 7 <SV = 6> <Delay = 5.70>
ST_7 : Operation 107 [20/20] (4.21ns)   --->   "%tmp_26_i = call fastcc double @"exp_generic<double>"(double %xd) nounwind" [r:/builds/2018.3/continuous/2018_12_06_2405991/src/products/hls/hls_lib/hlsmath/src/common/hls_exp_float.cpp:11->r:/builds/2018.3/continuous/2018_12_06_2405991/src/products/hls/hls_lib/hlsmath/include/FloatingPoint\hls_tanh.h:89]   --->   Operation 107 'call' 'tmp_26_i' <Predicate = (!tmp & !tmp_3 & !or_cond & tmp_7 & !tmp_i & !tmp_i_83)> <Delay = 4.21> <CoreType = "Generic">   --->   Core 0 '' <Latency = 0> <II = 1> <Delay = 1.00> <Generic> <Opcode : >
ST_7 : Operation 108 [3/4] (5.70ns)   --->   "%resultf = fmul float %abst_in, %tmp_6" [r:/builds/2018.3/continuous/2018_12_06_2405991/src/products/hls/hls_lib/hlsmath/include/FloatingPoint\hls_tanh.h:77]   --->   Operation 108 'fmul' 'resultf' <Predicate = (!tmp & or_cond) | (!tmp & tmp_3)> <Delay = 5.70> <Core = "FMul">   --->   Core 105 'FMul' <Latency = 3> <II = 1> <Delay = 5.70> <FuncUnit> <Opcode : 'fmul'> <InPorts = 2> <OutPorts = 1>

State 8 <SV = 7> <Delay = 8.75>
ST_8 : Operation 109 [19/20] (8.75ns)   --->   "%tmp_26_i = call fastcc double @"exp_generic<double>"(double %xd) nounwind" [r:/builds/2018.3/continuous/2018_12_06_2405991/src/products/hls/hls_lib/hlsmath/src/common/hls_exp_float.cpp:11->r:/builds/2018.3/continuous/2018_12_06_2405991/src/products/hls/hls_lib/hlsmath/include/FloatingPoint\hls_tanh.h:89]   --->   Operation 109 'call' 'tmp_26_i' <Predicate = (!tmp & !tmp_3 & !or_cond & tmp_7 & !tmp_i & !tmp_i_83)> <Delay = 8.75> <CoreType = "Generic">   --->   Core 0 '' <Latency = 0> <II = 1> <Delay = 1.00> <Generic> <Opcode : >
ST_8 : Operation 110 [2/4] (5.70ns)   --->   "%resultf = fmul float %abst_in, %tmp_6" [r:/builds/2018.3/continuous/2018_12_06_2405991/src/products/hls/hls_lib/hlsmath/include/FloatingPoint\hls_tanh.h:77]   --->   Operation 110 'fmul' 'resultf' <Predicate = (!tmp & or_cond) | (!tmp & tmp_3)> <Delay = 5.70> <Core = "FMul">   --->   Core 105 'FMul' <Latency = 3> <II = 1> <Delay = 5.70> <FuncUnit> <Opcode : 'fmul'> <InPorts = 2> <OutPorts = 1>

State 9 <SV = 8> <Delay = 8.75>
ST_9 : Operation 111 [18/20] (8.75ns)   --->   "%tmp_26_i = call fastcc double @"exp_generic<double>"(double %xd) nounwind" [r:/builds/2018.3/continuous/2018_12_06_2405991/src/products/hls/hls_lib/hlsmath/src/common/hls_exp_float.cpp:11->r:/builds/2018.3/continuous/2018_12_06_2405991/src/products/hls/hls_lib/hlsmath/include/FloatingPoint\hls_tanh.h:89]   --->   Operation 111 'call' 'tmp_26_i' <Predicate = (!tmp & !tmp_3 & !or_cond & tmp_7 & !tmp_i & !tmp_i_83)> <Delay = 8.75> <CoreType = "Generic">   --->   Core 0 '' <Latency = 0> <II = 1> <Delay = 1.00> <Generic> <Opcode : >
ST_9 : Operation 112 [1/4] (5.70ns)   --->   "%resultf = fmul float %abst_in, %tmp_6" [r:/builds/2018.3/continuous/2018_12_06_2405991/src/products/hls/hls_lib/hlsmath/include/FloatingPoint\hls_tanh.h:77]   --->   Operation 112 'fmul' 'resultf' <Predicate = (!tmp & or_cond) | (!tmp & tmp_3)> <Delay = 5.70> <Core = "FMul">   --->   Core 105 'FMul' <Latency = 3> <II = 1> <Delay = 5.70> <FuncUnit> <Opcode : 'fmul'> <InPorts = 2> <OutPorts = 1>

State 10 <SV = 9> <Delay = 8.75>
ST_10 : Operation 113 [17/20] (8.75ns)   --->   "%tmp_26_i = call fastcc double @"exp_generic<double>"(double %xd) nounwind" [r:/builds/2018.3/continuous/2018_12_06_2405991/src/products/hls/hls_lib/hlsmath/src/common/hls_exp_float.cpp:11->r:/builds/2018.3/continuous/2018_12_06_2405991/src/products/hls/hls_lib/hlsmath/include/FloatingPoint\hls_tanh.h:89]   --->   Operation 113 'call' 'tmp_26_i' <Predicate = (!tmp & !tmp_3 & !or_cond & tmp_7 & !tmp_i & !tmp_i_83)> <Delay = 8.75> <CoreType = "Generic">   --->   Core 0 '' <Latency = 0> <II = 1> <Delay = 1.00> <Generic> <Opcode : >

State 11 <SV = 10> <Delay = 8.75>
ST_11 : Operation 114 [16/20] (8.75ns)   --->   "%tmp_26_i = call fastcc double @"exp_generic<double>"(double %xd) nounwind" [r:/builds/2018.3/continuous/2018_12_06_2405991/src/products/hls/hls_lib/hlsmath/src/common/hls_exp_float.cpp:11->r:/builds/2018.3/continuous/2018_12_06_2405991/src/products/hls/hls_lib/hlsmath/include/FloatingPoint\hls_tanh.h:89]   --->   Operation 114 'call' 'tmp_26_i' <Predicate = (!tmp & !tmp_3 & !or_cond & tmp_7 & !tmp_i & !tmp_i_83)> <Delay = 8.75> <CoreType = "Generic">   --->   Core 0 '' <Latency = 0> <II = 1> <Delay = 1.00> <Generic> <Opcode : >

State 12 <SV = 11> <Delay = 8.75>
ST_12 : Operation 115 [15/20] (8.75ns)   --->   "%tmp_26_i = call fastcc double @"exp_generic<double>"(double %xd) nounwind" [r:/builds/2018.3/continuous/2018_12_06_2405991/src/products/hls/hls_lib/hlsmath/src/common/hls_exp_float.cpp:11->r:/builds/2018.3/continuous/2018_12_06_2405991/src/products/hls/hls_lib/hlsmath/include/FloatingPoint\hls_tanh.h:89]   --->   Operation 115 'call' 'tmp_26_i' <Predicate = (!tmp & !tmp_3 & !or_cond & tmp_7 & !tmp_i & !tmp_i_83)> <Delay = 8.75> <CoreType = "Generic">   --->   Core 0 '' <Latency = 0> <II = 1> <Delay = 1.00> <Generic> <Opcode : >

State 13 <SV = 12> <Delay = 8.75>
ST_13 : Operation 116 [14/20] (8.75ns)   --->   "%tmp_26_i = call fastcc double @"exp_generic<double>"(double %xd) nounwind" [r:/builds/2018.3/continuous/2018_12_06_2405991/src/products/hls/hls_lib/hlsmath/src/common/hls_exp_float.cpp:11->r:/builds/2018.3/continuous/2018_12_06_2405991/src/products/hls/hls_lib/hlsmath/include/FloatingPoint\hls_tanh.h:89]   --->   Operation 116 'call' 'tmp_26_i' <Predicate = (!tmp & !tmp_3 & !or_cond & tmp_7 & !tmp_i & !tmp_i_83)> <Delay = 8.75> <CoreType = "Generic">   --->   Core 0 '' <Latency = 0> <II = 1> <Delay = 1.00> <Generic> <Opcode : >

State 14 <SV = 13> <Delay = 8.75>
ST_14 : Operation 117 [13/20] (8.75ns)   --->   "%tmp_26_i = call fastcc double @"exp_generic<double>"(double %xd) nounwind" [r:/builds/2018.3/continuous/2018_12_06_2405991/src/products/hls/hls_lib/hlsmath/src/common/hls_exp_float.cpp:11->r:/builds/2018.3/continuous/2018_12_06_2405991/src/products/hls/hls_lib/hlsmath/include/FloatingPoint\hls_tanh.h:89]   --->   Operation 117 'call' 'tmp_26_i' <Predicate = (!tmp & !tmp_3 & !or_cond & tmp_7 & !tmp_i & !tmp_i_83)> <Delay = 8.75> <CoreType = "Generic">   --->   Core 0 '' <Latency = 0> <II = 1> <Delay = 1.00> <Generic> <Opcode : >

State 15 <SV = 14> <Delay = 8.75>
ST_15 : Operation 118 [12/20] (8.75ns)   --->   "%tmp_26_i = call fastcc double @"exp_generic<double>"(double %xd) nounwind" [r:/builds/2018.3/continuous/2018_12_06_2405991/src/products/hls/hls_lib/hlsmath/src/common/hls_exp_float.cpp:11->r:/builds/2018.3/continuous/2018_12_06_2405991/src/products/hls/hls_lib/hlsmath/include/FloatingPoint\hls_tanh.h:89]   --->   Operation 118 'call' 'tmp_26_i' <Predicate = (!tmp & !tmp_3 & !or_cond & tmp_7 & !tmp_i & !tmp_i_83)> <Delay = 8.75> <CoreType = "Generic">   --->   Core 0 '' <Latency = 0> <II = 1> <Delay = 1.00> <Generic> <Opcode : >

State 16 <SV = 15> <Delay = 8.75>
ST_16 : Operation 119 [11/20] (8.75ns)   --->   "%tmp_26_i = call fastcc double @"exp_generic<double>"(double %xd) nounwind" [r:/builds/2018.3/continuous/2018_12_06_2405991/src/products/hls/hls_lib/hlsmath/src/common/hls_exp_float.cpp:11->r:/builds/2018.3/continuous/2018_12_06_2405991/src/products/hls/hls_lib/hlsmath/include/FloatingPoint\hls_tanh.h:89]   --->   Operation 119 'call' 'tmp_26_i' <Predicate = (!tmp & !tmp_3 & !or_cond & tmp_7 & !tmp_i & !tmp_i_83)> <Delay = 8.75> <CoreType = "Generic">   --->   Core 0 '' <Latency = 0> <II = 1> <Delay = 1.00> <Generic> <Opcode : >

State 17 <SV = 16> <Delay = 8.75>
ST_17 : Operation 120 [10/20] (8.75ns)   --->   "%tmp_26_i = call fastcc double @"exp_generic<double>"(double %xd) nounwind" [r:/builds/2018.3/continuous/2018_12_06_2405991/src/products/hls/hls_lib/hlsmath/src/common/hls_exp_float.cpp:11->r:/builds/2018.3/continuous/2018_12_06_2405991/src/products/hls/hls_lib/hlsmath/include/FloatingPoint\hls_tanh.h:89]   --->   Operation 120 'call' 'tmp_26_i' <Predicate = (!tmp & !tmp_3 & !or_cond & tmp_7 & !tmp_i & !tmp_i_83)> <Delay = 8.75> <CoreType = "Generic">   --->   Core 0 '' <Latency = 0> <II = 1> <Delay = 1.00> <Generic> <Opcode : >

State 18 <SV = 17> <Delay = 8.75>
ST_18 : Operation 121 [9/20] (8.75ns)   --->   "%tmp_26_i = call fastcc double @"exp_generic<double>"(double %xd) nounwind" [r:/builds/2018.3/continuous/2018_12_06_2405991/src/products/hls/hls_lib/hlsmath/src/common/hls_exp_float.cpp:11->r:/builds/2018.3/continuous/2018_12_06_2405991/src/products/hls/hls_lib/hlsmath/include/FloatingPoint\hls_tanh.h:89]   --->   Operation 121 'call' 'tmp_26_i' <Predicate = (!tmp & !tmp_3 & !or_cond & tmp_7 & !tmp_i & !tmp_i_83)> <Delay = 8.75> <CoreType = "Generic">   --->   Core 0 '' <Latency = 0> <II = 1> <Delay = 1.00> <Generic> <Opcode : >

State 19 <SV = 18> <Delay = 8.75>
ST_19 : Operation 122 [8/20] (8.75ns)   --->   "%tmp_26_i = call fastcc double @"exp_generic<double>"(double %xd) nounwind" [r:/builds/2018.3/continuous/2018_12_06_2405991/src/products/hls/hls_lib/hlsmath/src/common/hls_exp_float.cpp:11->r:/builds/2018.3/continuous/2018_12_06_2405991/src/products/hls/hls_lib/hlsmath/include/FloatingPoint\hls_tanh.h:89]   --->   Operation 122 'call' 'tmp_26_i' <Predicate = (!tmp & !tmp_3 & !or_cond & tmp_7 & !tmp_i & !tmp_i_83)> <Delay = 8.75> <CoreType = "Generic">   --->   Core 0 '' <Latency = 0> <II = 1> <Delay = 1.00> <Generic> <Opcode : >

State 20 <SV = 19> <Delay = 8.75>
ST_20 : Operation 123 [7/20] (8.75ns)   --->   "%tmp_26_i = call fastcc double @"exp_generic<double>"(double %xd) nounwind" [r:/builds/2018.3/continuous/2018_12_06_2405991/src/products/hls/hls_lib/hlsmath/src/common/hls_exp_float.cpp:11->r:/builds/2018.3/continuous/2018_12_06_2405991/src/products/hls/hls_lib/hlsmath/include/FloatingPoint\hls_tanh.h:89]   --->   Operation 123 'call' 'tmp_26_i' <Predicate = (!tmp & !tmp_3 & !or_cond & tmp_7 & !tmp_i & !tmp_i_83)> <Delay = 8.75> <CoreType = "Generic">   --->   Core 0 '' <Latency = 0> <II = 1> <Delay = 1.00> <Generic> <Opcode : >

State 21 <SV = 20> <Delay = 8.75>
ST_21 : Operation 124 [6/20] (8.75ns)   --->   "%tmp_26_i = call fastcc double @"exp_generic<double>"(double %xd) nounwind" [r:/builds/2018.3/continuous/2018_12_06_2405991/src/products/hls/hls_lib/hlsmath/src/common/hls_exp_float.cpp:11->r:/builds/2018.3/continuous/2018_12_06_2405991/src/products/hls/hls_lib/hlsmath/include/FloatingPoint\hls_tanh.h:89]   --->   Operation 124 'call' 'tmp_26_i' <Predicate = (!tmp & !tmp_3 & !or_cond & tmp_7 & !tmp_i & !tmp_i_83)> <Delay = 8.75> <CoreType = "Generic">   --->   Core 0 '' <Latency = 0> <II = 1> <Delay = 1.00> <Generic> <Opcode : >

State 22 <SV = 21> <Delay = 8.75>
ST_22 : Operation 125 [5/20] (8.75ns)   --->   "%tmp_26_i = call fastcc double @"exp_generic<double>"(double %xd) nounwind" [r:/builds/2018.3/continuous/2018_12_06_2405991/src/products/hls/hls_lib/hlsmath/src/common/hls_exp_float.cpp:11->r:/builds/2018.3/continuous/2018_12_06_2405991/src/products/hls/hls_lib/hlsmath/include/FloatingPoint\hls_tanh.h:89]   --->   Operation 125 'call' 'tmp_26_i' <Predicate = (!tmp & !tmp_3 & !or_cond & tmp_7 & !tmp_i & !tmp_i_83)> <Delay = 8.75> <CoreType = "Generic">   --->   Core 0 '' <Latency = 0> <II = 1> <Delay = 1.00> <Generic> <Opcode : >

State 23 <SV = 22> <Delay = 8.75>
ST_23 : Operation 126 [4/20] (8.75ns)   --->   "%tmp_26_i = call fastcc double @"exp_generic<double>"(double %xd) nounwind" [r:/builds/2018.3/continuous/2018_12_06_2405991/src/products/hls/hls_lib/hlsmath/src/common/hls_exp_float.cpp:11->r:/builds/2018.3/continuous/2018_12_06_2405991/src/products/hls/hls_lib/hlsmath/include/FloatingPoint\hls_tanh.h:89]   --->   Operation 126 'call' 'tmp_26_i' <Predicate = (!tmp & !tmp_3 & !or_cond & tmp_7 & !tmp_i & !tmp_i_83)> <Delay = 8.75> <CoreType = "Generic">   --->   Core 0 '' <Latency = 0> <II = 1> <Delay = 1.00> <Generic> <Opcode : >

State 24 <SV = 23> <Delay = 8.75>
ST_24 : Operation 127 [3/20] (8.75ns)   --->   "%tmp_26_i = call fastcc double @"exp_generic<double>"(double %xd) nounwind" [r:/builds/2018.3/continuous/2018_12_06_2405991/src/products/hls/hls_lib/hlsmath/src/common/hls_exp_float.cpp:11->r:/builds/2018.3/continuous/2018_12_06_2405991/src/products/hls/hls_lib/hlsmath/include/FloatingPoint\hls_tanh.h:89]   --->   Operation 127 'call' 'tmp_26_i' <Predicate = (!tmp & !tmp_3 & !or_cond & tmp_7 & !tmp_i & !tmp_i_83)> <Delay = 8.75> <CoreType = "Generic">   --->   Core 0 '' <Latency = 0> <II = 1> <Delay = 1.00> <Generic> <Opcode : >

State 25 <SV = 24> <Delay = 8.75>
ST_25 : Operation 128 [2/20] (8.75ns)   --->   "%tmp_26_i = call fastcc double @"exp_generic<double>"(double %xd) nounwind" [r:/builds/2018.3/continuous/2018_12_06_2405991/src/products/hls/hls_lib/hlsmath/src/common/hls_exp_float.cpp:11->r:/builds/2018.3/continuous/2018_12_06_2405991/src/products/hls/hls_lib/hlsmath/include/FloatingPoint\hls_tanh.h:89]   --->   Operation 128 'call' 'tmp_26_i' <Predicate = (!tmp & !tmp_3 & !or_cond & tmp_7 & !tmp_i & !tmp_i_83)> <Delay = 8.75> <CoreType = "Generic">   --->   Core 0 '' <Latency = 0> <II = 1> <Delay = 1.00> <Generic> <Opcode : >

State 26 <SV = 25> <Delay = 5.89>
ST_26 : Operation 129 [1/20] (5.89ns)   --->   "%tmp_26_i = call fastcc double @"exp_generic<double>"(double %xd) nounwind" [r:/builds/2018.3/continuous/2018_12_06_2405991/src/products/hls/hls_lib/hlsmath/src/common/hls_exp_float.cpp:11->r:/builds/2018.3/continuous/2018_12_06_2405991/src/products/hls/hls_lib/hlsmath/include/FloatingPoint\hls_tanh.h:89]   --->   Operation 129 'call' 'tmp_26_i' <Predicate = (!tmp & !tmp_3 & !or_cond & tmp_7 & !tmp_i & !tmp_i_83)> <Delay = 5.89> <CoreType = "Generic">   --->   Core 0 '' <Latency = 0> <II = 1> <Delay = 1.00> <Generic> <Opcode : >

State 27 <SV = 26> <Delay = 8.23>
ST_27 : Operation 130 [5/5] (8.23ns)   --->   "%tmp_27_i = fadd double %tmp_26_i, -1.000000e+00" [r:/builds/2018.3/continuous/2018_12_06_2405991/src/products/hls/hls_lib/hlsmath/src/common/hls_exp_float.cpp:11->r:/builds/2018.3/continuous/2018_12_06_2405991/src/products/hls/hls_lib/hlsmath/include/FloatingPoint\hls_tanh.h:89]   --->   Operation 130 'dadd' 'tmp_27_i' <Predicate = (!tmp & !tmp_3 & !or_cond & tmp_7 & !tmp_i & !tmp_i_83)> <Delay = 8.23> <Core = "DAddSub">   --->   Core 114 'DAddSub' <Latency = 4> <II = 1> <Delay = 8.23> <FuncUnit> <Opcode : 'dadd' 'dsub'> <InPorts = 2> <OutPorts = 1>

State 28 <SV = 27> <Delay = 8.23>
ST_28 : Operation 131 [4/5] (8.23ns)   --->   "%tmp_27_i = fadd double %tmp_26_i, -1.000000e+00" [r:/builds/2018.3/continuous/2018_12_06_2405991/src/products/hls/hls_lib/hlsmath/src/common/hls_exp_float.cpp:11->r:/builds/2018.3/continuous/2018_12_06_2405991/src/products/hls/hls_lib/hlsmath/include/FloatingPoint\hls_tanh.h:89]   --->   Operation 131 'dadd' 'tmp_27_i' <Predicate = (!tmp & !tmp_3 & !or_cond & tmp_7 & !tmp_i & !tmp_i_83)> <Delay = 8.23> <Core = "DAddSub">   --->   Core 114 'DAddSub' <Latency = 4> <II = 1> <Delay = 8.23> <FuncUnit> <Opcode : 'dadd' 'dsub'> <InPorts = 2> <OutPorts = 1>

State 29 <SV = 28> <Delay = 8.23>
ST_29 : Operation 132 [3/5] (8.23ns)   --->   "%tmp_27_i = fadd double %tmp_26_i, -1.000000e+00" [r:/builds/2018.3/continuous/2018_12_06_2405991/src/products/hls/hls_lib/hlsmath/src/common/hls_exp_float.cpp:11->r:/builds/2018.3/continuous/2018_12_06_2405991/src/products/hls/hls_lib/hlsmath/include/FloatingPoint\hls_tanh.h:89]   --->   Operation 132 'dadd' 'tmp_27_i' <Predicate = (!tmp & !tmp_3 & !or_cond & tmp_7 & !tmp_i & !tmp_i_83)> <Delay = 8.23> <Core = "DAddSub">   --->   Core 114 'DAddSub' <Latency = 4> <II = 1> <Delay = 8.23> <FuncUnit> <Opcode : 'dadd' 'dsub'> <InPorts = 2> <OutPorts = 1>

State 30 <SV = 29> <Delay = 8.23>
ST_30 : Operation 133 [2/5] (8.23ns)   --->   "%tmp_27_i = fadd double %tmp_26_i, -1.000000e+00" [r:/builds/2018.3/continuous/2018_12_06_2405991/src/products/hls/hls_lib/hlsmath/src/common/hls_exp_float.cpp:11->r:/builds/2018.3/continuous/2018_12_06_2405991/src/products/hls/hls_lib/hlsmath/include/FloatingPoint\hls_tanh.h:89]   --->   Operation 133 'dadd' 'tmp_27_i' <Predicate = (!tmp & !tmp_3 & !or_cond & tmp_7 & !tmp_i & !tmp_i_83)> <Delay = 8.23> <Core = "DAddSub">   --->   Core 114 'DAddSub' <Latency = 4> <II = 1> <Delay = 8.23> <FuncUnit> <Opcode : 'dadd' 'dsub'> <InPorts = 2> <OutPorts = 1>

State 31 <SV = 30> <Delay = 8.23>
ST_31 : Operation 134 [1/5] (8.23ns)   --->   "%tmp_27_i = fadd double %tmp_26_i, -1.000000e+00" [r:/builds/2018.3/continuous/2018_12_06_2405991/src/products/hls/hls_lib/hlsmath/src/common/hls_exp_float.cpp:11->r:/builds/2018.3/continuous/2018_12_06_2405991/src/products/hls/hls_lib/hlsmath/include/FloatingPoint\hls_tanh.h:89]   --->   Operation 134 'dadd' 'tmp_27_i' <Predicate = (!tmp & !tmp_3 & !or_cond & tmp_7 & !tmp_i & !tmp_i_83)> <Delay = 8.23> <Core = "DAddSub">   --->   Core 114 'DAddSub' <Latency = 4> <II = 1> <Delay = 8.23> <FuncUnit> <Opcode : 'dadd' 'dsub'> <InPorts = 2> <OutPorts = 1>

State 32 <SV = 31> <Delay = 6.50>
ST_32 : Operation 135 [1/1] (6.50ns)   --->   "%tmp_28_i = fptrunc double %tmp_27_i to float" [r:/builds/2018.3/continuous/2018_12_06_2405991/src/products/hls/hls_lib/hlsmath/src/common/hls_exp_float.cpp:11->r:/builds/2018.3/continuous/2018_12_06_2405991/src/products/hls/hls_lib/hlsmath/include/FloatingPoint\hls_tanh.h:89]   --->   Operation 135 'fptrunc' 'tmp_28_i' <Predicate = (!tmp & !tmp_3 & !or_cond & tmp_7 & !tmp_i & !tmp_i_83)> <Delay = 6.50> <Core = "Double2Float">   --->   Core 122 'Double2Float' <Latency = 0> <II = 1> <Delay = 6.50> <FuncUnit> <Opcode : 'fptrunc'> <InPorts = 1> <OutPorts = 1>
ST_32 : Operation 136 [1/1] (1.81ns)   --->   "br label %expm1.exit" [r:/builds/2018.3/continuous/2018_12_06_2405991/src/products/hls/hls_lib/hlsmath/src/common/hls_exp_float.cpp:11->r:/builds/2018.3/continuous/2018_12_06_2405991/src/products/hls/hls_lib/hlsmath/include/FloatingPoint\hls_tanh.h:89]   --->   Operation 136 'br' <Predicate = (!tmp & !tmp_3 & !or_cond & tmp_7 & !tmp_i & !tmp_i_83)> <Delay = 1.81>

State 33 <SV = 32> <Delay = 7.25>
ST_33 : Operation 137 [1/1] (0.00ns)   --->   "%expx = phi float [ %tmp_28_i, %5 ], [ 0.000000e+00, %_ifconv ], [ %x_2, %4 ]"   --->   Operation 137 'phi' 'expx' <Predicate = (!tmp & !tmp_3 & !or_cond & tmp_7)> <Delay = 0.00>
ST_33 : Operation 138 [5/5] (7.25ns)   --->   "%tmp_10 = fadd float %expx, 2.000000e+00" [r:/builds/2018.3/continuous/2018_12_06_2405991/src/products/hls/hls_lib/hlsmath/include/FloatingPoint\hls_tanh.h:99]   --->   Operation 138 'fadd' 'tmp_10' <Predicate = (!tmp & !tmp_3 & !or_cond & tmp_7 & !tmp_8)> <Delay = 7.25> <Core = "FAddSub">   --->   Core 104 'FAddSub' <Latency = 4> <II = 1> <Delay = 7.25> <FuncUnit> <Opcode : 'fadd' 'fsub'> <InPorts = 2> <OutPorts = 1>
ST_33 : Operation 139 [5/5] (7.25ns)   --->   "%tmp_2 = fadd float %expx, 2.000000e+00" [r:/builds/2018.3/continuous/2018_12_06_2405991/src/products/hls/hls_lib/hlsmath/include/FloatingPoint\hls_tanh.h:94]   --->   Operation 139 'fadd' 'tmp_2' <Predicate = (!tmp & !tmp_3 & !or_cond & tmp_7 & tmp_8)> <Delay = 7.25> <Core = "FAddSub">   --->   Core 104 'FAddSub' <Latency = 4> <II = 1> <Delay = 7.25> <FuncUnit> <Opcode : 'fadd' 'fsub'> <InPorts = 2> <OutPorts = 1>

State 34 <SV = 33> <Delay = 7.25>
ST_34 : Operation 140 [4/5] (7.25ns)   --->   "%tmp_10 = fadd float %expx, 2.000000e+00" [r:/builds/2018.3/continuous/2018_12_06_2405991/src/products/hls/hls_lib/hlsmath/include/FloatingPoint\hls_tanh.h:99]   --->   Operation 140 'fadd' 'tmp_10' <Predicate = (!tmp & !tmp_3 & !or_cond & tmp_7 & !tmp_8)> <Delay = 7.25> <Core = "FAddSub">   --->   Core 104 'FAddSub' <Latency = 4> <II = 1> <Delay = 7.25> <FuncUnit> <Opcode : 'fadd' 'fsub'> <InPorts = 2> <OutPorts = 1>
ST_34 : Operation 141 [4/5] (7.25ns)   --->   "%tmp_2 = fadd float %expx, 2.000000e+00" [r:/builds/2018.3/continuous/2018_12_06_2405991/src/products/hls/hls_lib/hlsmath/include/FloatingPoint\hls_tanh.h:94]   --->   Operation 141 'fadd' 'tmp_2' <Predicate = (!tmp & !tmp_3 & !or_cond & tmp_7 & tmp_8)> <Delay = 7.25> <Core = "FAddSub">   --->   Core 104 'FAddSub' <Latency = 4> <II = 1> <Delay = 7.25> <FuncUnit> <Opcode : 'fadd' 'fsub'> <InPorts = 2> <OutPorts = 1>

State 35 <SV = 34> <Delay = 7.25>
ST_35 : Operation 142 [3/5] (7.25ns)   --->   "%tmp_10 = fadd float %expx, 2.000000e+00" [r:/builds/2018.3/continuous/2018_12_06_2405991/src/products/hls/hls_lib/hlsmath/include/FloatingPoint\hls_tanh.h:99]   --->   Operation 142 'fadd' 'tmp_10' <Predicate = (!tmp & !tmp_3 & !or_cond & tmp_7 & !tmp_8)> <Delay = 7.25> <Core = "FAddSub">   --->   Core 104 'FAddSub' <Latency = 4> <II = 1> <Delay = 7.25> <FuncUnit> <Opcode : 'fadd' 'fsub'> <InPorts = 2> <OutPorts = 1>
ST_35 : Operation 143 [3/5] (7.25ns)   --->   "%tmp_2 = fadd float %expx, 2.000000e+00" [r:/builds/2018.3/continuous/2018_12_06_2405991/src/products/hls/hls_lib/hlsmath/include/FloatingPoint\hls_tanh.h:94]   --->   Operation 143 'fadd' 'tmp_2' <Predicate = (!tmp & !tmp_3 & !or_cond & tmp_7 & tmp_8)> <Delay = 7.25> <Core = "FAddSub">   --->   Core 104 'FAddSub' <Latency = 4> <II = 1> <Delay = 7.25> <FuncUnit> <Opcode : 'fadd' 'fsub'> <InPorts = 2> <OutPorts = 1>

State 36 <SV = 35> <Delay = 7.25>
ST_36 : Operation 144 [2/5] (7.25ns)   --->   "%tmp_10 = fadd float %expx, 2.000000e+00" [r:/builds/2018.3/continuous/2018_12_06_2405991/src/products/hls/hls_lib/hlsmath/include/FloatingPoint\hls_tanh.h:99]   --->   Operation 144 'fadd' 'tmp_10' <Predicate = (!tmp & !tmp_3 & !or_cond & tmp_7 & !tmp_8)> <Delay = 7.25> <Core = "FAddSub">   --->   Core 104 'FAddSub' <Latency = 4> <II = 1> <Delay = 7.25> <FuncUnit> <Opcode : 'fadd' 'fsub'> <InPorts = 2> <OutPorts = 1>
ST_36 : Operation 145 [2/5] (7.25ns)   --->   "%tmp_2 = fadd float %expx, 2.000000e+00" [r:/builds/2018.3/continuous/2018_12_06_2405991/src/products/hls/hls_lib/hlsmath/include/FloatingPoint\hls_tanh.h:94]   --->   Operation 145 'fadd' 'tmp_2' <Predicate = (!tmp & !tmp_3 & !or_cond & tmp_7 & tmp_8)> <Delay = 7.25> <Core = "FAddSub">   --->   Core 104 'FAddSub' <Latency = 4> <II = 1> <Delay = 7.25> <FuncUnit> <Opcode : 'fadd' 'fsub'> <InPorts = 2> <OutPorts = 1>

State 37 <SV = 36> <Delay = 7.25>
ST_37 : Operation 146 [1/5] (7.25ns)   --->   "%tmp_10 = fadd float %expx, 2.000000e+00" [r:/builds/2018.3/continuous/2018_12_06_2405991/src/products/hls/hls_lib/hlsmath/include/FloatingPoint\hls_tanh.h:99]   --->   Operation 146 'fadd' 'tmp_10' <Predicate = (!tmp & !tmp_3 & !or_cond & tmp_7 & !tmp_8)> <Delay = 7.25> <Core = "FAddSub">   --->   Core 104 'FAddSub' <Latency = 4> <II = 1> <Delay = 7.25> <FuncUnit> <Opcode : 'fadd' 'fsub'> <InPorts = 2> <OutPorts = 1>
ST_37 : Operation 147 [1/5] (7.25ns)   --->   "%tmp_2 = fadd float %expx, 2.000000e+00" [r:/builds/2018.3/continuous/2018_12_06_2405991/src/products/hls/hls_lib/hlsmath/include/FloatingPoint\hls_tanh.h:94]   --->   Operation 147 'fadd' 'tmp_2' <Predicate = (!tmp & !tmp_3 & !or_cond & tmp_7 & tmp_8)> <Delay = 7.25> <Core = "FAddSub">   --->   Core 104 'FAddSub' <Latency = 4> <II = 1> <Delay = 7.25> <FuncUnit> <Opcode : 'fadd' 'fsub'> <InPorts = 2> <OutPorts = 1>

State 38 <SV = 37> <Delay = 7.06>
ST_38 : Operation 148 [16/16] (6.07ns)   --->   "%tmp_11 = fdiv float 2.000000e+00, %tmp_10" [r:/builds/2018.3/continuous/2018_12_06_2405991/src/products/hls/hls_lib/hlsmath/include/FloatingPoint\hls_tanh.h:99]   --->   Operation 148 'fdiv' 'tmp_11' <Predicate = (!tmp & !tmp_3 & !or_cond & tmp_7 & !tmp_8)> <Delay = 6.07> <Core = "FDiv">   --->   Core 106 'FDiv' <Latency = 15> <II = 1> <Delay = 6.07> <FuncUnit> <Opcode : 'fdiv' 'frem'> <InPorts = 2> <OutPorts = 1>
ST_38 : Operation 149 [1/1] (0.00ns)   --->   "%tmp_79_to_int = bitcast float %expx to i32" [r:/builds/2018.3/continuous/2018_12_06_2405991/src/products/hls/hls_lib/hlsmath/include/FloatingPoint\hls_tanh.h:94]   --->   Operation 149 'bitcast' 'tmp_79_to_int' <Predicate = (!tmp & !tmp_3 & !or_cond & tmp_7 & tmp_8)> <Delay = 0.00>
ST_38 : Operation 150 [1/1] (0.99ns)   --->   "%tmp_79_neg = xor i32 %tmp_79_to_int, -2147483648" [r:/builds/2018.3/continuous/2018_12_06_2405991/src/products/hls/hls_lib/hlsmath/include/FloatingPoint\hls_tanh.h:94]   --->   Operation 150 'xor' 'tmp_79_neg' <Predicate = (!tmp & !tmp_3 & !or_cond & tmp_7 & tmp_8)> <Delay = 0.99> <Core = "LogicGate">   --->   Core 27 'LogicGate' <Latency = 0> <II = 1> <Delay = 0.99> <FuncUnit> <Opcode : 'and' 'or' 'xor'> <InPorts = 2> <OutPorts = 1>
ST_38 : Operation 151 [1/1] (0.00ns)   --->   "%tmp_1 = bitcast i32 %tmp_79_neg to float" [r:/builds/2018.3/continuous/2018_12_06_2405991/src/products/hls/hls_lib/hlsmath/include/FloatingPoint\hls_tanh.h:94]   --->   Operation 151 'bitcast' 'tmp_1' <Predicate = (!tmp & !tmp_3 & !or_cond & tmp_7 & tmp_8)> <Delay = 0.00>
ST_38 : Operation 152 [16/16] (6.07ns)   --->   "%resultf_1 = fdiv float %tmp_1, %tmp_2" [r:/builds/2018.3/continuous/2018_12_06_2405991/src/products/hls/hls_lib/hlsmath/include/FloatingPoint\hls_tanh.h:94]   --->   Operation 152 'fdiv' 'resultf_1' <Predicate = (!tmp & !tmp_3 & !or_cond & tmp_7 & tmp_8)> <Delay = 6.07> <Core = "FDiv">   --->   Core 106 'FDiv' <Latency = 15> <II = 1> <Delay = 6.07> <FuncUnit> <Opcode : 'fdiv' 'frem'> <InPorts = 2> <OutPorts = 1>

State 39 <SV = 38> <Delay = 6.07>
ST_39 : Operation 153 [15/16] (6.07ns)   --->   "%tmp_11 = fdiv float 2.000000e+00, %tmp_10" [r:/builds/2018.3/continuous/2018_12_06_2405991/src/products/hls/hls_lib/hlsmath/include/FloatingPoint\hls_tanh.h:99]   --->   Operation 153 'fdiv' 'tmp_11' <Predicate = (!tmp & !tmp_3 & !or_cond & tmp_7 & !tmp_8)> <Delay = 6.07> <Core = "FDiv">   --->   Core 106 'FDiv' <Latency = 15> <II = 1> <Delay = 6.07> <FuncUnit> <Opcode : 'fdiv' 'frem'> <InPorts = 2> <OutPorts = 1>
ST_39 : Operation 154 [15/16] (6.07ns)   --->   "%resultf_1 = fdiv float %tmp_1, %tmp_2" [r:/builds/2018.3/continuous/2018_12_06_2405991/src/products/hls/hls_lib/hlsmath/include/FloatingPoint\hls_tanh.h:94]   --->   Operation 154 'fdiv' 'resultf_1' <Predicate = (!tmp & !tmp_3 & !or_cond & tmp_7 & tmp_8)> <Delay = 6.07> <Core = "FDiv">   --->   Core 106 'FDiv' <Latency = 15> <II = 1> <Delay = 6.07> <FuncUnit> <Opcode : 'fdiv' 'frem'> <InPorts = 2> <OutPorts = 1>

State 40 <SV = 39> <Delay = 6.07>
ST_40 : Operation 155 [14/16] (6.07ns)   --->   "%tmp_11 = fdiv float 2.000000e+00, %tmp_10" [r:/builds/2018.3/continuous/2018_12_06_2405991/src/products/hls/hls_lib/hlsmath/include/FloatingPoint\hls_tanh.h:99]   --->   Operation 155 'fdiv' 'tmp_11' <Predicate = (!tmp & !tmp_3 & !or_cond & tmp_7 & !tmp_8)> <Delay = 6.07> <Core = "FDiv">   --->   Core 106 'FDiv' <Latency = 15> <II = 1> <Delay = 6.07> <FuncUnit> <Opcode : 'fdiv' 'frem'> <InPorts = 2> <OutPorts = 1>
ST_40 : Operation 156 [14/16] (6.07ns)   --->   "%resultf_1 = fdiv float %tmp_1, %tmp_2" [r:/builds/2018.3/continuous/2018_12_06_2405991/src/products/hls/hls_lib/hlsmath/include/FloatingPoint\hls_tanh.h:94]   --->   Operation 156 'fdiv' 'resultf_1' <Predicate = (!tmp & !tmp_3 & !or_cond & tmp_7 & tmp_8)> <Delay = 6.07> <Core = "FDiv">   --->   Core 106 'FDiv' <Latency = 15> <II = 1> <Delay = 6.07> <FuncUnit> <Opcode : 'fdiv' 'frem'> <InPorts = 2> <OutPorts = 1>

State 41 <SV = 40> <Delay = 6.07>
ST_41 : Operation 157 [13/16] (6.07ns)   --->   "%tmp_11 = fdiv float 2.000000e+00, %tmp_10" [r:/builds/2018.3/continuous/2018_12_06_2405991/src/products/hls/hls_lib/hlsmath/include/FloatingPoint\hls_tanh.h:99]   --->   Operation 157 'fdiv' 'tmp_11' <Predicate = (!tmp & !tmp_3 & !or_cond & tmp_7 & !tmp_8)> <Delay = 6.07> <Core = "FDiv">   --->   Core 106 'FDiv' <Latency = 15> <II = 1> <Delay = 6.07> <FuncUnit> <Opcode : 'fdiv' 'frem'> <InPorts = 2> <OutPorts = 1>
ST_41 : Operation 158 [13/16] (6.07ns)   --->   "%resultf_1 = fdiv float %tmp_1, %tmp_2" [r:/builds/2018.3/continuous/2018_12_06_2405991/src/products/hls/hls_lib/hlsmath/include/FloatingPoint\hls_tanh.h:94]   --->   Operation 158 'fdiv' 'resultf_1' <Predicate = (!tmp & !tmp_3 & !or_cond & tmp_7 & tmp_8)> <Delay = 6.07> <Core = "FDiv">   --->   Core 106 'FDiv' <Latency = 15> <II = 1> <Delay = 6.07> <FuncUnit> <Opcode : 'fdiv' 'frem'> <InPorts = 2> <OutPorts = 1>

State 42 <SV = 41> <Delay = 6.07>
ST_42 : Operation 159 [12/16] (6.07ns)   --->   "%tmp_11 = fdiv float 2.000000e+00, %tmp_10" [r:/builds/2018.3/continuous/2018_12_06_2405991/src/products/hls/hls_lib/hlsmath/include/FloatingPoint\hls_tanh.h:99]   --->   Operation 159 'fdiv' 'tmp_11' <Predicate = (!tmp & !tmp_3 & !or_cond & tmp_7 & !tmp_8)> <Delay = 6.07> <Core = "FDiv">   --->   Core 106 'FDiv' <Latency = 15> <II = 1> <Delay = 6.07> <FuncUnit> <Opcode : 'fdiv' 'frem'> <InPorts = 2> <OutPorts = 1>
ST_42 : Operation 160 [12/16] (6.07ns)   --->   "%resultf_1 = fdiv float %tmp_1, %tmp_2" [r:/builds/2018.3/continuous/2018_12_06_2405991/src/products/hls/hls_lib/hlsmath/include/FloatingPoint\hls_tanh.h:94]   --->   Operation 160 'fdiv' 'resultf_1' <Predicate = (!tmp & !tmp_3 & !or_cond & tmp_7 & tmp_8)> <Delay = 6.07> <Core = "FDiv">   --->   Core 106 'FDiv' <Latency = 15> <II = 1> <Delay = 6.07> <FuncUnit> <Opcode : 'fdiv' 'frem'> <InPorts = 2> <OutPorts = 1>

State 43 <SV = 42> <Delay = 6.07>
ST_43 : Operation 161 [11/16] (6.07ns)   --->   "%tmp_11 = fdiv float 2.000000e+00, %tmp_10" [r:/builds/2018.3/continuous/2018_12_06_2405991/src/products/hls/hls_lib/hlsmath/include/FloatingPoint\hls_tanh.h:99]   --->   Operation 161 'fdiv' 'tmp_11' <Predicate = (!tmp & !tmp_3 & !or_cond & tmp_7 & !tmp_8)> <Delay = 6.07> <Core = "FDiv">   --->   Core 106 'FDiv' <Latency = 15> <II = 1> <Delay = 6.07> <FuncUnit> <Opcode : 'fdiv' 'frem'> <InPorts = 2> <OutPorts = 1>
ST_43 : Operation 162 [11/16] (6.07ns)   --->   "%resultf_1 = fdiv float %tmp_1, %tmp_2" [r:/builds/2018.3/continuous/2018_12_06_2405991/src/products/hls/hls_lib/hlsmath/include/FloatingPoint\hls_tanh.h:94]   --->   Operation 162 'fdiv' 'resultf_1' <Predicate = (!tmp & !tmp_3 & !or_cond & tmp_7 & tmp_8)> <Delay = 6.07> <Core = "FDiv">   --->   Core 106 'FDiv' <Latency = 15> <II = 1> <Delay = 6.07> <FuncUnit> <Opcode : 'fdiv' 'frem'> <InPorts = 2> <OutPorts = 1>

State 44 <SV = 43> <Delay = 6.07>
ST_44 : Operation 163 [10/16] (6.07ns)   --->   "%tmp_11 = fdiv float 2.000000e+00, %tmp_10" [r:/builds/2018.3/continuous/2018_12_06_2405991/src/products/hls/hls_lib/hlsmath/include/FloatingPoint\hls_tanh.h:99]   --->   Operation 163 'fdiv' 'tmp_11' <Predicate = (!tmp & !tmp_3 & !or_cond & tmp_7 & !tmp_8)> <Delay = 6.07> <Core = "FDiv">   --->   Core 106 'FDiv' <Latency = 15> <II = 1> <Delay = 6.07> <FuncUnit> <Opcode : 'fdiv' 'frem'> <InPorts = 2> <OutPorts = 1>
ST_44 : Operation 164 [10/16] (6.07ns)   --->   "%resultf_1 = fdiv float %tmp_1, %tmp_2" [r:/builds/2018.3/continuous/2018_12_06_2405991/src/products/hls/hls_lib/hlsmath/include/FloatingPoint\hls_tanh.h:94]   --->   Operation 164 'fdiv' 'resultf_1' <Predicate = (!tmp & !tmp_3 & !or_cond & tmp_7 & tmp_8)> <Delay = 6.07> <Core = "FDiv">   --->   Core 106 'FDiv' <Latency = 15> <II = 1> <Delay = 6.07> <FuncUnit> <Opcode : 'fdiv' 'frem'> <InPorts = 2> <OutPorts = 1>

State 45 <SV = 44> <Delay = 6.07>
ST_45 : Operation 165 [9/16] (6.07ns)   --->   "%tmp_11 = fdiv float 2.000000e+00, %tmp_10" [r:/builds/2018.3/continuous/2018_12_06_2405991/src/products/hls/hls_lib/hlsmath/include/FloatingPoint\hls_tanh.h:99]   --->   Operation 165 'fdiv' 'tmp_11' <Predicate = (!tmp & !tmp_3 & !or_cond & tmp_7 & !tmp_8)> <Delay = 6.07> <Core = "FDiv">   --->   Core 106 'FDiv' <Latency = 15> <II = 1> <Delay = 6.07> <FuncUnit> <Opcode : 'fdiv' 'frem'> <InPorts = 2> <OutPorts = 1>
ST_45 : Operation 166 [9/16] (6.07ns)   --->   "%resultf_1 = fdiv float %tmp_1, %tmp_2" [r:/builds/2018.3/continuous/2018_12_06_2405991/src/products/hls/hls_lib/hlsmath/include/FloatingPoint\hls_tanh.h:94]   --->   Operation 166 'fdiv' 'resultf_1' <Predicate = (!tmp & !tmp_3 & !or_cond & tmp_7 & tmp_8)> <Delay = 6.07> <Core = "FDiv">   --->   Core 106 'FDiv' <Latency = 15> <II = 1> <Delay = 6.07> <FuncUnit> <Opcode : 'fdiv' 'frem'> <InPorts = 2> <OutPorts = 1>

State 46 <SV = 45> <Delay = 6.07>
ST_46 : Operation 167 [8/16] (6.07ns)   --->   "%tmp_11 = fdiv float 2.000000e+00, %tmp_10" [r:/builds/2018.3/continuous/2018_12_06_2405991/src/products/hls/hls_lib/hlsmath/include/FloatingPoint\hls_tanh.h:99]   --->   Operation 167 'fdiv' 'tmp_11' <Predicate = (!tmp & !tmp_3 & !or_cond & tmp_7 & !tmp_8)> <Delay = 6.07> <Core = "FDiv">   --->   Core 106 'FDiv' <Latency = 15> <II = 1> <Delay = 6.07> <FuncUnit> <Opcode : 'fdiv' 'frem'> <InPorts = 2> <OutPorts = 1>
ST_46 : Operation 168 [8/16] (6.07ns)   --->   "%resultf_1 = fdiv float %tmp_1, %tmp_2" [r:/builds/2018.3/continuous/2018_12_06_2405991/src/products/hls/hls_lib/hlsmath/include/FloatingPoint\hls_tanh.h:94]   --->   Operation 168 'fdiv' 'resultf_1' <Predicate = (!tmp & !tmp_3 & !or_cond & tmp_7 & tmp_8)> <Delay = 6.07> <Core = "FDiv">   --->   Core 106 'FDiv' <Latency = 15> <II = 1> <Delay = 6.07> <FuncUnit> <Opcode : 'fdiv' 'frem'> <InPorts = 2> <OutPorts = 1>

State 47 <SV = 46> <Delay = 6.07>
ST_47 : Operation 169 [7/16] (6.07ns)   --->   "%tmp_11 = fdiv float 2.000000e+00, %tmp_10" [r:/builds/2018.3/continuous/2018_12_06_2405991/src/products/hls/hls_lib/hlsmath/include/FloatingPoint\hls_tanh.h:99]   --->   Operation 169 'fdiv' 'tmp_11' <Predicate = (!tmp & !tmp_3 & !or_cond & tmp_7 & !tmp_8)> <Delay = 6.07> <Core = "FDiv">   --->   Core 106 'FDiv' <Latency = 15> <II = 1> <Delay = 6.07> <FuncUnit> <Opcode : 'fdiv' 'frem'> <InPorts = 2> <OutPorts = 1>
ST_47 : Operation 170 [7/16] (6.07ns)   --->   "%resultf_1 = fdiv float %tmp_1, %tmp_2" [r:/builds/2018.3/continuous/2018_12_06_2405991/src/products/hls/hls_lib/hlsmath/include/FloatingPoint\hls_tanh.h:94]   --->   Operation 170 'fdiv' 'resultf_1' <Predicate = (!tmp & !tmp_3 & !or_cond & tmp_7 & tmp_8)> <Delay = 6.07> <Core = "FDiv">   --->   Core 106 'FDiv' <Latency = 15> <II = 1> <Delay = 6.07> <FuncUnit> <Opcode : 'fdiv' 'frem'> <InPorts = 2> <OutPorts = 1>

State 48 <SV = 47> <Delay = 6.07>
ST_48 : Operation 171 [6/16] (6.07ns)   --->   "%tmp_11 = fdiv float 2.000000e+00, %tmp_10" [r:/builds/2018.3/continuous/2018_12_06_2405991/src/products/hls/hls_lib/hlsmath/include/FloatingPoint\hls_tanh.h:99]   --->   Operation 171 'fdiv' 'tmp_11' <Predicate = (!tmp & !tmp_3 & !or_cond & tmp_7 & !tmp_8)> <Delay = 6.07> <Core = "FDiv">   --->   Core 106 'FDiv' <Latency = 15> <II = 1> <Delay = 6.07> <FuncUnit> <Opcode : 'fdiv' 'frem'> <InPorts = 2> <OutPorts = 1>
ST_48 : Operation 172 [6/16] (6.07ns)   --->   "%resultf_1 = fdiv float %tmp_1, %tmp_2" [r:/builds/2018.3/continuous/2018_12_06_2405991/src/products/hls/hls_lib/hlsmath/include/FloatingPoint\hls_tanh.h:94]   --->   Operation 172 'fdiv' 'resultf_1' <Predicate = (!tmp & !tmp_3 & !or_cond & tmp_7 & tmp_8)> <Delay = 6.07> <Core = "FDiv">   --->   Core 106 'FDiv' <Latency = 15> <II = 1> <Delay = 6.07> <FuncUnit> <Opcode : 'fdiv' 'frem'> <InPorts = 2> <OutPorts = 1>

State 49 <SV = 48> <Delay = 6.07>
ST_49 : Operation 173 [5/16] (6.07ns)   --->   "%tmp_11 = fdiv float 2.000000e+00, %tmp_10" [r:/builds/2018.3/continuous/2018_12_06_2405991/src/products/hls/hls_lib/hlsmath/include/FloatingPoint\hls_tanh.h:99]   --->   Operation 173 'fdiv' 'tmp_11' <Predicate = (!tmp & !tmp_3 & !or_cond & tmp_7 & !tmp_8)> <Delay = 6.07> <Core = "FDiv">   --->   Core 106 'FDiv' <Latency = 15> <II = 1> <Delay = 6.07> <FuncUnit> <Opcode : 'fdiv' 'frem'> <InPorts = 2> <OutPorts = 1>
ST_49 : Operation 174 [5/16] (6.07ns)   --->   "%resultf_1 = fdiv float %tmp_1, %tmp_2" [r:/builds/2018.3/continuous/2018_12_06_2405991/src/products/hls/hls_lib/hlsmath/include/FloatingPoint\hls_tanh.h:94]   --->   Operation 174 'fdiv' 'resultf_1' <Predicate = (!tmp & !tmp_3 & !or_cond & tmp_7 & tmp_8)> <Delay = 6.07> <Core = "FDiv">   --->   Core 106 'FDiv' <Latency = 15> <II = 1> <Delay = 6.07> <FuncUnit> <Opcode : 'fdiv' 'frem'> <InPorts = 2> <OutPorts = 1>

State 50 <SV = 49> <Delay = 6.07>
ST_50 : Operation 175 [4/16] (6.07ns)   --->   "%tmp_11 = fdiv float 2.000000e+00, %tmp_10" [r:/builds/2018.3/continuous/2018_12_06_2405991/src/products/hls/hls_lib/hlsmath/include/FloatingPoint\hls_tanh.h:99]   --->   Operation 175 'fdiv' 'tmp_11' <Predicate = (!tmp & !tmp_3 & !or_cond & tmp_7 & !tmp_8)> <Delay = 6.07> <Core = "FDiv">   --->   Core 106 'FDiv' <Latency = 15> <II = 1> <Delay = 6.07> <FuncUnit> <Opcode : 'fdiv' 'frem'> <InPorts = 2> <OutPorts = 1>
ST_50 : Operation 176 [4/16] (6.07ns)   --->   "%resultf_1 = fdiv float %tmp_1, %tmp_2" [r:/builds/2018.3/continuous/2018_12_06_2405991/src/products/hls/hls_lib/hlsmath/include/FloatingPoint\hls_tanh.h:94]   --->   Operation 176 'fdiv' 'resultf_1' <Predicate = (!tmp & !tmp_3 & !or_cond & tmp_7 & tmp_8)> <Delay = 6.07> <Core = "FDiv">   --->   Core 106 'FDiv' <Latency = 15> <II = 1> <Delay = 6.07> <FuncUnit> <Opcode : 'fdiv' 'frem'> <InPorts = 2> <OutPorts = 1>

State 51 <SV = 50> <Delay = 6.07>
ST_51 : Operation 177 [3/16] (6.07ns)   --->   "%tmp_11 = fdiv float 2.000000e+00, %tmp_10" [r:/builds/2018.3/continuous/2018_12_06_2405991/src/products/hls/hls_lib/hlsmath/include/FloatingPoint\hls_tanh.h:99]   --->   Operation 177 'fdiv' 'tmp_11' <Predicate = (!tmp & !tmp_3 & !or_cond & tmp_7 & !tmp_8)> <Delay = 6.07> <Core = "FDiv">   --->   Core 106 'FDiv' <Latency = 15> <II = 1> <Delay = 6.07> <FuncUnit> <Opcode : 'fdiv' 'frem'> <InPorts = 2> <OutPorts = 1>
ST_51 : Operation 178 [3/16] (6.07ns)   --->   "%resultf_1 = fdiv float %tmp_1, %tmp_2" [r:/builds/2018.3/continuous/2018_12_06_2405991/src/products/hls/hls_lib/hlsmath/include/FloatingPoint\hls_tanh.h:94]   --->   Operation 178 'fdiv' 'resultf_1' <Predicate = (!tmp & !tmp_3 & !or_cond & tmp_7 & tmp_8)> <Delay = 6.07> <Core = "FDiv">   --->   Core 106 'FDiv' <Latency = 15> <II = 1> <Delay = 6.07> <FuncUnit> <Opcode : 'fdiv' 'frem'> <InPorts = 2> <OutPorts = 1>

State 52 <SV = 51> <Delay = 6.07>
ST_52 : Operation 179 [2/16] (6.07ns)   --->   "%tmp_11 = fdiv float 2.000000e+00, %tmp_10" [r:/builds/2018.3/continuous/2018_12_06_2405991/src/products/hls/hls_lib/hlsmath/include/FloatingPoint\hls_tanh.h:99]   --->   Operation 179 'fdiv' 'tmp_11' <Predicate = (!tmp & !tmp_3 & !or_cond & tmp_7 & !tmp_8)> <Delay = 6.07> <Core = "FDiv">   --->   Core 106 'FDiv' <Latency = 15> <II = 1> <Delay = 6.07> <FuncUnit> <Opcode : 'fdiv' 'frem'> <InPorts = 2> <OutPorts = 1>
ST_52 : Operation 180 [2/16] (6.07ns)   --->   "%resultf_1 = fdiv float %tmp_1, %tmp_2" [r:/builds/2018.3/continuous/2018_12_06_2405991/src/products/hls/hls_lib/hlsmath/include/FloatingPoint\hls_tanh.h:94]   --->   Operation 180 'fdiv' 'resultf_1' <Predicate = (!tmp & !tmp_3 & !or_cond & tmp_7 & tmp_8)> <Delay = 6.07> <Core = "FDiv">   --->   Core 106 'FDiv' <Latency = 15> <II = 1> <Delay = 6.07> <FuncUnit> <Opcode : 'fdiv' 'frem'> <InPorts = 2> <OutPorts = 1>

State 53 <SV = 52> <Delay = 6.07>
ST_53 : Operation 181 [1/16] (6.07ns)   --->   "%tmp_11 = fdiv float 2.000000e+00, %tmp_10" [r:/builds/2018.3/continuous/2018_12_06_2405991/src/products/hls/hls_lib/hlsmath/include/FloatingPoint\hls_tanh.h:99]   --->   Operation 181 'fdiv' 'tmp_11' <Predicate = (!tmp & !tmp_3 & !or_cond & tmp_7 & !tmp_8)> <Delay = 6.07> <Core = "FDiv">   --->   Core 106 'FDiv' <Latency = 15> <II = 1> <Delay = 6.07> <FuncUnit> <Opcode : 'fdiv' 'frem'> <InPorts = 2> <OutPorts = 1>
ST_53 : Operation 182 [1/16] (6.07ns)   --->   "%resultf_1 = fdiv float %tmp_1, %tmp_2" [r:/builds/2018.3/continuous/2018_12_06_2405991/src/products/hls/hls_lib/hlsmath/include/FloatingPoint\hls_tanh.h:94]   --->   Operation 182 'fdiv' 'resultf_1' <Predicate = (!tmp & !tmp_3 & !or_cond & tmp_7 & tmp_8)> <Delay = 6.07> <Core = "FDiv">   --->   Core 106 'FDiv' <Latency = 15> <II = 1> <Delay = 6.07> <FuncUnit> <Opcode : 'fdiv' 'frem'> <InPorts = 2> <OutPorts = 1>

State 54 <SV = 53> <Delay = 7.25>
ST_54 : Operation 183 [5/5] (7.25ns)   --->   "%resultf_2 = fsub float 1.000000e+00, %tmp_11" [r:/builds/2018.3/continuous/2018_12_06_2405991/src/products/hls/hls_lib/hlsmath/include/FloatingPoint\hls_tanh.h:99]   --->   Operation 183 'fsub' 'resultf_2' <Predicate = (!tmp & !tmp_3 & !or_cond & tmp_7 & !tmp_8)> <Delay = 7.25> <Core = "FAddSub">   --->   Core 104 'FAddSub' <Latency = 4> <II = 1> <Delay = 7.25> <FuncUnit> <Opcode : 'fadd' 'fsub'> <InPorts = 2> <OutPorts = 1>

State 55 <SV = 54> <Delay = 7.25>
ST_55 : Operation 184 [4/5] (7.25ns)   --->   "%resultf_2 = fsub float 1.000000e+00, %tmp_11" [r:/builds/2018.3/continuous/2018_12_06_2405991/src/products/hls/hls_lib/hlsmath/include/FloatingPoint\hls_tanh.h:99]   --->   Operation 184 'fsub' 'resultf_2' <Predicate = (!tmp & !tmp_3 & !or_cond & tmp_7 & !tmp_8)> <Delay = 7.25> <Core = "FAddSub">   --->   Core 104 'FAddSub' <Latency = 4> <II = 1> <Delay = 7.25> <FuncUnit> <Opcode : 'fadd' 'fsub'> <InPorts = 2> <OutPorts = 1>

State 56 <SV = 55> <Delay = 7.25>
ST_56 : Operation 185 [3/5] (7.25ns)   --->   "%resultf_2 = fsub float 1.000000e+00, %tmp_11" [r:/builds/2018.3/continuous/2018_12_06_2405991/src/products/hls/hls_lib/hlsmath/include/FloatingPoint\hls_tanh.h:99]   --->   Operation 185 'fsub' 'resultf_2' <Predicate = (!tmp & !tmp_3 & !or_cond & tmp_7 & !tmp_8)> <Delay = 7.25> <Core = "FAddSub">   --->   Core 104 'FAddSub' <Latency = 4> <II = 1> <Delay = 7.25> <FuncUnit> <Opcode : 'fadd' 'fsub'> <InPorts = 2> <OutPorts = 1>

State 57 <SV = 56> <Delay = 7.25>
ST_57 : Operation 186 [2/5] (7.25ns)   --->   "%resultf_2 = fsub float 1.000000e+00, %tmp_11" [r:/builds/2018.3/continuous/2018_12_06_2405991/src/products/hls/hls_lib/hlsmath/include/FloatingPoint\hls_tanh.h:99]   --->   Operation 186 'fsub' 'resultf_2' <Predicate = (!tmp & !tmp_3 & !or_cond & tmp_7 & !tmp_8)> <Delay = 7.25> <Core = "FAddSub">   --->   Core 104 'FAddSub' <Latency = 4> <II = 1> <Delay = 7.25> <FuncUnit> <Opcode : 'fadd' 'fsub'> <InPorts = 2> <OutPorts = 1>

State 58 <SV = 57> <Delay = 7.25>
ST_58 : Operation 187 [1/5] (7.25ns)   --->   "%resultf_2 = fsub float 1.000000e+00, %tmp_11" [r:/builds/2018.3/continuous/2018_12_06_2405991/src/products/hls/hls_lib/hlsmath/include/FloatingPoint\hls_tanh.h:99]   --->   Operation 187 'fsub' 'resultf_2' <Predicate = (!tmp & !tmp_3 & !or_cond & tmp_7 & !tmp_8)> <Delay = 7.25> <Core = "FAddSub">   --->   Core 104 'FAddSub' <Latency = 4> <II = 1> <Delay = 7.25> <FuncUnit> <Opcode : 'fadd' 'fsub'> <InPorts = 2> <OutPorts = 1>
ST_58 : Operation 188 [1/1] (1.90ns)   --->   "br label %._crit_edge_ifconv" [r:/builds/2018.3/continuous/2018_12_06_2405991/src/products/hls/hls_lib/hlsmath/include/FloatingPoint\hls_tanh.h:95]   --->   Operation 188 'br' <Predicate = (!tmp & !tmp_3 & !or_cond & tmp_7 & tmp_8)> <Delay = 1.90>
ST_58 : Operation 189 [1/1] (1.90ns)   --->   "br label %._crit_edge_ifconv" [r:/builds/2018.3/continuous/2018_12_06_2405991/src/products/hls/hls_lib/hlsmath/include/FloatingPoint\hls_tanh.h:78]   --->   Operation 189 'br' <Predicate = (!tmp & or_cond) | (!tmp & tmp_3)> <Delay = 1.90>
ST_58 : Operation 190 [1/1] (0.69ns)   --->   "%p_1 = select i1 %tmp_s, float 1.000000e+00, float 0x7FFFFFFFE0000000" [r:/builds/2018.3/continuous/2018_12_06_2405991/src/products/hls/hls_lib/hlsmath/include/FloatingPoint\hls_tanh.h:66]   --->   Operation 190 'select' 'p_1' <Predicate = (tmp)> <Delay = 0.69> <Core = "Sel">   --->   Core 26 'Sel' <Latency = 0> <II = 1> <Delay = 0.69> <FuncUnit> <Opcode : 'select'> <InPorts = 3> <OutPorts = 1>
ST_58 : Operation 191 [1/1] (1.90ns)   --->   "br label %._crit_edge_ifconv" [r:/builds/2018.3/continuous/2018_12_06_2405991/src/products/hls/hls_lib/hlsmath/include/FloatingPoint\hls_tanh.h:66]   --->   Operation 191 'br' <Predicate = (tmp)> <Delay = 1.90>

State 59 <SV = 58> <Delay = 2.89>
ST_59 : Operation 192 [1/1] (1.90ns)   --->   "br label %._crit_edge_ifconv"   --->   Operation 192 'br' <Predicate = (!tmp & !tmp_3 & !or_cond & tmp_7 & !tmp_8)> <Delay = 1.90>
ST_59 : Operation 193 [1/1] (0.00ns)   --->   "%resultf_4 = phi float [ %resultf, %._crit_edge56 ], [ %resultf_1, %6 ], [ %resultf_2, %7 ], [ 1.000000e+00, %._crit_edge57 ], [ %p_1, %1 ]"   --->   Operation 193 'phi' 'resultf_4' <Predicate = true> <Delay = 0.00>
ST_59 : Operation 194 [1/1] (0.00ns) (grouped into LUT with out node p_s)   --->   "%tmp_83_to_int = bitcast float %resultf_4 to i32" [r:/builds/2018.3/continuous/2018_12_06_2405991/src/products/hls/hls_lib/hlsmath/include/FloatingPoint\hls_tanh.h:111]   --->   Operation 194 'bitcast' 'tmp_83_to_int' <Predicate = (p_Result_s)> <Delay = 0.00>
ST_59 : Operation 195 [1/1] (0.00ns) (grouped into LUT with out node p_s)   --->   "%tmp_83_neg = xor i32 %tmp_83_to_int, -2147483648" [r:/builds/2018.3/continuous/2018_12_06_2405991/src/products/hls/hls_lib/hlsmath/include/FloatingPoint\hls_tanh.h:111]   --->   Operation 195 'xor' 'tmp_83_neg' <Predicate = (p_Result_s)> <Delay = 0.00> <Core = "LogicGate">   --->   Core 27 'LogicGate' <Latency = 0> <II = 1> <Delay = 0.99> <FuncUnit> <Opcode : 'and' 'or' 'xor'> <InPorts = 2> <OutPorts = 1>
ST_59 : Operation 196 [1/1] (0.00ns) (grouped into LUT with out node p_s)   --->   "%tmp_12 = bitcast i32 %tmp_83_neg to float" [r:/builds/2018.3/continuous/2018_12_06_2405991/src/products/hls/hls_lib/hlsmath/include/FloatingPoint\hls_tanh.h:111]   --->   Operation 196 'bitcast' 'tmp_12' <Predicate = (p_Result_s)> <Delay = 0.00>
ST_59 : Operation 197 [1/1] (0.99ns) (out node of the LUT)   --->   "%p_s = select i1 %p_Result_s, float %tmp_12, float %resultf_4" [r:/builds/2018.3/continuous/2018_12_06_2405991/src/products/hls/hls_lib/src/hls\utils/x_hls_utils.h:310->r:/builds/2018.3/continuous/2018_12_06_2405991/src/products/hls/hls_lib/src/hls\utils/x_hls_utils.h:319->r:/builds/2018.3/continuous/2018_12_06_2405991/src/products/hls/hls_lib/hlsmath/include/FloatingPoint\hls_tanh.h:60]   --->   Operation 197 'select' 'p_s' <Predicate = true> <Delay = 0.99> <Core = "Sel">   --->   Core 26 'Sel' <Latency = 0> <II = 1> <Delay = 0.69> <FuncUnit> <Opcode : 'select'> <InPorts = 3> <OutPorts = 1>
ST_59 : Operation 198 [1/1] (0.00ns)   --->   "ret float %p_s" [r:/builds/2018.3/continuous/2018_12_06_2405991/src/products/hls/hls_lib/hlsmath/include/FloatingPoint\hls_tanh.h:113]   --->   Operation 198 'ret' <Predicate = true> <Delay = 0.00>


============================================================
+ Verbose Summary: Timing violations
============================================================
Target clock period: 10ns, clock uncertainty: 1.25ns.

 <State 1>: 8.7ns
The critical path consists of the following:
	wire read on port 't_in' (r:/builds/2018.3/continuous/2018_12_06_2405991/src/products/hls/hls_lib/hlsmath/include/FloatingPoint\hls_tanh.h:56) [5]  (0 ns)
	'fcmp' operation ('tmp_7', r:/builds/2018.3/continuous/2018_12_06_2405991/src/products/hls/hls_lib/hlsmath/include/FloatingPoint\hls_tanh.h:79) [24]  (6.79 ns)
	multiplexor before 'phi' operation ('resultf') with incoming values : ('resultf', r:/builds/2018.3/continuous/2018_12_06_2405991/src/products/hls/hls_lib/hlsmath/include/FloatingPoint\hls_tanh.h:99) ('resultf', r:/builds/2018.3/continuous/2018_12_06_2405991/src/products/hls/hls_lib/hlsmath/include/FloatingPoint\hls_tanh.h:94) ('resultf', r:/builds/2018.3/continuous/2018_12_06_2405991/src/products/hls/hls_lib/hlsmath/include/FloatingPoint\hls_tanh.h:77) ('p_1', r:/builds/2018.3/continuous/2018_12_06_2405991/src/products/hls/hls_lib/hlsmath/include/FloatingPoint\hls_tanh.h:66) [70]  (1.91 ns)

 <State 2>: 7.26ns
The critical path consists of the following:
	'fsub' operation ('x', r:/builds/2018.3/continuous/2018_12_06_2405991/src/products/hls/hls_lib/hlsmath/include/FloatingPoint\hls_tanh.h:83) [30]  (7.26 ns)

 <State 3>: 7.26ns
The critical path consists of the following:
	'fsub' operation ('x', r:/builds/2018.3/continuous/2018_12_06_2405991/src/products/hls/hls_lib/hlsmath/include/FloatingPoint\hls_tanh.h:83) [30]  (7.26 ns)

 <State 4>: 7.26ns
The critical path consists of the following:
	'fsub' operation ('x', r:/builds/2018.3/continuous/2018_12_06_2405991/src/products/hls/hls_lib/hlsmath/include/FloatingPoint\hls_tanh.h:83) [30]  (7.26 ns)

 <State 5>: 7.95ns
The critical path consists of the following:
	'fsub' operation ('x', r:/builds/2018.3/continuous/2018_12_06_2405991/src/products/hls/hls_lib/hlsmath/include/FloatingPoint\hls_tanh.h:83) [30]  (7.26 ns)
	'select' operation ('x', r:/builds/2018.3/continuous/2018_12_06_2405991/src/products/hls/hls_lib/hlsmath/include/FloatingPoint\hls_tanh.h:86) [32]  (0.698 ns)

 <State 6>: 5.7ns
The critical path consists of the following:
	'fmul' operation ('resultf', r:/builds/2018.3/continuous/2018_12_06_2405991/src/products/hls/hls_lib/hlsmath/include/FloatingPoint\hls_tanh.h:77) [63]  (5.7 ns)

 <State 7>: 5.7ns
The critical path consists of the following:
	'fmul' operation ('resultf', r:/builds/2018.3/continuous/2018_12_06_2405991/src/products/hls/hls_lib/hlsmath/include/FloatingPoint\hls_tanh.h:77) [63]  (5.7 ns)

 <State 8>: 8.75ns
The critical path consists of the following:
	'call' operation ('tmp_26_i', r:/builds/2018.3/continuous/2018_12_06_2405991/src/products/hls/hls_lib/hlsmath/src/common/hls_exp_float.cpp:11->r:/builds/2018.3/continuous/2018_12_06_2405991/src/products/hls/hls_lib/hlsmath/include/FloatingPoint\hls_tanh.h:89) to 'exp_generic<double>' [42]  (8.75 ns)

 <State 9>: 8.75ns
The critical path consists of the following:
	'call' operation ('tmp_26_i', r:/builds/2018.3/continuous/2018_12_06_2405991/src/products/hls/hls_lib/hlsmath/src/common/hls_exp_float.cpp:11->r:/builds/2018.3/continuous/2018_12_06_2405991/src/products/hls/hls_lib/hlsmath/include/FloatingPoint\hls_tanh.h:89) to 'exp_generic<double>' [42]  (8.75 ns)

 <State 10>: 8.75ns
The critical path consists of the following:
	'call' operation ('tmp_26_i', r:/builds/2018.3/continuous/2018_12_06_2405991/src/products/hls/hls_lib/hlsmath/src/common/hls_exp_float.cpp:11->r:/builds/2018.3/continuous/2018_12_06_2405991/src/products/hls/hls_lib/hlsmath/include/FloatingPoint\hls_tanh.h:89) to 'exp_generic<double>' [42]  (8.75 ns)

 <State 11>: 8.75ns
The critical path consists of the following:
	'call' operation ('tmp_26_i', r:/builds/2018.3/continuous/2018_12_06_2405991/src/products/hls/hls_lib/hlsmath/src/common/hls_exp_float.cpp:11->r:/builds/2018.3/continuous/2018_12_06_2405991/src/products/hls/hls_lib/hlsmath/include/FloatingPoint\hls_tanh.h:89) to 'exp_generic<double>' [42]  (8.75 ns)

 <State 12>: 8.75ns
The critical path consists of the following:
	'call' operation ('tmp_26_i', r:/builds/2018.3/continuous/2018_12_06_2405991/src/products/hls/hls_lib/hlsmath/src/common/hls_exp_float.cpp:11->r:/builds/2018.3/continuous/2018_12_06_2405991/src/products/hls/hls_lib/hlsmath/include/FloatingPoint\hls_tanh.h:89) to 'exp_generic<double>' [42]  (8.75 ns)

 <State 13>: 8.75ns
The critical path consists of the following:
	'call' operation ('tmp_26_i', r:/builds/2018.3/continuous/2018_12_06_2405991/src/products/hls/hls_lib/hlsmath/src/common/hls_exp_float.cpp:11->r:/builds/2018.3/continuous/2018_12_06_2405991/src/products/hls/hls_lib/hlsmath/include/FloatingPoint\hls_tanh.h:89) to 'exp_generic<double>' [42]  (8.75 ns)

 <State 14>: 8.75ns
The critical path consists of the following:
	'call' operation ('tmp_26_i', r:/builds/2018.3/continuous/2018_12_06_2405991/src/products/hls/hls_lib/hlsmath/src/common/hls_exp_float.cpp:11->r:/builds/2018.3/continuous/2018_12_06_2405991/src/products/hls/hls_lib/hlsmath/include/FloatingPoint\hls_tanh.h:89) to 'exp_generic<double>' [42]  (8.75 ns)

 <State 15>: 8.75ns
The critical path consists of the following:
	'call' operation ('tmp_26_i', r:/builds/2018.3/continuous/2018_12_06_2405991/src/products/hls/hls_lib/hlsmath/src/common/hls_exp_float.cpp:11->r:/builds/2018.3/continuous/2018_12_06_2405991/src/products/hls/hls_lib/hlsmath/include/FloatingPoint\hls_tanh.h:89) to 'exp_generic<double>' [42]  (8.75 ns)

 <State 16>: 8.75ns
The critical path consists of the following:
	'call' operation ('tmp_26_i', r:/builds/2018.3/continuous/2018_12_06_2405991/src/products/hls/hls_lib/hlsmath/src/common/hls_exp_float.cpp:11->r:/builds/2018.3/continuous/2018_12_06_2405991/src/products/hls/hls_lib/hlsmath/include/FloatingPoint\hls_tanh.h:89) to 'exp_generic<double>' [42]  (8.75 ns)

 <State 17>: 8.75ns
The critical path consists of the following:
	'call' operation ('tmp_26_i', r:/builds/2018.3/continuous/2018_12_06_2405991/src/products/hls/hls_lib/hlsmath/src/common/hls_exp_float.cpp:11->r:/builds/2018.3/continuous/2018_12_06_2405991/src/products/hls/hls_lib/hlsmath/include/FloatingPoint\hls_tanh.h:89) to 'exp_generic<double>' [42]  (8.75 ns)

 <State 18>: 8.75ns
The critical path consists of the following:
	'call' operation ('tmp_26_i', r:/builds/2018.3/continuous/2018_12_06_2405991/src/products/hls/hls_lib/hlsmath/src/common/hls_exp_float.cpp:11->r:/builds/2018.3/continuous/2018_12_06_2405991/src/products/hls/hls_lib/hlsmath/include/FloatingPoint\hls_tanh.h:89) to 'exp_generic<double>' [42]  (8.75 ns)

 <State 19>: 8.75ns
The critical path consists of the following:
	'call' operation ('tmp_26_i', r:/builds/2018.3/continuous/2018_12_06_2405991/src/products/hls/hls_lib/hlsmath/src/common/hls_exp_float.cpp:11->r:/builds/2018.3/continuous/2018_12_06_2405991/src/products/hls/hls_lib/hlsmath/include/FloatingPoint\hls_tanh.h:89) to 'exp_generic<double>' [42]  (8.75 ns)

 <State 20>: 8.75ns
The critical path consists of the following:
	'call' operation ('tmp_26_i', r:/builds/2018.3/continuous/2018_12_06_2405991/src/products/hls/hls_lib/hlsmath/src/common/hls_exp_float.cpp:11->r:/builds/2018.3/continuous/2018_12_06_2405991/src/products/hls/hls_lib/hlsmath/include/FloatingPoint\hls_tanh.h:89) to 'exp_generic<double>' [42]  (8.75 ns)

 <State 21>: 8.75ns
The critical path consists of the following:
	'call' operation ('tmp_26_i', r:/builds/2018.3/continuous/2018_12_06_2405991/src/products/hls/hls_lib/hlsmath/src/common/hls_exp_float.cpp:11->r:/builds/2018.3/continuous/2018_12_06_2405991/src/products/hls/hls_lib/hlsmath/include/FloatingPoint\hls_tanh.h:89) to 'exp_generic<double>' [42]  (8.75 ns)

 <State 22>: 8.75ns
The critical path consists of the following:
	'call' operation ('tmp_26_i', r:/builds/2018.3/continuous/2018_12_06_2405991/src/products/hls/hls_lib/hlsmath/src/common/hls_exp_float.cpp:11->r:/builds/2018.3/continuous/2018_12_06_2405991/src/products/hls/hls_lib/hlsmath/include/FloatingPoint\hls_tanh.h:89) to 'exp_generic<double>' [42]  (8.75 ns)

 <State 23>: 8.75ns
The critical path consists of the following:
	'call' operation ('tmp_26_i', r:/builds/2018.3/continuous/2018_12_06_2405991/src/products/hls/hls_lib/hlsmath/src/common/hls_exp_float.cpp:11->r:/builds/2018.3/continuous/2018_12_06_2405991/src/products/hls/hls_lib/hlsmath/include/FloatingPoint\hls_tanh.h:89) to 'exp_generic<double>' [42]  (8.75 ns)

 <State 24>: 8.75ns
The critical path consists of the following:
	'call' operation ('tmp_26_i', r:/builds/2018.3/continuous/2018_12_06_2405991/src/products/hls/hls_lib/hlsmath/src/common/hls_exp_float.cpp:11->r:/builds/2018.3/continuous/2018_12_06_2405991/src/products/hls/hls_lib/hlsmath/include/FloatingPoint\hls_tanh.h:89) to 'exp_generic<double>' [42]  (8.75 ns)

 <State 25>: 8.75ns
The critical path consists of the following:
	'call' operation ('tmp_26_i', r:/builds/2018.3/continuous/2018_12_06_2405991/src/products/hls/hls_lib/hlsmath/src/common/hls_exp_float.cpp:11->r:/builds/2018.3/continuous/2018_12_06_2405991/src/products/hls/hls_lib/hlsmath/include/FloatingPoint\hls_tanh.h:89) to 'exp_generic<double>' [42]  (8.75 ns)

 <State 26>: 5.9ns
The critical path consists of the following:
	'call' operation ('tmp_26_i', r:/builds/2018.3/continuous/2018_12_06_2405991/src/products/hls/hls_lib/hlsmath/src/common/hls_exp_float.cpp:11->r:/builds/2018.3/continuous/2018_12_06_2405991/src/products/hls/hls_lib/hlsmath/include/FloatingPoint\hls_tanh.h:89) to 'exp_generic<double>' [42]  (5.9 ns)

 <State 27>: 8.23ns
The critical path consists of the following:
	'dadd' operation ('tmp_27_i', r:/builds/2018.3/continuous/2018_12_06_2405991/src/products/hls/hls_lib/hlsmath/src/common/hls_exp_float.cpp:11->r:/builds/2018.3/continuous/2018_12_06_2405991/src/products/hls/hls_lib/hlsmath/include/FloatingPoint\hls_tanh.h:89) [43]  (8.23 ns)

 <State 28>: 8.23ns
The critical path consists of the following:
	'dadd' operation ('tmp_27_i', r:/builds/2018.3/continuous/2018_12_06_2405991/src/products/hls/hls_lib/hlsmath/src/common/hls_exp_float.cpp:11->r:/builds/2018.3/continuous/2018_12_06_2405991/src/products/hls/hls_lib/hlsmath/include/FloatingPoint\hls_tanh.h:89) [43]  (8.23 ns)

 <State 29>: 8.23ns
The critical path consists of the following:
	'dadd' operation ('tmp_27_i', r:/builds/2018.3/continuous/2018_12_06_2405991/src/products/hls/hls_lib/hlsmath/src/common/hls_exp_float.cpp:11->r:/builds/2018.3/continuous/2018_12_06_2405991/src/products/hls/hls_lib/hlsmath/include/FloatingPoint\hls_tanh.h:89) [43]  (8.23 ns)

 <State 30>: 8.23ns
The critical path consists of the following:
	'dadd' operation ('tmp_27_i', r:/builds/2018.3/continuous/2018_12_06_2405991/src/products/hls/hls_lib/hlsmath/src/common/hls_exp_float.cpp:11->r:/builds/2018.3/continuous/2018_12_06_2405991/src/products/hls/hls_lib/hlsmath/include/FloatingPoint\hls_tanh.h:89) [43]  (8.23 ns)

 <State 31>: 8.23ns
The critical path consists of the following:
	'dadd' operation ('tmp_27_i', r:/builds/2018.3/continuous/2018_12_06_2405991/src/products/hls/hls_lib/hlsmath/src/common/hls_exp_float.cpp:11->r:/builds/2018.3/continuous/2018_12_06_2405991/src/products/hls/hls_lib/hlsmath/include/FloatingPoint\hls_tanh.h:89) [43]  (8.23 ns)

 <State 32>: 6.5ns
The critical path consists of the following:
	'fptrunc' operation ('tmp_28_i', r:/builds/2018.3/continuous/2018_12_06_2405991/src/products/hls/hls_lib/hlsmath/src/common/hls_exp_float.cpp:11->r:/builds/2018.3/continuous/2018_12_06_2405991/src/products/hls/hls_lib/hlsmath/include/FloatingPoint\hls_tanh.h:89) [44]  (6.5 ns)

 <State 33>: 7.26ns
The critical path consists of the following:
	'phi' operation ('x') with incoming values : ('x', r:/builds/2018.3/continuous/2018_12_06_2405991/src/products/hls/hls_lib/hlsmath/include/FloatingPoint\hls_tanh.h:86) ('tmp_28_i', r:/builds/2018.3/continuous/2018_12_06_2405991/src/products/hls/hls_lib/hlsmath/src/common/hls_exp_float.cpp:11->r:/builds/2018.3/continuous/2018_12_06_2405991/src/products/hls/hls_lib/hlsmath/include/FloatingPoint\hls_tanh.h:89) [47]  (0 ns)
	'fadd' operation ('tmp_10', r:/builds/2018.3/continuous/2018_12_06_2405991/src/products/hls/hls_lib/hlsmath/include/FloatingPoint\hls_tanh.h:99) [50]  (7.26 ns)

 <State 34>: 7.26ns
The critical path consists of the following:
	'fadd' operation ('tmp_10', r:/builds/2018.3/continuous/2018_12_06_2405991/src/products/hls/hls_lib/hlsmath/include/FloatingPoint\hls_tanh.h:99) [50]  (7.26 ns)

 <State 35>: 7.26ns
The critical path consists of the following:
	'fadd' operation ('tmp_10', r:/builds/2018.3/continuous/2018_12_06_2405991/src/products/hls/hls_lib/hlsmath/include/FloatingPoint\hls_tanh.h:99) [50]  (7.26 ns)

 <State 36>: 7.26ns
The critical path consists of the following:
	'fadd' operation ('tmp_10', r:/builds/2018.3/continuous/2018_12_06_2405991/src/products/hls/hls_lib/hlsmath/include/FloatingPoint\hls_tanh.h:99) [50]  (7.26 ns)

 <State 37>: 7.26ns
The critical path consists of the following:
	'fadd' operation ('tmp_10', r:/builds/2018.3/continuous/2018_12_06_2405991/src/products/hls/hls_lib/hlsmath/include/FloatingPoint\hls_tanh.h:99) [50]  (7.26 ns)

 <State 38>: 7.07ns
The critical path consists of the following:
	'xor' operation ('tmp_79_neg', r:/builds/2018.3/continuous/2018_12_06_2405991/src/products/hls/hls_lib/hlsmath/include/FloatingPoint\hls_tanh.h:94) [56]  (0.993 ns)
	'fdiv' operation ('resultf', r:/builds/2018.3/continuous/2018_12_06_2405991/src/products/hls/hls_lib/hlsmath/include/FloatingPoint\hls_tanh.h:94) [59]  (6.08 ns)

 <State 39>: 6.08ns
The critical path consists of the following:
	'fdiv' operation ('tmp_11', r:/builds/2018.3/continuous/2018_12_06_2405991/src/products/hls/hls_lib/hlsmath/include/FloatingPoint\hls_tanh.h:99) [51]  (6.08 ns)

 <State 40>: 6.08ns
The critical path consists of the following:
	'fdiv' operation ('tmp_11', r:/builds/2018.3/continuous/2018_12_06_2405991/src/products/hls/hls_lib/hlsmath/include/FloatingPoint\hls_tanh.h:99) [51]  (6.08 ns)

 <State 41>: 6.08ns
The critical path consists of the following:
	'fdiv' operation ('tmp_11', r:/builds/2018.3/continuous/2018_12_06_2405991/src/products/hls/hls_lib/hlsmath/include/FloatingPoint\hls_tanh.h:99) [51]  (6.08 ns)

 <State 42>: 6.08ns
The critical path consists of the following:
	'fdiv' operation ('tmp_11', r:/builds/2018.3/continuous/2018_12_06_2405991/src/products/hls/hls_lib/hlsmath/include/FloatingPoint\hls_tanh.h:99) [51]  (6.08 ns)

 <State 43>: 6.08ns
The critical path consists of the following:
	'fdiv' operation ('tmp_11', r:/builds/2018.3/continuous/2018_12_06_2405991/src/products/hls/hls_lib/hlsmath/include/FloatingPoint\hls_tanh.h:99) [51]  (6.08 ns)

 <State 44>: 6.08ns
The critical path consists of the following:
	'fdiv' operation ('tmp_11', r:/builds/2018.3/continuous/2018_12_06_2405991/src/products/hls/hls_lib/hlsmath/include/FloatingPoint\hls_tanh.h:99) [51]  (6.08 ns)

 <State 45>: 6.08ns
The critical path consists of the following:
	'fdiv' operation ('tmp_11', r:/builds/2018.3/continuous/2018_12_06_2405991/src/products/hls/hls_lib/hlsmath/include/FloatingPoint\hls_tanh.h:99) [51]  (6.08 ns)

 <State 46>: 6.08ns
The critical path consists of the following:
	'fdiv' operation ('tmp_11', r:/builds/2018.3/continuous/2018_12_06_2405991/src/products/hls/hls_lib/hlsmath/include/FloatingPoint\hls_tanh.h:99) [51]  (6.08 ns)

 <State 47>: 6.08ns
The critical path consists of the following:
	'fdiv' operation ('tmp_11', r:/builds/2018.3/continuous/2018_12_06_2405991/src/products/hls/hls_lib/hlsmath/include/FloatingPoint\hls_tanh.h:99) [51]  (6.08 ns)

 <State 48>: 6.08ns
The critical path consists of the following:
	'fdiv' operation ('tmp_11', r:/builds/2018.3/continuous/2018_12_06_2405991/src/products/hls/hls_lib/hlsmath/include/FloatingPoint\hls_tanh.h:99) [51]  (6.08 ns)

 <State 49>: 6.08ns
The critical path consists of the following:
	'fdiv' operation ('tmp_11', r:/builds/2018.3/continuous/2018_12_06_2405991/src/products/hls/hls_lib/hlsmath/include/FloatingPoint\hls_tanh.h:99) [51]  (6.08 ns)

 <State 50>: 6.08ns
The critical path consists of the following:
	'fdiv' operation ('tmp_11', r:/builds/2018.3/continuous/2018_12_06_2405991/src/products/hls/hls_lib/hlsmath/include/FloatingPoint\hls_tanh.h:99) [51]  (6.08 ns)

 <State 51>: 6.08ns
The critical path consists of the following:
	'fdiv' operation ('tmp_11', r:/builds/2018.3/continuous/2018_12_06_2405991/src/products/hls/hls_lib/hlsmath/include/FloatingPoint\hls_tanh.h:99) [51]  (6.08 ns)

 <State 52>: 6.08ns
The critical path consists of the following:
	'fdiv' operation ('tmp_11', r:/builds/2018.3/continuous/2018_12_06_2405991/src/products/hls/hls_lib/hlsmath/include/FloatingPoint\hls_tanh.h:99) [51]  (6.08 ns)

 <State 53>: 6.08ns
The critical path consists of the following:
	'fdiv' operation ('tmp_11', r:/builds/2018.3/continuous/2018_12_06_2405991/src/products/hls/hls_lib/hlsmath/include/FloatingPoint\hls_tanh.h:99) [51]  (6.08 ns)

 <State 54>: 7.26ns
The critical path consists of the following:
	'fsub' operation ('resultf', r:/builds/2018.3/continuous/2018_12_06_2405991/src/products/hls/hls_lib/hlsmath/include/FloatingPoint\hls_tanh.h:99) [52]  (7.26 ns)

 <State 55>: 7.26ns
The critical path consists of the following:
	'fsub' operation ('resultf', r:/builds/2018.3/continuous/2018_12_06_2405991/src/products/hls/hls_lib/hlsmath/include/FloatingPoint\hls_tanh.h:99) [52]  (7.26 ns)

 <State 56>: 7.26ns
The critical path consists of the following:
	'fsub' operation ('resultf', r:/builds/2018.3/continuous/2018_12_06_2405991/src/products/hls/hls_lib/hlsmath/include/FloatingPoint\hls_tanh.h:99) [52]  (7.26 ns)

 <State 57>: 7.26ns
The critical path consists of the following:
	'fsub' operation ('resultf', r:/builds/2018.3/continuous/2018_12_06_2405991/src/products/hls/hls_lib/hlsmath/include/FloatingPoint\hls_tanh.h:99) [52]  (7.26 ns)

 <State 58>: 7.26ns
The critical path consists of the following:
	'fsub' operation ('resultf', r:/builds/2018.3/continuous/2018_12_06_2405991/src/products/hls/hls_lib/hlsmath/include/FloatingPoint\hls_tanh.h:99) [52]  (7.26 ns)

 <State 59>: 2.9ns
The critical path consists of the following:
	multiplexor before 'phi' operation ('resultf') with incoming values : ('resultf', r:/builds/2018.3/continuous/2018_12_06_2405991/src/products/hls/hls_lib/hlsmath/include/FloatingPoint\hls_tanh.h:99) ('resultf', r:/builds/2018.3/continuous/2018_12_06_2405991/src/products/hls/hls_lib/hlsmath/include/FloatingPoint\hls_tanh.h:94) ('resultf', r:/builds/2018.3/continuous/2018_12_06_2405991/src/products/hls/hls_lib/hlsmath/include/FloatingPoint\hls_tanh.h:77) ('p_1', r:/builds/2018.3/continuous/2018_12_06_2405991/src/products/hls/hls_lib/hlsmath/include/FloatingPoint\hls_tanh.h:66) [70]  (1.91 ns)
	'phi' operation ('resultf') with incoming values : ('resultf', r:/builds/2018.3/continuous/2018_12_06_2405991/src/products/hls/hls_lib/hlsmath/include/FloatingPoint\hls_tanh.h:99) ('resultf', r:/builds/2018.3/continuous/2018_12_06_2405991/src/products/hls/hls_lib/hlsmath/include/FloatingPoint\hls_tanh.h:94) ('resultf', r:/builds/2018.3/continuous/2018_12_06_2405991/src/products/hls/hls_lib/hlsmath/include/FloatingPoint\hls_tanh.h:77) ('p_1', r:/builds/2018.3/continuous/2018_12_06_2405991/src/products/hls/hls_lib/hlsmath/include/FloatingPoint\hls_tanh.h:66) [70]  (0 ns)
	'select' operation ('p_s', r:/builds/2018.3/continuous/2018_12_06_2405991/src/products/hls/hls_lib/src/hls\utils/x_hls_utils.h:310->r:/builds/2018.3/continuous/2018_12_06_2405991/src/products/hls/hls_lib/src/hls\utils/x_hls_utils.h:319->r:/builds/2018.3/continuous/2018_12_06_2405991/src/products/hls/hls_lib/hlsmath/include/FloatingPoint\hls_tanh.h:60) [74]  (0.993 ns)


============================================================
+ Verbose Summary: Binding
============================================================
N/A
* FSMD analyzer results:
  - Output states:
 - Input state : 
  - Chain level:
	State 1
	State 2
	State 3
	State 4
	State 5
	State 6
	State 7
	State 8
	State 9
	State 10
	State 11
	State 12
	State 13
	State 14
	State 15
	State 16
	State 17
	State 18
	State 19
	State 20
	State 21
	State 22
	State 23
	State 24
	State 25
	State 26
	State 27
	State 28
	State 29
	State 30
	State 31
	State 32
	State 33
	State 34
	State 35
	State 36
	State 37
	State 38
	State 39
	State 40
	State 41
	State 42
	State 43
	State 44
	State 45
	State 46
	State 47
	State 48
	State 49
	State 50
	State 51
	State 52
	State 53
	State 54
	State 55
	State 56
	State 57
	State 58
	State 59


============================================================
+ Verbose Summary: Datapath Resource usage 
============================================================
N/A
